[2026-03-14T14:58:59.804+0000] {manager.py:470} INFO - Processing files using up to 2 processes at a time 
[2026-03-14T14:58:59.805+0000] {manager.py:471} INFO - Process each file at most once every 30 seconds
[2026-03-14T14:58:59.805+0000] {manager.py:472} INFO - Checking for new files in /opt/airflow/dags every 300 seconds
[2026-03-14T14:58:59.806+0000] {manager.py:737} INFO - Searching for files in /opt/airflow/dags
[2026-03-14T14:58:59.807+0000] {manager.py:740} INFO - There are 0 files in /opt/airflow/dags
[2026-03-14T15:03:59.817+0000] {manager.py:737} INFO - Searching for files in /opt/airflow/dags
[2026-03-14T15:03:59.818+0000] {manager.py:740} INFO - There are 0 files in /opt/airflow/dags
[2026-03-14T15:08:39.584+0000] {manager.py:452} INFO - Exiting gracefully upon receiving signal 15
[2026-03-14T15:11:19.310+0000] {manager.py:470} INFO - Processing files using up to 2 processes at a time 
[2026-03-14T15:11:19.311+0000] {manager.py:471} INFO - Process each file at most once every 30 seconds
[2026-03-14T15:11:19.311+0000] {manager.py:472} INFO - Checking for new files in /opt/airflow/dags every 300 seconds
[2026-03-14T15:11:19.312+0000] {manager.py:737} INFO - Searching for files in /opt/airflow/dags
[2026-03-14T15:11:19.313+0000] {manager.py:740} INFO - There are 0 files in /opt/airflow/dags
[2026-03-14T15:16:20.294+0000] {manager.py:737} INFO - Searching for files in /opt/airflow/dags
[2026-03-14T15:16:20.294+0000] {manager.py:740} INFO - There are 0 files in /opt/airflow/dags
[2026-03-14T15:21:21.262+0000] {manager.py:737} INFO - Searching for files in /opt/airflow/dags
[2026-03-14T15:21:21.263+0000] {manager.py:740} INFO - There are 0 files in /opt/airflow/dags
[2026-03-14T15:26:22.211+0000] {manager.py:737} INFO - Searching for files in /opt/airflow/dags
[2026-03-14T15:26:22.212+0000] {manager.py:740} INFO - There are 0 files in /opt/airflow/dags
[2026-03-14T15:31:23.180+0000] {manager.py:737} INFO - Searching for files in /opt/airflow/dags
[2026-03-14T15:31:23.180+0000] {manager.py:740} INFO - There are 0 files in /opt/airflow/dags
[2026-03-14T15:36:23.198+0000] {manager.py:737} INFO - Searching for files in /opt/airflow/dags
[2026-03-14T15:36:23.199+0000] {manager.py:740} INFO - There are 0 files in /opt/airflow/dags
[2026-03-14T15:41:24.159+0000] {manager.py:737} INFO - Searching for files in /opt/airflow/dags
[2026-03-14T15:41:24.160+0000] {manager.py:740} INFO - There are 0 files in /opt/airflow/dags
[2026-03-14T15:46:25.136+0000] {manager.py:737} INFO - Searching for files in /opt/airflow/dags
[2026-03-14T15:46:25.137+0000] {manager.py:740} INFO - There are 0 files in /opt/airflow/dags
[2026-03-14T15:49:07.431+0000] {manager.py:452} INFO - Exiting gracefully upon receiving signal 15
[2026-03-14T15:50:04.870+0000] {manager.py:470} INFO - Processing files using up to 2 processes at a time 
[2026-03-14T15:50:04.872+0000] {manager.py:471} INFO - Process each file at most once every 30 seconds
[2026-03-14T15:50:04.872+0000] {manager.py:472} INFO - Checking for new files in /opt/airflow/dags every 300 seconds
[2026-03-14T15:50:04.873+0000] {manager.py:737} INFO - Searching for files in /opt/airflow/dags
[2026-03-14T15:50:04.874+0000] {manager.py:740} INFO - There are 0 files in /opt/airflow/dags
[2026-03-14T15:55:04.970+0000] {manager.py:737} INFO - Searching for files in /opt/airflow/dags
[2026-03-14T15:55:04.973+0000] {manager.py:740} INFO - There are 0 files in /opt/airflow/dags
[2026-03-14T15:57:18.362+0000] {manager.py:452} INFO - Exiting gracefully upon receiving signal 15
[2026-03-14T15:59:14.580+0000] {manager.py:470} INFO - Processing files using up to 2 processes at a time 
[2026-03-14T15:59:14.581+0000] {manager.py:471} INFO - Process each file at most once every 30 seconds
[2026-03-14T15:59:14.582+0000] {manager.py:472} INFO - Checking for new files in /opt/airflow/dags every 300 seconds
[2026-03-14T15:59:14.584+0000] {manager.py:737} INFO - Searching for files in /opt/airflow/dags
[2026-03-14T15:59:14.587+0000] {manager.py:740} INFO - There are 0 files in /opt/airflow/dags
[2026-03-14T16:04:14.625+0000] {manager.py:737} INFO - Searching for files in /opt/airflow/dags
[2026-03-14T16:04:14.641+0000] {manager.py:740} INFO - There are 0 files in /opt/airflow/dags
[2026-03-14T16:16:59.890+0000] {manager.py:470} INFO - Processing files using up to 2 processes at a time 
[2026-03-14T16:16:59.891+0000] {manager.py:471} INFO - Process each file at most once every 30 seconds
[2026-03-14T16:16:59.892+0000] {manager.py:472} INFO - Checking for new files in /opt/airflow/dags every 300 seconds
[2026-03-14T16:16:59.893+0000] {manager.py:737} INFO - Searching for files in /opt/airflow/dags
[2026-03-14T16:16:59.894+0000] {manager.py:740} INFO - There are 0 files in /opt/airflow/dags
[2026-03-14T16:22:09.406+0000] {manager.py:737} INFO - Searching for files in /opt/airflow/dags
[2026-03-14T16:22:09.532+0000] {manager.py:740} INFO - There are 0 files in /opt/airflow/dags
[2026-03-14T16:22:25.460+0000] {manager.py:452} INFO - Exiting gracefully upon receiving signal 15
[2026-03-14T16:26:18.477+0000] {manager.py:470} INFO - Processing files using up to 2 processes at a time 
[2026-03-14T16:26:18.478+0000] {manager.py:471} INFO - Process each file at most once every 30 seconds
[2026-03-14T16:26:18.480+0000] {manager.py:472} INFO - Checking for new files in /opt/airflow/dags every 300 seconds
[2026-03-14T16:26:18.481+0000] {manager.py:737} INFO - Searching for files in /opt/airflow/dags
[2026-03-14T16:26:18.482+0000] {manager.py:740} INFO - There are 0 files in /opt/airflow/dags
[2026-03-14T16:29:37.704+0000] {manager.py:452} INFO - Exiting gracefully upon receiving signal 15
[2026-03-14T16:30:26.072+0000] {manager.py:470} INFO - Processing files using up to 2 processes at a time 
[2026-03-14T16:30:26.072+0000] {manager.py:471} INFO - Process each file at most once every 30 seconds
[2026-03-14T16:30:26.073+0000] {manager.py:472} INFO - Checking for new files in /opt/airflow/dags every 300 seconds
[2026-03-14T16:30:26.073+0000] {manager.py:737} INFO - Searching for files in /opt/airflow/dags
[2026-03-14T16:30:26.075+0000] {manager.py:740} INFO - There are 0 files in /opt/airflow/dags
[2026-03-14T16:33:05.106+0000] {manager.py:452} INFO - Exiting gracefully upon receiving signal 15
[2026-03-14T16:33:50.795+0000] {manager.py:470} INFO - Processing files using up to 2 processes at a time 
[2026-03-14T16:33:50.796+0000] {manager.py:471} INFO - Process each file at most once every 30 seconds
[2026-03-14T16:33:50.796+0000] {manager.py:472} INFO - Checking for new files in /opt/airflow/dags every 300 seconds
[2026-03-14T16:33:50.796+0000] {manager.py:737} INFO - Searching for files in /opt/airflow/dags
[2026-03-14T16:33:50.797+0000] {manager.py:740} INFO - There are 0 files in /opt/airflow/dags
[2026-03-14T16:38:50.800+0000] {manager.py:737} INFO - Searching for files in /opt/airflow/dags
[2026-03-14T16:38:50.809+0000] {manager.py:740} INFO - There are 0 files in /opt/airflow/dags
[2026-03-14T16:42:53.901+0000] {manager.py:452} INFO - Exiting gracefully upon receiving signal 15
[2026-03-14T16:46:04.930+0000] {manager.py:470} INFO - Processing files using up to 2 processes at a time 
[2026-03-14T16:46:04.930+0000] {manager.py:471} INFO - Process each file at most once every 30 seconds
[2026-03-14T16:46:04.931+0000] {manager.py:472} INFO - Checking for new files in /opt/airflow/dags every 300 seconds
[2026-03-14T16:46:04.931+0000] {manager.py:737} INFO - Searching for files in /opt/airflow/dags
[2026-03-14T16:46:04.932+0000] {manager.py:740} INFO - There are 0 files in /opt/airflow/dags
[2026-03-14T16:51:05.933+0000] {manager.py:737} INFO - Searching for files in /opt/airflow/dags
[2026-03-14T16:51:05.936+0000] {manager.py:740} INFO - There are 0 files in /opt/airflow/dags
[2026-03-14T16:52:27.091+0000] {manager.py:452} INFO - Exiting gracefully upon receiving signal 15
[2026-03-15T12:59:13.950+0000] {manager.py:470} INFO - Processing files using up to 2 processes at a time 
[2026-03-15T12:59:13.951+0000] {manager.py:471} INFO - Process each file at most once every 30 seconds
[2026-03-15T12:59:13.952+0000] {manager.py:472} INFO - Checking for new files in /opt/airflow/dags every 300 seconds
[2026-03-15T12:59:13.952+0000] {manager.py:737} INFO - Searching for files in /opt/airflow/dags
[2026-03-15T12:59:13.955+0000] {manager.py:740} INFO - There are 0 files in /opt/airflow/dags
[2026-03-15T13:04:13.988+0000] {manager.py:737} INFO - Searching for files in /opt/airflow/dags
[2026-03-15T13:04:13.989+0000] {manager.py:740} INFO - There are 0 files in /opt/airflow/dags
[2026-03-15T13:09:14.935+0000] {manager.py:737} INFO - Searching for files in /opt/airflow/dags
[2026-03-15T13:09:14.936+0000] {manager.py:740} INFO - There are 0 files in /opt/airflow/dags
[2026-03-15T13:14:15.919+0000] {manager.py:737} INFO - Searching for files in /opt/airflow/dags
[2026-03-15T13:14:15.922+0000] {manager.py:740} INFO - There are 0 files in /opt/airflow/dags
[2026-03-15T13:19:16.888+0000] {manager.py:737} INFO - Searching for files in /opt/airflow/dags
[2026-03-15T13:19:16.889+0000] {manager.py:740} INFO - There are 0 files in /opt/airflow/dags
[2026-03-15T13:24:16.908+0000] {manager.py:737} INFO - Searching for files in /opt/airflow/dags
[2026-03-15T13:24:16.908+0000] {manager.py:740} INFO - There are 0 files in /opt/airflow/dags
[2026-03-15T13:29:16.925+0000] {manager.py:737} INFO - Searching for files in /opt/airflow/dags
[2026-03-15T13:29:16.927+0000] {manager.py:740} INFO - There are 0 files in /opt/airflow/dags
[2026-03-15T13:34:17.900+0000] {manager.py:737} INFO - Searching for files in /opt/airflow/dags
[2026-03-15T13:34:17.902+0000] {manager.py:740} INFO - There are 0 files in /opt/airflow/dags
[2026-03-15T13:35:08.088+0000] {manager.py:452} INFO - Exiting gracefully upon receiving signal 15
[2026-03-15T13:37:05.536+0000] {manager.py:470} INFO - Processing files using up to 2 processes at a time 
[2026-03-15T13:37:05.537+0000] {manager.py:471} INFO - Process each file at most once every 30 seconds
[2026-03-15T13:37:05.538+0000] {manager.py:472} INFO - Checking for new files in /opt/airflow/dags every 300 seconds
[2026-03-15T13:37:05.539+0000] {manager.py:737} INFO - Searching for files in /opt/airflow/dags
[2026-03-15T13:37:05.540+0000] {manager.py:740} INFO - There are 0 files in /opt/airflow/dags
[2026-03-15T13:42:05.545+0000] {manager.py:737} INFO - Searching for files in /opt/airflow/dags
[2026-03-15T13:42:05.547+0000] {manager.py:740} INFO - There are 0 files in /opt/airflow/dags
[2026-03-15T13:47:06.503+0000] {manager.py:737} INFO - Searching for files in /opt/airflow/dags
[2026-03-15T13:47:06.504+0000] {manager.py:740} INFO - There are 0 files in /opt/airflow/dags
[2026-03-15T13:52:07.485+0000] {manager.py:737} INFO - Searching for files in /opt/airflow/dags
[2026-03-15T13:52:07.487+0000] {manager.py:740} INFO - There are 0 files in /opt/airflow/dags
[2026-03-15T13:52:54.244+0000] {manager.py:452} INFO - Exiting gracefully upon receiving signal 15
[2026-03-15T13:53:34.153+0000] {manager.py:470} INFO - Processing files using up to 2 processes at a time 
[2026-03-15T13:53:34.154+0000] {manager.py:471} INFO - Process each file at most once every 30 seconds
[2026-03-15T13:53:34.154+0000] {manager.py:472} INFO - Checking for new files in /opt/airflow/dags every 300 seconds
[2026-03-15T13:53:34.155+0000] {manager.py:737} INFO - Searching for files in /opt/airflow/dags
[2026-03-15T13:53:34.156+0000] {manager.py:740} INFO - There are 0 files in /opt/airflow/dags
[2026-03-15T13:57:13.527+0000] {manager.py:452} INFO - Exiting gracefully upon receiving signal 15
[2026-03-15T13:57:46.767+0000] {manager.py:470} INFO - Processing files using up to 2 processes at a time 
[2026-03-15T13:57:46.767+0000] {manager.py:471} INFO - Process each file at most once every 30 seconds
[2026-03-15T13:57:46.768+0000] {manager.py:472} INFO - Checking for new files in /opt/airflow/dags every 300 seconds
[2026-03-15T13:57:46.768+0000] {manager.py:737} INFO - Searching for files in /opt/airflow/dags
[2026-03-15T13:57:46.769+0000] {manager.py:740} INFO - There are 0 files in /opt/airflow/dags
[2026-03-15T14:02:46.784+0000] {manager.py:737} INFO - Searching for files in /opt/airflow/dags
[2026-03-15T14:02:46.785+0000] {manager.py:740} INFO - There are 0 files in /opt/airflow/dags
[2026-03-15T14:04:20.345+0000] {manager.py:452} INFO - Exiting gracefully upon receiving signal 15
[2026-03-15T14:05:05.166+0000] {manager.py:470} INFO - Processing files using up to 2 processes at a time 
[2026-03-15T14:05:05.166+0000] {manager.py:471} INFO - Process each file at most once every 30 seconds
[2026-03-15T14:05:05.167+0000] {manager.py:472} INFO - Checking for new files in /opt/airflow/dags every 300 seconds
[2026-03-15T14:05:05.167+0000] {manager.py:737} INFO - Searching for files in /opt/airflow/dags
[2026-03-15T14:05:05.168+0000] {manager.py:740} INFO - There are 0 files in /opt/airflow/dags
[2026-03-15T14:10:05.176+0000] {manager.py:737} INFO - Searching for files in /opt/airflow/dags
[2026-03-15T14:10:05.177+0000] {manager.py:740} INFO - There are 0 files in /opt/airflow/dags
