[2026-03-15T14:57:30.140+0000] {local_task_job_runner.py:120} INFO - ::group::Pre task execution logs
[2026-03-15T14:57:30.191+0000] {taskinstance.py:2073} INFO - Dependencies all met for dep_context=non-requeueable deps ti=<TaskInstance: dbt_transform.dbt_debug scheduled__2026-03-15T13:00:00+00:00 [queued]>
[2026-03-15T14:57:30.200+0000] {taskinstance.py:2073} INFO - Dependencies all met for dep_context=requeueable deps ti=<TaskInstance: dbt_transform.dbt_debug scheduled__2026-03-15T13:00:00+00:00 [queued]>
[2026-03-15T14:57:30.200+0000] {taskinstance.py:2303} INFO - Starting attempt 1 of 2
[2026-03-15T14:57:30.211+0000] {taskinstance.py:2327} INFO - Executing <Task(BashOperator): dbt_debug> on 2026-03-15 13:00:00+00:00
[2026-03-15T14:57:30.218+0000] {standard_task_runner.py:90} INFO - Running: ['***', 'tasks', 'run', 'dbt_transform', 'dbt_debug', 'scheduled__2026-03-15T13:00:00+00:00', '--job-id', '4', '--raw', '--subdir', 'DAGS_FOLDER/dbt_transform.py', '--cfg-path', '/tmp/tmpfin476kz']
[2026-03-15T14:57:30.220+0000] {standard_task_runner.py:91} INFO - Job 4: Subtask dbt_debug
[2026-03-15T14:57:30.220+0000] {logging_mixin.py:188} WARNING - /home/***/.local/lib/python3.12/site-packages/***/task/task_runner/standard_task_runner.py:61 DeprecationWarning: This process (pid=365) is multi-threaded, use of fork() may lead to deadlocks in the child.
[2026-03-15T14:57:30.221+0000] {standard_task_runner.py:63} INFO - Started process 367 to run task
[2026-03-15T14:57:30.262+0000] {task_command.py:426} INFO - Running <TaskInstance: dbt_transform.dbt_debug scheduled__2026-03-15T13:00:00+00:00 [running]> on host 045e1f29ae66
[2026-03-15T14:57:30.340+0000] {taskinstance.py:2644} INFO - Exporting env vars: AIRFLOW_CTX_DAG_OWNER='***' AIRFLOW_CTX_DAG_ID='dbt_transform' AIRFLOW_CTX_TASK_ID='dbt_debug' AIRFLOW_CTX_EXECUTION_DATE='2026-03-15T13:00:00+00:00' AIRFLOW_CTX_TRY_NUMBER='1' AIRFLOW_CTX_DAG_RUN_ID='scheduled__2026-03-15T13:00:00+00:00'
[2026-03-15T14:57:30.341+0000] {taskinstance.py:430} INFO - ::endgroup::
[2026-03-15T14:57:30.376+0000] {subprocess.py:63} INFO - Tmp dir root location: /tmp
[2026-03-15T14:57:30.377+0000] {subprocess.py:75} INFO - Running command: ['/usr/bin/bash', '-c', 'cd /opt/***/dbt && dbt debug --profiles-dir .']
[2026-03-15T14:57:30.389+0000] {subprocess.py:86} INFO - Output:
[2026-03-15T14:57:32.758+0000] {subprocess.py:93} INFO - [0m14:57:32  Running with dbt=1.7.0
[2026-03-15T14:57:32.759+0000] {subprocess.py:93} INFO - [0m14:57:32  dbt version: 1.7.0
[2026-03-15T14:57:32.760+0000] {subprocess.py:93} INFO - [0m14:57:32  python version: 3.12.2
[2026-03-15T14:57:32.760+0000] {subprocess.py:93} INFO - [0m14:57:32  python path: /home/***/.local/bin/python
[2026-03-15T14:57:32.761+0000] {subprocess.py:93} INFO - [0m14:57:32  os info: Linux-6.17.0-19-generic-x86_64-with-glibc2.36
[2026-03-15T14:57:32.845+0000] {subprocess.py:93} INFO - [0m14:57:32  Using profiles dir at .
[2026-03-15T14:57:32.845+0000] {subprocess.py:93} INFO - [0m14:57:32  Using profiles.yml file at ./profiles.yml
[2026-03-15T14:57:32.846+0000] {subprocess.py:93} INFO - [0m14:57:32  Using dbt_project.yml file at /opt/***/dbt/dbt_project.yml
[2026-03-15T14:57:32.847+0000] {subprocess.py:93} INFO - [0m14:57:32  adapter type: postgres
[2026-03-15T14:57:32.847+0000] {subprocess.py:93} INFO - [0m14:57:32  adapter version: 1.7.0
[2026-03-15T14:57:32.915+0000] {subprocess.py:93} INFO - [0m14:57:32  Configuration:
[2026-03-15T14:57:32.915+0000] {subprocess.py:93} INFO - [0m14:57:32    profiles.yml file [[32mOK found and valid[0m]
[2026-03-15T14:57:32.916+0000] {subprocess.py:93} INFO - [0m14:57:32    dbt_project.yml file [[32mOK found and valid[0m]
[2026-03-15T14:57:32.916+0000] {subprocess.py:93} INFO - [0m14:57:32  Required dependencies:
[2026-03-15T14:57:32.917+0000] {subprocess.py:93} INFO - [0m14:57:32   - git [[31mERROR[0m]
[2026-03-15T14:57:32.918+0000] {subprocess.py:93} INFO - 
[2026-03-15T14:57:32.918+0000] {subprocess.py:93} INFO - [0m14:57:32  Connection:
[2026-03-15T14:57:32.918+0000] {subprocess.py:93} INFO - [0m14:57:32    host: postgres-db
[2026-03-15T14:57:32.919+0000] {subprocess.py:93} INFO - [0m14:57:32    port: 5432
[2026-03-15T14:57:32.919+0000] {subprocess.py:93} INFO - [0m14:57:32    user: sqlpad
[2026-03-15T14:57:32.919+0000] {subprocess.py:93} INFO - [0m14:57:32    database: sqlpad
[2026-03-15T14:57:32.920+0000] {subprocess.py:93} INFO - [0m14:57:32    schema: gold
[2026-03-15T14:57:32.920+0000] {subprocess.py:93} INFO - [0m14:57:32    connect_timeout: 10
[2026-03-15T14:57:32.921+0000] {subprocess.py:93} INFO - [0m14:57:32    role: None
[2026-03-15T14:57:32.921+0000] {subprocess.py:93} INFO - [0m14:57:32    search_path: None
[2026-03-15T14:57:32.921+0000] {subprocess.py:93} INFO - [0m14:57:32    keepalives_idle: 0
[2026-03-15T14:57:32.922+0000] {subprocess.py:93} INFO - [0m14:57:32    sslmode: None
[2026-03-15T14:57:32.922+0000] {subprocess.py:93} INFO - [0m14:57:32    sslcert: None
[2026-03-15T14:57:32.923+0000] {subprocess.py:93} INFO - [0m14:57:32    sslkey: None
[2026-03-15T14:57:32.923+0000] {subprocess.py:93} INFO - [0m14:57:32    sslrootcert: None
[2026-03-15T14:57:32.924+0000] {subprocess.py:93} INFO - [0m14:57:32    application_name: dbt
[2026-03-15T14:57:32.924+0000] {subprocess.py:93} INFO - [0m14:57:32    retries: 1
[2026-03-15T14:57:32.924+0000] {subprocess.py:93} INFO - [0m14:57:32  Registered adapter: postgres=1.7.0
[2026-03-15T14:57:32.934+0000] {subprocess.py:93} INFO - [0m14:57:32    Connection test: [[32mOK connection ok[0m]
[2026-03-15T14:57:32.934+0000] {subprocess.py:93} INFO - 
[2026-03-15T14:57:32.934+0000] {subprocess.py:93} INFO - [0m14:57:32  [31m1 check failed:[0m
[2026-03-15T14:57:32.934+0000] {subprocess.py:93} INFO - [0m14:57:32  Error from git --help: User does not have permissions for this command: "git"
[2026-03-15T14:57:32.935+0000] {subprocess.py:93} INFO - 
[2026-03-15T14:57:34.422+0000] {subprocess.py:97} INFO - Command exited with return code 1
[2026-03-15T14:57:34.424+0000] {taskinstance.py:441} INFO - ::group::Post task execution logs
[2026-03-15T14:57:34.434+0000] {taskinstance.py:2890} ERROR - Task failed with exception
Traceback (most recent call last):
  File "/home/airflow/.local/lib/python3.12/site-packages/airflow/models/taskinstance.py", line 465, in _execute_task
    result = _execute_callable(context=context, **execute_callable_kwargs)
             ^^^^^^^^^^^^^^^^^^^^^^^^^^^^^^^^^^^^^^^^^^^^^^^^^^^^^^^^^^^^^
  File "/home/airflow/.local/lib/python3.12/site-packages/airflow/models/taskinstance.py", line 432, in _execute_callable
    return execute_callable(context=context, **execute_callable_kwargs)
           ^^^^^^^^^^^^^^^^^^^^^^^^^^^^^^^^^^^^^^^^^^^^^^^^^^^^^^^^^^^^
  File "/home/airflow/.local/lib/python3.12/site-packages/airflow/models/baseoperator.py", line 400, in wrapper
    return func(self, *args, **kwargs)
           ^^^^^^^^^^^^^^^^^^^^^^^^^^^
  File "/home/airflow/.local/lib/python3.12/site-packages/airflow/operators/bash.py", line 243, in execute
    raise AirflowException(
airflow.exceptions.AirflowException: Bash command failed. The command returned a non-zero exit code 1.
[2026-03-15T14:57:34.439+0000] {taskinstance.py:1205} INFO - Marking task as UP_FOR_RETRY. dag_id=dbt_transform, task_id=dbt_debug, execution_date=20260315T130000, start_date=20260315T145730, end_date=20260315T145734
[2026-03-15T14:57:34.449+0000] {standard_task_runner.py:110} ERROR - Failed to execute job 4 for task dbt_debug (Bash command failed. The command returned a non-zero exit code 1.; 367)
[2026-03-15T14:57:34.487+0000] {local_task_job_runner.py:240} INFO - Task exited with return code 1
[2026-03-15T14:57:34.509+0000] {taskinstance.py:3482} INFO - 0 downstream tasks scheduled from follow-on schedule check
[2026-03-15T14:57:34.511+0000] {local_task_job_runner.py:222} INFO - ::endgroup::
