[2026-03-16T01:50:01.061+0000] {local_task_job_runner.py:120} INFO - ::group::Pre task execution logs
[2026-03-16T01:50:01.100+0000] {taskinstance.py:2073} INFO - Dependencies all met for dep_context=non-requeueable deps ti=<TaskInstance: dbt_raw_to_gold.dbt_run scheduled__2026-03-16T01:49:00+00:00 [queued]>
[2026-03-16T01:50:01.110+0000] {taskinstance.py:2073} INFO - Dependencies all met for dep_context=requeueable deps ti=<TaskInstance: dbt_raw_to_gold.dbt_run scheduled__2026-03-16T01:49:00+00:00 [queued]>
[2026-03-16T01:50:01.111+0000] {taskinstance.py:2303} INFO - Starting attempt 1 of 2
[2026-03-16T01:50:01.124+0000] {taskinstance.py:2327} INFO - Executing <Task(BashOperator): dbt_run> on 2026-03-16 01:49:00+00:00
[2026-03-16T01:50:01.133+0000] {standard_task_runner.py:90} INFO - Running: ['***', 'tasks', 'run', 'dbt_raw_to_gold', 'dbt_run', 'scheduled__2026-03-16T01:49:00+00:00', '--job-id', '85', '--raw', '--subdir', 'DAGS_FOLDER/dbt_transform_2.py', '--cfg-path', '/tmp/tmp5nofse47']
[2026-03-16T01:50:01.135+0000] {standard_task_runner.py:91} INFO - Job 85: Subtask dbt_run
[2026-03-16T01:50:01.136+0000] {logging_mixin.py:188} WARNING - /home/***/.local/lib/python3.12/site-packages/***/task/task_runner/standard_task_runner.py:61 DeprecationWarning: This process (pid=394) is multi-threaded, use of fork() may lead to deadlocks in the child.
[2026-03-16T01:50:01.137+0000] {standard_task_runner.py:63} INFO - Started process 395 to run task
[2026-03-16T01:50:01.185+0000] {task_command.py:426} INFO - Running <TaskInstance: dbt_raw_to_gold.dbt_run scheduled__2026-03-16T01:49:00+00:00 [running]> on host 4587840e0174
[2026-03-16T01:50:01.288+0000] {taskinstance.py:2644} INFO - Exporting env vars: AIRFLOW_CTX_DAG_OWNER='***' AIRFLOW_CTX_DAG_ID='dbt_raw_to_gold' AIRFLOW_CTX_TASK_ID='dbt_run' AIRFLOW_CTX_EXECUTION_DATE='2026-03-16T01:49:00+00:00' AIRFLOW_CTX_TRY_NUMBER='1' AIRFLOW_CTX_DAG_RUN_ID='scheduled__2026-03-16T01:49:00+00:00'
[2026-03-16T01:50:01.289+0000] {taskinstance.py:430} INFO - ::endgroup::
[2026-03-16T01:50:01.302+0000] {subprocess.py:63} INFO - Tmp dir root location: /tmp
[2026-03-16T01:50:01.303+0000] {subprocess.py:75} INFO - Running command: ['/usr/bin/bash', '-c', 'cd /opt/***/dbt && dbt run --profiles-dir .']
[2026-03-16T01:50:01.319+0000] {subprocess.py:86} INFO - Output:
[2026-03-16T01:50:04.159+0000] {subprocess.py:93} INFO - [0m01:50:04  Running with dbt=1.7.0
[2026-03-16T01:50:04.454+0000] {subprocess.py:93} INFO - [0m01:50:04  Registered adapter: postgres=1.7.0
[2026-03-16T01:50:04.543+0000] {subprocess.py:93} INFO - [0m01:50:04  Found 7 models, 0 sources, 0 exposures, 0 metrics, 401 macros, 0 groups, 0 semantic models
[2026-03-16T01:50:04.546+0000] {subprocess.py:93} INFO - [0m01:50:04
[2026-03-16T01:50:04.625+0000] {subprocess.py:93} INFO - [0m01:50:04  Concurrency: 4 threads (target='dev')
[2026-03-16T01:50:04.626+0000] {subprocess.py:93} INFO - [0m01:50:04
[2026-03-16T01:50:04.637+0000] {subprocess.py:93} INFO - [0m01:50:04  1 of 7 START sql table model gold_.dim_location ................................ [RUN]
[2026-03-16T01:50:04.638+0000] {subprocess.py:93} INFO - [0m01:50:04  2 of 7 START sql table model gold_.dim_songs ................................... [RUN]
[2026-03-16T01:50:04.638+0000] {subprocess.py:93} INFO - [0m01:50:04  3 of 7 START sql table model gold_.dim_time .................................... [RUN]
[2026-03-16T01:50:04.639+0000] {subprocess.py:93} INFO - [0m01:50:04  4 of 7 START sql table model gold_.dim_users ................................... [RUN]
[2026-03-16T01:50:06.680+0000] {subprocess.py:93} INFO - [0m01:50:06  4 of 7 OK created sql table model gold_.dim_users .............................. [[32mSELECT 2934[0m in 2.04s]
[2026-03-16T01:50:06.682+0000] {subprocess.py:93} INFO - [0m01:50:06  5 of 7 START sql table model gold_.fact_page_views ............................. [RUN]
[2026-03-16T01:50:07.174+0000] {subprocess.py:93} INFO - [0m01:50:07  2 of 7 OK created sql table model gold_.dim_songs .............................. [[32mSELECT 135463[0m in 2.53s]
[2026-03-16T01:50:07.176+0000] {subprocess.py:93} INFO - [0m01:50:07  6 of 7 START sql table model gold_.fact_plays .................................. [RUN]
[2026-03-16T01:50:08.281+0000] {subprocess.py:93} INFO - [0m01:50:08  3 of 7 OK created sql table model gold_.dim_time ............................... [[32mSELECT 1114509[0m in 3.64s]
[2026-03-16T01:50:08.284+0000] {subprocess.py:93} INFO - [0m01:50:08  7 of 7 START sql table model gold_.fact_sessions ............................... [RUN]
[2026-03-16T01:50:08.724+0000] {subprocess.py:93} INFO - [0m01:50:08  7 of 7 OK created sql table model gold_.fact_sessions .......................... [[32mSELECT 97890[0m in 0.44s]
[2026-03-16T01:50:09.043+0000] {subprocess.py:93} INFO - [0m01:50:09  1 of 7 OK created sql table model gold_.dim_location ........................... [[32mSELECT 1161[0m in 4.40s]
[2026-03-16T01:50:12.669+0000] {subprocess.py:93} INFO - [0m01:50:12  6 of 7 OK created sql table model gold_.fact_plays ............................. [[32mSELECT 1403568[0m in 5.49s]
[2026-03-16T01:50:13.641+0000] {subprocess.py:93} INFO - [0m01:50:13  5 of 7 OK created sql table model gold_.fact_page_views ........................ [[32mSELECT 1738497[0m in 6.96s]
[2026-03-16T01:50:13.657+0000] {subprocess.py:93} INFO - [0m01:50:13
[2026-03-16T01:50:13.657+0000] {subprocess.py:93} INFO - [0m01:50:13  Finished running 7 table models in 0 hours 0 minutes and 9.11 seconds (9.11s).
[2026-03-16T01:50:13.670+0000] {subprocess.py:93} INFO - [0m01:50:13
[2026-03-16T01:50:13.671+0000] {subprocess.py:93} INFO - [0m01:50:13  [32mCompleted successfully[0m
[2026-03-16T01:50:13.671+0000] {subprocess.py:93} INFO - [0m01:50:13
[2026-03-16T01:50:13.672+0000] {subprocess.py:93} INFO - [0m01:50:13  Done. PASS=7 WARN=0 ERROR=0 SKIP=0 TOTAL=7
[2026-03-16T01:50:15.324+0000] {subprocess.py:97} INFO - Command exited with return code 0
[2026-03-16T01:50:15.325+0000] {taskinstance.py:441} INFO - ::group::Post task execution logs
[2026-03-16T01:50:15.347+0000] {taskinstance.py:1205} INFO - Marking task as SUCCESS. dag_id=dbt_raw_to_gold, task_id=dbt_run, execution_date=20260316T014900, start_date=20260316T015001, end_date=20260316T015015
[2026-03-16T01:50:15.383+0000] {local_task_job_runner.py:240} INFO - Task exited with return code 0
[2026-03-16T01:50:15.401+0000] {taskinstance.py:3482} INFO - 1 downstream tasks scheduled from follow-on schedule check
[2026-03-16T01:50:15.402+0000] {local_task_job_runner.py:222} INFO - ::endgroup::
