[2026-03-16T01:46:23.288+0000] {processor.py:161} INFO - Started process (PID=244) to work on /opt/airflow/dags/dbt_transform.py
[2026-03-16T01:46:23.289+0000] {processor.py:830} INFO - Processing file /opt/airflow/dags/dbt_transform.py for tasks to queue
[2026-03-16T01:46:23.290+0000] {logging_mixin.py:188} INFO - [2026-03-16T01:46:23.290+0000] {dagbag.py:540} INFO - Filling up the DagBag from /opt/airflow/dags/dbt_transform.py
[2026-03-16T01:46:23.300+0000] {processor.py:840} INFO - DAG(s) 'dbt_transform' retrieved from /opt/airflow/dags/dbt_transform.py
[2026-03-16T01:46:23.570+0000] {logging_mixin.py:188} INFO - [2026-03-16T01:46:23.570+0000] {dag.py:3096} INFO - Sync 1 DAGs
[2026-03-16T01:46:23.590+0000] {logging_mixin.py:188} INFO - [2026-03-16T01:46:23.590+0000] {dag.py:3954} INFO - Setting next_dagrun for dbt_transform to 2026-03-16 01:45:00+00:00, run_after=2026-03-16 01:46:00+00:00
[2026-03-16T01:46:23.606+0000] {processor.py:183} INFO - Processing /opt/airflow/dags/dbt_transform.py took 0.322 seconds
[2026-03-16T01:46:53.728+0000] {processor.py:161} INFO - Started process (PID=276) to work on /opt/airflow/dags/dbt_transform.py
[2026-03-16T01:46:53.728+0000] {processor.py:830} INFO - Processing file /opt/airflow/dags/dbt_transform.py for tasks to queue
[2026-03-16T01:46:53.729+0000] {logging_mixin.py:188} INFO - [2026-03-16T01:46:53.729+0000] {dagbag.py:540} INFO - Filling up the DagBag from /opt/airflow/dags/dbt_transform.py
[2026-03-16T01:46:53.739+0000] {processor.py:840} INFO - DAG(s) 'dbt_transform' retrieved from /opt/airflow/dags/dbt_transform.py
[2026-03-16T01:46:53.762+0000] {logging_mixin.py:188} INFO - [2026-03-16T01:46:53.762+0000] {dag.py:3096} INFO - Sync 1 DAGs
[2026-03-16T01:46:53.780+0000] {logging_mixin.py:188} INFO - [2026-03-16T01:46:53.780+0000] {dag.py:3954} INFO - Setting next_dagrun for dbt_transform to 2026-03-16 01:45:00+00:00, run_after=2026-03-16 01:46:00+00:00
[2026-03-16T01:46:53.794+0000] {processor.py:183} INFO - Processing /opt/airflow/dags/dbt_transform.py took 0.070 seconds
[2026-03-16T01:47:23.859+0000] {processor.py:161} INFO - Started process (PID=303) to work on /opt/airflow/dags/dbt_transform.py
[2026-03-16T01:47:23.860+0000] {processor.py:830} INFO - Processing file /opt/airflow/dags/dbt_transform.py for tasks to queue
[2026-03-16T01:47:23.861+0000] {logging_mixin.py:188} INFO - [2026-03-16T01:47:23.861+0000] {dagbag.py:540} INFO - Filling up the DagBag from /opt/airflow/dags/dbt_transform.py
[2026-03-16T01:47:23.873+0000] {processor.py:840} INFO - DAG(s) 'dbt_transform' retrieved from /opt/airflow/dags/dbt_transform.py
[2026-03-16T01:47:23.899+0000] {logging_mixin.py:188} INFO - [2026-03-16T01:47:23.898+0000] {dag.py:3096} INFO - Sync 1 DAGs
[2026-03-16T01:47:23.919+0000] {logging_mixin.py:188} INFO - [2026-03-16T01:47:23.919+0000] {dag.py:3954} INFO - Setting next_dagrun for dbt_transform to 2026-03-16 01:46:00+00:00, run_after=2026-03-16 01:47:00+00:00
[2026-03-16T01:47:23.937+0000] {processor.py:183} INFO - Processing /opt/airflow/dags/dbt_transform.py took 0.083 seconds
[2026-03-16T01:47:54.076+0000] {processor.py:161} INFO - Started process (PID=313) to work on /opt/airflow/dags/dbt_transform.py
[2026-03-16T01:47:54.076+0000] {processor.py:830} INFO - Processing file /opt/airflow/dags/dbt_transform.py for tasks to queue
[2026-03-16T01:47:54.077+0000] {logging_mixin.py:188} INFO - [2026-03-16T01:47:54.077+0000] {dagbag.py:540} INFO - Filling up the DagBag from /opt/airflow/dags/dbt_transform.py
[2026-03-16T01:47:54.086+0000] {processor.py:840} INFO - DAG(s) 'dbt_transform' retrieved from /opt/airflow/dags/dbt_transform.py
[2026-03-16T01:47:54.107+0000] {logging_mixin.py:188} INFO - [2026-03-16T01:47:54.107+0000] {dag.py:3096} INFO - Sync 1 DAGs
[2026-03-16T01:47:54.125+0000] {logging_mixin.py:188} INFO - [2026-03-16T01:47:54.124+0000] {dag.py:3954} INFO - Setting next_dagrun for dbt_transform to 2026-03-16 01:46:00+00:00, run_after=2026-03-16 01:47:00+00:00
[2026-03-16T01:47:54.142+0000] {processor.py:183} INFO - Processing /opt/airflow/dags/dbt_transform.py took 0.071 seconds
[2026-03-16T01:48:24.194+0000] {processor.py:161} INFO - Started process (PID=340) to work on /opt/airflow/dags/dbt_transform.py
[2026-03-16T01:48:24.195+0000] {processor.py:830} INFO - Processing file /opt/airflow/dags/dbt_transform.py for tasks to queue
[2026-03-16T01:48:24.196+0000] {logging_mixin.py:188} INFO - [2026-03-16T01:48:24.196+0000] {dagbag.py:540} INFO - Filling up the DagBag from /opt/airflow/dags/dbt_transform.py
[2026-03-16T01:48:24.206+0000] {processor.py:840} INFO - DAG(s) 'dbt_transform' retrieved from /opt/airflow/dags/dbt_transform.py
[2026-03-16T01:48:24.230+0000] {logging_mixin.py:188} INFO - [2026-03-16T01:48:24.230+0000] {dag.py:3096} INFO - Sync 1 DAGs
[2026-03-16T01:48:24.250+0000] {logging_mixin.py:188} INFO - [2026-03-16T01:48:24.249+0000] {dag.py:3954} INFO - Setting next_dagrun for dbt_transform to 2026-03-16 01:47:00+00:00, run_after=2026-03-16 01:48:00+00:00
[2026-03-16T01:48:24.266+0000] {processor.py:183} INFO - Processing /opt/airflow/dags/dbt_transform.py took 0.077 seconds
[2026-03-16T01:48:54.412+0000] {processor.py:161} INFO - Started process (PID=350) to work on /opt/airflow/dags/dbt_transform.py
[2026-03-16T01:48:54.412+0000] {processor.py:830} INFO - Processing file /opt/airflow/dags/dbt_transform.py for tasks to queue
[2026-03-16T01:48:54.414+0000] {logging_mixin.py:188} INFO - [2026-03-16T01:48:54.414+0000] {dagbag.py:540} INFO - Filling up the DagBag from /opt/airflow/dags/dbt_transform.py
[2026-03-16T01:48:54.427+0000] {processor.py:840} INFO - DAG(s) 'dbt_transform' retrieved from /opt/airflow/dags/dbt_transform.py
[2026-03-16T01:48:54.456+0000] {logging_mixin.py:188} INFO - [2026-03-16T01:48:54.456+0000] {dag.py:3096} INFO - Sync 1 DAGs
[2026-03-16T01:48:54.498+0000] {logging_mixin.py:188} INFO - [2026-03-16T01:48:54.498+0000] {dag.py:3954} INFO - Setting next_dagrun for dbt_transform to 2026-03-16 01:47:00+00:00, run_after=2026-03-16 01:48:00+00:00
[2026-03-16T01:48:54.520+0000] {processor.py:183} INFO - Processing /opt/airflow/dags/dbt_transform.py took 0.115 seconds
[2026-03-16T01:49:24.666+0000] {processor.py:161} INFO - Started process (PID=377) to work on /opt/airflow/dags/dbt_transform.py
[2026-03-16T01:49:24.667+0000] {processor.py:830} INFO - Processing file /opt/airflow/dags/dbt_transform.py for tasks to queue
[2026-03-16T01:49:24.668+0000] {logging_mixin.py:188} INFO - [2026-03-16T01:49:24.668+0000] {dagbag.py:540} INFO - Filling up the DagBag from /opt/airflow/dags/dbt_transform.py
[2026-03-16T01:49:24.679+0000] {processor.py:840} INFO - DAG(s) 'dbt_transform' retrieved from /opt/airflow/dags/dbt_transform.py
[2026-03-16T01:49:24.708+0000] {logging_mixin.py:188} INFO - [2026-03-16T01:49:24.708+0000] {dag.py:3096} INFO - Sync 1 DAGs
[2026-03-16T01:49:24.732+0000] {logging_mixin.py:188} INFO - [2026-03-16T01:49:24.732+0000] {dag.py:3954} INFO - Setting next_dagrun for dbt_transform to 2026-03-16 01:48:00+00:00, run_after=2026-03-16 01:49:00+00:00
[2026-03-16T01:49:24.751+0000] {processor.py:183} INFO - Processing /opt/airflow/dags/dbt_transform.py took 0.090 seconds
[2026-03-16T01:49:54.865+0000] {processor.py:161} INFO - Started process (PID=389) to work on /opt/airflow/dags/dbt_transform.py
[2026-03-16T01:49:54.866+0000] {processor.py:830} INFO - Processing file /opt/airflow/dags/dbt_transform.py for tasks to queue
[2026-03-16T01:49:54.868+0000] {logging_mixin.py:188} INFO - [2026-03-16T01:49:54.868+0000] {dagbag.py:540} INFO - Filling up the DagBag from /opt/airflow/dags/dbt_transform.py
[2026-03-16T01:49:54.878+0000] {processor.py:840} INFO - DAG(s) 'dbt_transform' retrieved from /opt/airflow/dags/dbt_transform.py
[2026-03-16T01:49:54.903+0000] {logging_mixin.py:188} INFO - [2026-03-16T01:49:54.903+0000] {dag.py:3096} INFO - Sync 1 DAGs
[2026-03-16T01:49:54.924+0000] {logging_mixin.py:188} INFO - [2026-03-16T01:49:54.923+0000] {dag.py:3954} INFO - Setting next_dagrun for dbt_transform to 2026-03-16 01:48:00+00:00, run_after=2026-03-16 01:49:00+00:00
[2026-03-16T01:49:54.938+0000] {processor.py:183} INFO - Processing /opt/airflow/dags/dbt_transform.py took 0.078 seconds
[2026-03-16T01:50:25.045+0000] {processor.py:161} INFO - Started process (PID=412) to work on /opt/airflow/dags/dbt_transform.py
[2026-03-16T01:50:25.047+0000] {processor.py:830} INFO - Processing file /opt/airflow/dags/dbt_transform.py for tasks to queue
[2026-03-16T01:50:25.054+0000] {logging_mixin.py:188} INFO - [2026-03-16T01:50:25.053+0000] {dagbag.py:540} INFO - Filling up the DagBag from /opt/airflow/dags/dbt_transform.py
[2026-03-16T01:50:25.100+0000] {processor.py:840} INFO - DAG(s) 'dbt_transform' retrieved from /opt/airflow/dags/dbt_transform.py
[2026-03-16T01:50:25.155+0000] {logging_mixin.py:188} INFO - [2026-03-16T01:50:25.155+0000] {dag.py:3096} INFO - Sync 1 DAGs
[2026-03-16T01:50:25.188+0000] {logging_mixin.py:188} INFO - [2026-03-16T01:50:25.188+0000] {dag.py:3954} INFO - Setting next_dagrun for dbt_transform to 2026-03-16 01:49:00+00:00, run_after=2026-03-16 01:50:00+00:00
[2026-03-16T01:50:25.208+0000] {processor.py:183} INFO - Processing /opt/airflow/dags/dbt_transform.py took 0.198 seconds
[2026-03-16T01:50:55.336+0000] {processor.py:161} INFO - Started process (PID=424) to work on /opt/airflow/dags/dbt_transform.py
[2026-03-16T01:50:55.336+0000] {processor.py:830} INFO - Processing file /opt/airflow/dags/dbt_transform.py for tasks to queue
[2026-03-16T01:50:55.338+0000] {logging_mixin.py:188} INFO - [2026-03-16T01:50:55.338+0000] {dagbag.py:540} INFO - Filling up the DagBag from /opt/airflow/dags/dbt_transform.py
[2026-03-16T01:50:55.348+0000] {processor.py:840} INFO - DAG(s) 'dbt_transform' retrieved from /opt/airflow/dags/dbt_transform.py
[2026-03-16T01:50:55.380+0000] {logging_mixin.py:188} INFO - [2026-03-16T01:50:55.379+0000] {dag.py:3096} INFO - Sync 1 DAGs
[2026-03-16T01:50:55.401+0000] {logging_mixin.py:188} INFO - [2026-03-16T01:50:55.401+0000] {dag.py:3954} INFO - Setting next_dagrun for dbt_transform to 2026-03-16 01:49:00+00:00, run_after=2026-03-16 01:50:00+00:00
[2026-03-16T01:50:55.415+0000] {processor.py:183} INFO - Processing /opt/airflow/dags/dbt_transform.py took 0.084 seconds
[2026-03-16T01:51:25.561+0000] {processor.py:161} INFO - Started process (PID=451) to work on /opt/airflow/dags/dbt_transform.py
[2026-03-16T01:51:25.561+0000] {processor.py:830} INFO - Processing file /opt/airflow/dags/dbt_transform.py for tasks to queue
[2026-03-16T01:51:25.563+0000] {logging_mixin.py:188} INFO - [2026-03-16T01:51:25.563+0000] {dagbag.py:540} INFO - Filling up the DagBag from /opt/airflow/dags/dbt_transform.py
[2026-03-16T01:51:25.574+0000] {processor.py:840} INFO - DAG(s) 'dbt_transform' retrieved from /opt/airflow/dags/dbt_transform.py
[2026-03-16T01:51:25.604+0000] {logging_mixin.py:188} INFO - [2026-03-16T01:51:25.604+0000] {dag.py:3096} INFO - Sync 1 DAGs
[2026-03-16T01:51:25.630+0000] {logging_mixin.py:188} INFO - [2026-03-16T01:51:25.629+0000] {dag.py:3954} INFO - Setting next_dagrun for dbt_transform to 2026-03-16 01:50:00+00:00, run_after=2026-03-16 01:51:00+00:00
[2026-03-16T01:51:25.649+0000] {processor.py:183} INFO - Processing /opt/airflow/dags/dbt_transform.py took 0.093 seconds
[2026-03-16T01:51:55.695+0000] {processor.py:161} INFO - Started process (PID=461) to work on /opt/airflow/dags/dbt_transform.py
[2026-03-16T01:51:55.696+0000] {processor.py:830} INFO - Processing file /opt/airflow/dags/dbt_transform.py for tasks to queue
[2026-03-16T01:51:55.697+0000] {logging_mixin.py:188} INFO - [2026-03-16T01:51:55.697+0000] {dagbag.py:540} INFO - Filling up the DagBag from /opt/airflow/dags/dbt_transform.py
[2026-03-16T01:51:55.708+0000] {processor.py:840} INFO - DAG(s) 'dbt_transform' retrieved from /opt/airflow/dags/dbt_transform.py
[2026-03-16T01:51:55.732+0000] {logging_mixin.py:188} INFO - [2026-03-16T01:51:55.731+0000] {dag.py:3096} INFO - Sync 1 DAGs
[2026-03-16T01:51:55.750+0000] {logging_mixin.py:188} INFO - [2026-03-16T01:51:55.750+0000] {dag.py:3954} INFO - Setting next_dagrun for dbt_transform to 2026-03-16 01:50:00+00:00, run_after=2026-03-16 01:51:00+00:00
[2026-03-16T01:51:55.765+0000] {processor.py:183} INFO - Processing /opt/airflow/dags/dbt_transform.py took 0.074 seconds
[2026-03-16T01:52:25.895+0000] {processor.py:161} INFO - Started process (PID=488) to work on /opt/airflow/dags/dbt_transform.py
[2026-03-16T01:52:25.895+0000] {processor.py:830} INFO - Processing file /opt/airflow/dags/dbt_transform.py for tasks to queue
[2026-03-16T01:52:25.897+0000] {logging_mixin.py:188} INFO - [2026-03-16T01:52:25.897+0000] {dagbag.py:540} INFO - Filling up the DagBag from /opt/airflow/dags/dbt_transform.py
[2026-03-16T01:52:25.909+0000] {processor.py:840} INFO - DAG(s) 'dbt_transform' retrieved from /opt/airflow/dags/dbt_transform.py
[2026-03-16T01:52:25.941+0000] {logging_mixin.py:188} INFO - [2026-03-16T01:52:25.941+0000] {dag.py:3096} INFO - Sync 1 DAGs
[2026-03-16T01:52:25.964+0000] {logging_mixin.py:188} INFO - [2026-03-16T01:52:25.964+0000] {dag.py:3954} INFO - Setting next_dagrun for dbt_transform to 2026-03-16 01:51:00+00:00, run_after=2026-03-16 01:52:00+00:00
[2026-03-16T01:52:25.980+0000] {processor.py:183} INFO - Processing /opt/airflow/dags/dbt_transform.py took 0.091 seconds
[2026-03-16T01:52:56.026+0000] {processor.py:161} INFO - Started process (PID=498) to work on /opt/airflow/dags/dbt_transform.py
[2026-03-16T01:52:56.026+0000] {processor.py:830} INFO - Processing file /opt/airflow/dags/dbt_transform.py for tasks to queue
[2026-03-16T01:52:56.028+0000] {logging_mixin.py:188} INFO - [2026-03-16T01:52:56.028+0000] {dagbag.py:540} INFO - Filling up the DagBag from /opt/airflow/dags/dbt_transform.py
[2026-03-16T01:52:56.040+0000] {processor.py:840} INFO - DAG(s) 'dbt_transform' retrieved from /opt/airflow/dags/dbt_transform.py
[2026-03-16T01:52:56.068+0000] {logging_mixin.py:188} INFO - [2026-03-16T01:52:56.068+0000] {dag.py:3096} INFO - Sync 1 DAGs
[2026-03-16T01:52:56.088+0000] {logging_mixin.py:188} INFO - [2026-03-16T01:52:56.088+0000] {dag.py:3954} INFO - Setting next_dagrun for dbt_transform to 2026-03-16 01:51:00+00:00, run_after=2026-03-16 01:52:00+00:00
[2026-03-16T01:52:56.102+0000] {processor.py:183} INFO - Processing /opt/airflow/dags/dbt_transform.py took 0.083 seconds
[2026-03-16T01:53:26.196+0000] {processor.py:161} INFO - Started process (PID=525) to work on /opt/airflow/dags/dbt_transform.py
[2026-03-16T01:53:26.196+0000] {processor.py:830} INFO - Processing file /opt/airflow/dags/dbt_transform.py for tasks to queue
[2026-03-16T01:53:26.198+0000] {logging_mixin.py:188} INFO - [2026-03-16T01:53:26.197+0000] {dagbag.py:540} INFO - Filling up the DagBag from /opt/airflow/dags/dbt_transform.py
[2026-03-16T01:53:26.209+0000] {processor.py:840} INFO - DAG(s) 'dbt_transform' retrieved from /opt/airflow/dags/dbt_transform.py
[2026-03-16T01:53:26.230+0000] {logging_mixin.py:188} INFO - [2026-03-16T01:53:26.229+0000] {dag.py:3096} INFO - Sync 1 DAGs
[2026-03-16T01:53:26.253+0000] {logging_mixin.py:188} INFO - [2026-03-16T01:53:26.252+0000] {dag.py:3954} INFO - Setting next_dagrun for dbt_transform to 2026-03-16 01:52:00+00:00, run_after=2026-03-16 01:53:00+00:00
[2026-03-16T01:53:26.271+0000] {processor.py:183} INFO - Processing /opt/airflow/dags/dbt_transform.py took 0.080 seconds
