[2026-03-15T16:49:38.291+0000] {local_task_job_runner.py:120} INFO - ::group::Pre task execution logs
[2026-03-15T16:49:38.319+0000] {taskinstance.py:2073} INFO - Dependencies all met for dep_context=non-requeueable deps ti=<TaskInstance: dbt_raw_to_gold.dbt_run manual__2026-03-15T16:49:38.023928+00:00 [queued]>
[2026-03-15T16:49:38.325+0000] {taskinstance.py:2073} INFO - Dependencies all met for dep_context=requeueable deps ti=<TaskInstance: dbt_raw_to_gold.dbt_run manual__2026-03-15T16:49:38.023928+00:00 [queued]>
[2026-03-15T16:49:38.325+0000] {taskinstance.py:2303} INFO - Starting attempt 1 of 2
[2026-03-15T16:49:38.335+0000] {taskinstance.py:2327} INFO - Executing <Task(BashOperator): dbt_run> on 2026-03-15 16:49:38.023928+00:00
[2026-03-15T16:49:38.344+0000] {logging_mixin.py:188} WARNING - /home/***/.local/lib/python3.12/site-packages/***/task/task_runner/standard_task_runner.py:61 DeprecationWarning: This process (pid=840) is multi-threaded, use of fork() may lead to deadlocks in the child.
[2026-03-15T16:49:38.345+0000] {standard_task_runner.py:63} INFO - Started process 843 to run task
[2026-03-15T16:49:38.345+0000] {standard_task_runner.py:90} INFO - Running: ['***', 'tasks', 'run', 'dbt_raw_to_gold', 'dbt_run', 'manual__2026-03-15T16:49:38.023928+00:00', '--job-id', '47', '--raw', '--subdir', 'DAGS_FOLDER/dbt_transform_2.py', '--cfg-path', '/tmp/tmpfq2tz4s4']
[2026-03-15T16:49:38.346+0000] {standard_task_runner.py:91} INFO - Job 47: Subtask dbt_run
[2026-03-15T16:49:38.384+0000] {task_command.py:426} INFO - Running <TaskInstance: dbt_raw_to_gold.dbt_run manual__2026-03-15T16:49:38.023928+00:00 [running]> on host 1442dacb8816
[2026-03-15T16:49:38.464+0000] {taskinstance.py:2644} INFO - Exporting env vars: AIRFLOW_CTX_DAG_OWNER='***' AIRFLOW_CTX_DAG_ID='dbt_raw_to_gold' AIRFLOW_CTX_TASK_ID='dbt_run' AIRFLOW_CTX_EXECUTION_DATE='2026-03-15T16:49:38.023928+00:00' AIRFLOW_CTX_TRY_NUMBER='1' AIRFLOW_CTX_DAG_RUN_ID='manual__2026-03-15T16:49:38.023928+00:00'
[2026-03-15T16:49:38.465+0000] {taskinstance.py:430} INFO - ::endgroup::
[2026-03-15T16:49:38.477+0000] {subprocess.py:63} INFO - Tmp dir root location: /tmp
[2026-03-15T16:49:38.478+0000] {subprocess.py:75} INFO - Running command: ['/usr/bin/bash', '-c', 'cd /opt/***/dbt && dbt run --profiles-dir .']
[2026-03-15T16:49:38.492+0000] {subprocess.py:86} INFO - Output:
[2026-03-15T16:49:40.799+0000] {subprocess.py:93} INFO - [0m16:49:40  Running with dbt=1.7.0
[2026-03-15T16:49:41.050+0000] {subprocess.py:93} INFO - [0m16:49:41  Registered adapter: postgres=1.7.0
[2026-03-15T16:49:41.106+0000] {subprocess.py:93} INFO - [0m16:49:41  Found 7 models, 0 sources, 0 exposures, 0 metrics, 401 macros, 0 groups, 0 semantic models
[2026-03-15T16:49:41.108+0000] {subprocess.py:93} INFO - [0m16:49:41
[2026-03-15T16:49:41.151+0000] {subprocess.py:93} INFO - [0m16:49:41
[2026-03-15T16:49:41.151+0000] {subprocess.py:93} INFO - [0m16:49:41  Finished running  in 0 hours 0 minutes and 0.04 seconds (0.04s).
[2026-03-15T16:49:41.152+0000] {subprocess.py:93} INFO - [0m16:49:41  Encountered an error:
[2026-03-15T16:49:41.152+0000] {subprocess.py:93} INFO - Database Error
[2026-03-15T16:49:41.152+0000] {subprocess.py:93} INFO -   duplicate key value violates unique constraint "pg_namespace_nspname_index"
[2026-03-15T16:49:41.153+0000] {subprocess.py:93} INFO -   DETAIL:  Key (nspname)=(gold_) already exists.
[2026-03-15T16:49:42.754+0000] {subprocess.py:97} INFO - Command exited with return code 2
[2026-03-15T16:49:42.755+0000] {taskinstance.py:441} INFO - ::group::Post task execution logs
[2026-03-15T16:49:42.767+0000] {taskinstance.py:2890} ERROR - Task failed with exception
Traceback (most recent call last):
  File "/home/airflow/.local/lib/python3.12/site-packages/airflow/models/taskinstance.py", line 465, in _execute_task
    result = _execute_callable(context=context, **execute_callable_kwargs)
             ^^^^^^^^^^^^^^^^^^^^^^^^^^^^^^^^^^^^^^^^^^^^^^^^^^^^^^^^^^^^^
  File "/home/airflow/.local/lib/python3.12/site-packages/airflow/models/taskinstance.py", line 432, in _execute_callable
    return execute_callable(context=context, **execute_callable_kwargs)
           ^^^^^^^^^^^^^^^^^^^^^^^^^^^^^^^^^^^^^^^^^^^^^^^^^^^^^^^^^^^^
  File "/home/airflow/.local/lib/python3.12/site-packages/airflow/models/baseoperator.py", line 400, in wrapper
    return func(self, *args, **kwargs)
           ^^^^^^^^^^^^^^^^^^^^^^^^^^^
  File "/home/airflow/.local/lib/python3.12/site-packages/airflow/operators/bash.py", line 243, in execute
    raise AirflowException(
airflow.exceptions.AirflowException: Bash command failed. The command returned a non-zero exit code 2.
[2026-03-15T16:49:42.771+0000] {taskinstance.py:1205} INFO - Marking task as UP_FOR_RETRY. dag_id=dbt_raw_to_gold, task_id=dbt_run, execution_date=20260315T164938, start_date=20260315T164938, end_date=20260315T164942
[2026-03-15T16:49:42.781+0000] {standard_task_runner.py:110} ERROR - Failed to execute job 47 for task dbt_run (Bash command failed. The command returned a non-zero exit code 2.; 843)
[2026-03-15T16:49:42.807+0000] {local_task_job_runner.py:240} INFO - Task exited with return code 1
[2026-03-15T16:49:42.831+0000] {taskinstance.py:3482} INFO - 0 downstream tasks scheduled from follow-on schedule check
[2026-03-15T16:49:42.833+0000] {local_task_job_runner.py:222} INFO - ::endgroup::
