[2026-03-15T16:49:38.292+0000] {local_task_job_runner.py:120} INFO - ::group::Pre task execution logs
[2026-03-15T16:49:38.319+0000] {taskinstance.py:2073} INFO - Dependencies all met for dep_context=non-requeueable deps ti=<TaskInstance: dbt_raw_to_gold.dbt_run scheduled__2026-03-15T16:48:00+00:00 [queued]>
[2026-03-15T16:49:38.325+0000] {taskinstance.py:2073} INFO - Dependencies all met for dep_context=requeueable deps ti=<TaskInstance: dbt_raw_to_gold.dbt_run scheduled__2026-03-15T16:48:00+00:00 [queued]>
[2026-03-15T16:49:38.325+0000] {taskinstance.py:2303} INFO - Starting attempt 1 of 2
[2026-03-15T16:49:38.336+0000] {taskinstance.py:2327} INFO - Executing <Task(BashOperator): dbt_run> on 2026-03-15 16:48:00+00:00
[2026-03-15T16:49:38.344+0000] {logging_mixin.py:188} WARNING - /home/***/.local/lib/python3.12/site-packages/***/task/task_runner/standard_task_runner.py:61 DeprecationWarning: This process (pid=841) is multi-threaded, use of fork() may lead to deadlocks in the child.
[2026-03-15T16:49:38.345+0000] {standard_task_runner.py:63} INFO - Started process 842 to run task
[2026-03-15T16:49:38.344+0000] {standard_task_runner.py:90} INFO - Running: ['***', 'tasks', 'run', 'dbt_raw_to_gold', 'dbt_run', 'scheduled__2026-03-15T16:48:00+00:00', '--job-id', '48', '--raw', '--subdir', 'DAGS_FOLDER/dbt_transform_2.py', '--cfg-path', '/tmp/tmpww9x_41a']
[2026-03-15T16:49:38.345+0000] {standard_task_runner.py:91} INFO - Job 48: Subtask dbt_run
[2026-03-15T16:49:38.383+0000] {task_command.py:426} INFO - Running <TaskInstance: dbt_raw_to_gold.dbt_run scheduled__2026-03-15T16:48:00+00:00 [running]> on host 1442dacb8816
[2026-03-15T16:49:38.464+0000] {taskinstance.py:2644} INFO - Exporting env vars: AIRFLOW_CTX_DAG_OWNER='***' AIRFLOW_CTX_DAG_ID='dbt_raw_to_gold' AIRFLOW_CTX_TASK_ID='dbt_run' AIRFLOW_CTX_EXECUTION_DATE='2026-03-15T16:48:00+00:00' AIRFLOW_CTX_TRY_NUMBER='1' AIRFLOW_CTX_DAG_RUN_ID='scheduled__2026-03-15T16:48:00+00:00'
[2026-03-15T16:49:38.465+0000] {taskinstance.py:430} INFO - ::endgroup::
[2026-03-15T16:49:38.477+0000] {subprocess.py:63} INFO - Tmp dir root location: /tmp
[2026-03-15T16:49:38.478+0000] {subprocess.py:75} INFO - Running command: ['/usr/bin/bash', '-c', 'cd /opt/***/dbt && dbt run --profiles-dir .']
[2026-03-15T16:49:38.492+0000] {subprocess.py:86} INFO - Output:
[2026-03-15T16:49:40.795+0000] {subprocess.py:93} INFO - [0m16:49:40  Running with dbt=1.7.0
[2026-03-15T16:49:41.050+0000] {subprocess.py:93} INFO - [0m16:49:41  Registered adapter: postgres=1.7.0
[2026-03-15T16:49:41.107+0000] {subprocess.py:93} INFO - [0m16:49:41  Found 7 models, 0 sources, 0 exposures, 0 metrics, 401 macros, 0 groups, 0 semantic models
[2026-03-15T16:49:41.109+0000] {subprocess.py:93} INFO - [0m16:49:41
[2026-03-15T16:49:41.183+0000] {subprocess.py:93} INFO - [0m16:49:41  Concurrency: 4 threads (target='dev')
[2026-03-15T16:49:41.183+0000] {subprocess.py:93} INFO - [0m16:49:41
[2026-03-15T16:49:41.193+0000] {subprocess.py:93} INFO - [0m16:49:41  1 of 7 START sql table model gold_.dim_location ................................ [RUN]
[2026-03-15T16:49:41.193+0000] {subprocess.py:93} INFO - [0m16:49:41  2 of 7 START sql table model gold_.dim_songs ................................... [RUN]
[2026-03-15T16:49:41.194+0000] {subprocess.py:93} INFO - [0m16:49:41  3 of 7 START sql table model gold_.dim_time .................................... [RUN]
[2026-03-15T16:49:41.194+0000] {subprocess.py:93} INFO - [0m16:49:41  4 of 7 START sql table model gold_.dim_users ................................... [RUN]
[2026-03-15T16:49:42.481+0000] {subprocess.py:93} INFO - [0m16:49:42  4 of 7 OK created sql table model gold_.dim_users .............................. [[32mSELECT 2393[0m in 1.28s]
[2026-03-15T16:49:42.483+0000] {subprocess.py:93} INFO - [0m16:49:42  5 of 7 START sql table model gold_.fact_page_views ............................. [RUN]
[2026-03-15T16:49:43.108+0000] {subprocess.py:93} INFO - [0m16:49:43  2 of 7 OK created sql table model gold_.dim_songs .............................. [[32mSELECT 135385[0m in 1.91s]
[2026-03-15T16:49:43.109+0000] {subprocess.py:93} INFO - [0m16:49:43  6 of 7 START sql table model gold_.fact_plays .................................. [RUN]
[2026-03-15T16:49:43.286+0000] {subprocess.py:93} INFO - [0m16:49:43  3 of 7 OK created sql table model gold_.dim_time ............................... [[32mSELECT 1113613[0m in 2.09s]
[2026-03-15T16:49:43.288+0000] {subprocess.py:93} INFO - [0m16:49:43  7 of 7 START sql table model gold_.fact_sessions ............................... [RUN]
[2026-03-15T16:49:43.391+0000] {subprocess.py:93} INFO - [0m16:49:43  7 of 7 OK created sql table model gold_.fact_sessions .......................... [[32mSELECT 21450[0m in 0.10s]
[2026-03-15T16:49:44.584+0000] {subprocess.py:93} INFO - [0m16:49:44  1 of 7 OK created sql table model gold_.dim_location ........................... [[32mSELECT 769[0m in 3.39s]
[2026-03-15T16:49:47.398+0000] {subprocess.py:93} INFO - [0m16:49:47  5 of 7 OK created sql table model gold_.fact_page_views ........................ [[32mSELECT 1640642[0m in 4.91s]
[2026-03-15T16:49:48.090+0000] {subprocess.py:93} INFO - [0m16:49:48  6 of 7 OK created sql table model gold_.fact_plays ............................. [[32mSELECT 1402332[0m in 4.98s]
[2026-03-15T16:49:48.105+0000] {subprocess.py:93} INFO - [0m16:49:48
[2026-03-15T16:49:48.106+0000] {subprocess.py:93} INFO - [0m16:49:48  Finished running 7 table models in 0 hours 0 minutes and 7.00 seconds (7.00s).
[2026-03-15T16:49:48.116+0000] {subprocess.py:93} INFO - [0m16:49:48
[2026-03-15T16:49:48.117+0000] {subprocess.py:93} INFO - [0m16:49:48  [32mCompleted successfully[0m
[2026-03-15T16:49:48.117+0000] {subprocess.py:93} INFO - [0m16:49:48
[2026-03-15T16:49:48.118+0000] {subprocess.py:93} INFO - [0m16:49:48  Done. PASS=7 WARN=0 ERROR=0 SKIP=0 TOTAL=7
[2026-03-15T16:49:49.716+0000] {subprocess.py:97} INFO - Command exited with return code 0
[2026-03-15T16:49:49.717+0000] {taskinstance.py:441} INFO - ::group::Post task execution logs
[2026-03-15T16:49:49.738+0000] {taskinstance.py:1205} INFO - Marking task as SUCCESS. dag_id=dbt_raw_to_gold, task_id=dbt_run, execution_date=20260315T164800, start_date=20260315T164938, end_date=20260315T164949
[2026-03-15T16:49:49.767+0000] {local_task_job_runner.py:240} INFO - Task exited with return code 0
[2026-03-15T16:49:49.787+0000] {taskinstance.py:3482} INFO - 1 downstream tasks scheduled from follow-on schedule check
[2026-03-15T16:49:49.789+0000] {local_task_job_runner.py:222} INFO - ::endgroup::
