[2026-03-15T16:55:00.884+0000] {local_task_job_runner.py:120} INFO - ::group::Pre task execution logs
[2026-03-15T16:55:00.911+0000] {taskinstance.py:2073} INFO - Dependencies all met for dep_context=non-requeueable deps ti=<TaskInstance: dbt_raw_to_gold.dbt_run scheduled__2026-03-15T16:54:00+00:00 [queued]>
[2026-03-15T16:55:00.916+0000] {taskinstance.py:2073} INFO - Dependencies all met for dep_context=requeueable deps ti=<TaskInstance: dbt_raw_to_gold.dbt_run scheduled__2026-03-15T16:54:00+00:00 [queued]>
[2026-03-15T16:55:00.916+0000] {taskinstance.py:2303} INFO - Starting attempt 1 of 2
[2026-03-15T16:55:00.927+0000] {taskinstance.py:2327} INFO - Executing <Task(BashOperator): dbt_run> on 2026-03-15 16:54:00+00:00
[2026-03-15T16:55:00.935+0000] {logging_mixin.py:188} WARNING - /home/***/.local/lib/python3.12/site-packages/***/task/task_runner/standard_task_runner.py:61 DeprecationWarning: This process (pid=1069) is multi-threaded, use of fork() may lead to deadlocks in the child.
[2026-03-15T16:55:00.936+0000] {standard_task_runner.py:63} INFO - Started process 1070 to run task
[2026-03-15T16:55:00.935+0000] {standard_task_runner.py:90} INFO - Running: ['***', 'tasks', 'run', 'dbt_raw_to_gold', 'dbt_run', 'scheduled__2026-03-15T16:54:00+00:00', '--job-id', '62', '--raw', '--subdir', 'DAGS_FOLDER/dbt_transform_2.py', '--cfg-path', '/tmp/tmpoo81rgg6']
[2026-03-15T16:55:00.937+0000] {standard_task_runner.py:91} INFO - Job 62: Subtask dbt_run
[2026-03-15T16:55:00.976+0000] {task_command.py:426} INFO - Running <TaskInstance: dbt_raw_to_gold.dbt_run scheduled__2026-03-15T16:54:00+00:00 [running]> on host 1442dacb8816
[2026-03-15T16:55:01.053+0000] {taskinstance.py:2644} INFO - Exporting env vars: AIRFLOW_CTX_DAG_OWNER='***' AIRFLOW_CTX_DAG_ID='dbt_raw_to_gold' AIRFLOW_CTX_TASK_ID='dbt_run' AIRFLOW_CTX_EXECUTION_DATE='2026-03-15T16:54:00+00:00' AIRFLOW_CTX_TRY_NUMBER='1' AIRFLOW_CTX_DAG_RUN_ID='scheduled__2026-03-15T16:54:00+00:00'
[2026-03-15T16:55:01.054+0000] {taskinstance.py:430} INFO - ::endgroup::
[2026-03-15T16:55:01.065+0000] {subprocess.py:63} INFO - Tmp dir root location: /tmp
[2026-03-15T16:55:01.066+0000] {subprocess.py:75} INFO - Running command: ['/usr/bin/bash', '-c', 'cd /opt/***/dbt && dbt run --profiles-dir .']
[2026-03-15T16:55:01.078+0000] {subprocess.py:86} INFO - Output:
[2026-03-15T16:55:03.445+0000] {subprocess.py:93} INFO - [0m16:55:03  Running with dbt=1.7.0
[2026-03-15T16:55:03.709+0000] {subprocess.py:93} INFO - [0m16:55:03  Registered adapter: postgres=1.7.0
[2026-03-15T16:55:03.760+0000] {subprocess.py:93} INFO - [0m16:55:03  Found 7 models, 0 sources, 0 exposures, 0 metrics, 401 macros, 0 groups, 0 semantic models
[2026-03-15T16:55:03.763+0000] {subprocess.py:93} INFO - [0m16:55:03
[2026-03-15T16:55:03.824+0000] {subprocess.py:93} INFO - [0m16:55:03  Concurrency: 4 threads (target='dev')
[2026-03-15T16:55:03.825+0000] {subprocess.py:93} INFO - [0m16:55:03
[2026-03-15T16:55:03.835+0000] {subprocess.py:93} INFO - [0m16:55:03  1 of 7 START sql table model gold_.dim_location ................................ [RUN]
[2026-03-15T16:55:03.836+0000] {subprocess.py:93} INFO - [0m16:55:03  2 of 7 START sql table model gold_.dim_songs ................................... [RUN]
[2026-03-15T16:55:03.836+0000] {subprocess.py:93} INFO - [0m16:55:03  3 of 7 START sql table model gold_.dim_time .................................... [RUN]
[2026-03-15T16:55:03.837+0000] {subprocess.py:93} INFO - [0m16:55:03  4 of 7 START sql table model gold_.dim_users ................................... [RUN]
[2026-03-15T16:55:05.550+0000] {subprocess.py:93} INFO - [0m16:55:05  4 of 7 OK created sql table model gold_.dim_users .............................. [[32mSELECT 2393[0m in 1.71s]
[2026-03-15T16:55:05.552+0000] {subprocess.py:93} INFO - [0m16:55:05  5 of 7 START sql table model gold_.fact_page_views ............................. [RUN]
[2026-03-15T16:55:05.846+0000] {subprocess.py:93} INFO - [0m16:55:05  2 of 7 OK created sql table model gold_.dim_songs .............................. [[32mSELECT 135385[0m in 2.01s]
[2026-03-15T16:55:05.847+0000] {subprocess.py:93} INFO - [0m16:55:05  6 of 7 START sql table model gold_.fact_plays .................................. [RUN]
[2026-03-15T16:55:05.954+0000] {subprocess.py:93} INFO - [0m16:55:05  3 of 7 OK created sql table model gold_.dim_time ............................... [[32mSELECT 1113613[0m in 2.11s]
[2026-03-15T16:55:05.956+0000] {subprocess.py:93} INFO - [0m16:55:05  7 of 7 START sql table model gold_.fact_sessions ............................... [RUN]
[2026-03-15T16:55:06.174+0000] {subprocess.py:93} INFO - [0m16:55:06  7 of 7 OK created sql table model gold_.fact_sessions .......................... [[32mSELECT 21450[0m in 0.22s]
[2026-03-15T16:55:08.104+0000] {subprocess.py:93} INFO - [0m16:55:08  1 of 7 OK created sql table model gold_.dim_location ........................... [[32mSELECT 769[0m in 4.27s]
[2026-03-15T16:55:10.905+0000] {subprocess.py:93} INFO - [0m16:55:10  5 of 7 OK created sql table model gold_.fact_page_views ........................ [[32mSELECT 1640642[0m in 5.35s]
[2026-03-15T16:55:11.477+0000] {subprocess.py:93} INFO - [0m16:55:11  6 of 7 OK created sql table model gold_.fact_plays ............................. [[32mSELECT 1402332[0m in 5.63s]
[2026-03-15T16:55:11.492+0000] {subprocess.py:93} INFO - [0m16:55:11
[2026-03-15T16:55:11.493+0000] {subprocess.py:93} INFO - [0m16:55:11  Finished running 7 table models in 0 hours 0 minutes and 7.73 seconds (7.73s).
[2026-03-15T16:55:11.505+0000] {subprocess.py:93} INFO - [0m16:55:11
[2026-03-15T16:55:11.505+0000] {subprocess.py:93} INFO - [0m16:55:11  [32mCompleted successfully[0m
[2026-03-15T16:55:11.505+0000] {subprocess.py:93} INFO - [0m16:55:11
[2026-03-15T16:55:11.506+0000] {subprocess.py:93} INFO - [0m16:55:11  Done. PASS=7 WARN=0 ERROR=0 SKIP=0 TOTAL=7
[2026-03-15T16:55:13.014+0000] {subprocess.py:97} INFO - Command exited with return code 0
[2026-03-15T16:55:13.014+0000] {taskinstance.py:441} INFO - ::group::Post task execution logs
[2026-03-15T16:55:13.036+0000] {taskinstance.py:1205} INFO - Marking task as SUCCESS. dag_id=dbt_raw_to_gold, task_id=dbt_run, execution_date=20260315T165400, start_date=20260315T165500, end_date=20260315T165513
[2026-03-15T16:55:13.057+0000] {local_task_job_runner.py:240} INFO - Task exited with return code 0
[2026-03-15T16:55:13.073+0000] {taskinstance.py:3482} INFO - 1 downstream tasks scheduled from follow-on schedule check
[2026-03-15T16:55:13.076+0000] {local_task_job_runner.py:222} INFO - ::endgroup::
