[2026-03-15T16:45:50.841+0000] {local_task_job_runner.py:120} INFO - ::group::Pre task execution logs
[2026-03-15T16:45:50.866+0000] {taskinstance.py:2073} INFO - Dependencies all met for dep_context=non-requeueable deps ti=<TaskInstance: dbt_raw_to_gold.dbt_run scheduled__2026-03-15T15:00:00+00:00 [queued]>
[2026-03-15T16:45:50.871+0000] {taskinstance.py:2073} INFO - Dependencies all met for dep_context=requeueable deps ti=<TaskInstance: dbt_raw_to_gold.dbt_run scheduled__2026-03-15T15:00:00+00:00 [queued]>
[2026-03-15T16:45:50.871+0000] {taskinstance.py:2303} INFO - Starting attempt 1 of 2
[2026-03-15T16:45:50.880+0000] {taskinstance.py:2327} INFO - Executing <Task(BashOperator): dbt_run> on 2026-03-15 15:00:00+00:00
[2026-03-15T16:45:50.888+0000] {logging_mixin.py:188} WARNING - /home/***/.local/lib/python3.12/site-packages/***/task/task_runner/standard_task_runner.py:61 DeprecationWarning: This process (pid=709) is multi-threaded, use of fork() may lead to deadlocks in the child.
[2026-03-15T16:45:50.889+0000] {standard_task_runner.py:63} INFO - Started process 711 to run task
[2026-03-15T16:45:50.888+0000] {standard_task_runner.py:90} INFO - Running: ['***', 'tasks', 'run', 'dbt_raw_to_gold', 'dbt_run', 'scheduled__2026-03-15T15:00:00+00:00', '--job-id', '42', '--raw', '--subdir', 'DAGS_FOLDER/dbt_transform_2.py', '--cfg-path', '/tmp/tmpiw6qiu0s']
[2026-03-15T16:45:50.889+0000] {standard_task_runner.py:91} INFO - Job 42: Subtask dbt_run
[2026-03-15T16:45:50.926+0000] {task_command.py:426} INFO - Running <TaskInstance: dbt_raw_to_gold.dbt_run scheduled__2026-03-15T15:00:00+00:00 [running]> on host 1442dacb8816
[2026-03-15T16:45:50.989+0000] {taskinstance.py:2644} INFO - Exporting env vars: AIRFLOW_CTX_DAG_OWNER='***' AIRFLOW_CTX_DAG_ID='dbt_raw_to_gold' AIRFLOW_CTX_TASK_ID='dbt_run' AIRFLOW_CTX_EXECUTION_DATE='2026-03-15T15:00:00+00:00' AIRFLOW_CTX_TRY_NUMBER='1' AIRFLOW_CTX_DAG_RUN_ID='scheduled__2026-03-15T15:00:00+00:00'
[2026-03-15T16:45:50.990+0000] {taskinstance.py:430} INFO - ::endgroup::
[2026-03-15T16:45:51.001+0000] {subprocess.py:63} INFO - Tmp dir root location: /tmp
[2026-03-15T16:45:51.001+0000] {subprocess.py:75} INFO - Running command: ['/usr/bin/bash', '-c', 'cd /opt/***/dbt && dbt run --profiles-dir .']
[2026-03-15T16:45:51.013+0000] {subprocess.py:86} INFO - Output:
[2026-03-15T16:45:53.335+0000] {subprocess.py:93} INFO - [0m16:45:53  Running with dbt=1.7.0
[2026-03-15T16:45:53.599+0000] {subprocess.py:93} INFO - [0m16:45:53  Registered adapter: postgres=1.7.0
[2026-03-15T16:45:53.655+0000] {subprocess.py:93} INFO - [0m16:45:53  Found 7 models, 0 sources, 0 exposures, 0 metrics, 401 macros, 0 groups, 0 semantic models
[2026-03-15T16:45:53.657+0000] {subprocess.py:93} INFO - [0m16:45:53
[2026-03-15T16:45:53.718+0000] {subprocess.py:93} INFO - [0m16:45:53  Concurrency: 4 threads (target='dev')
[2026-03-15T16:45:53.719+0000] {subprocess.py:93} INFO - [0m16:45:53
[2026-03-15T16:45:53.728+0000] {subprocess.py:93} INFO - [0m16:45:53  1 of 7 START sql table model gold_.dim_location ................................ [RUN]
[2026-03-15T16:45:53.729+0000] {subprocess.py:93} INFO - [0m16:45:53  2 of 7 START sql table model gold_.dim_songs ................................... [RUN]
[2026-03-15T16:45:53.730+0000] {subprocess.py:93} INFO - [0m16:45:53  3 of 7 START sql table model gold_.dim_time .................................... [RUN]
[2026-03-15T16:45:53.730+0000] {subprocess.py:93} INFO - [0m16:45:53  4 of 7 START sql table model gold_.dim_users ................................... [RUN]
[2026-03-15T16:45:56.351+0000] {subprocess.py:93} INFO - [0m16:45:56  4 of 7 OK created sql table model gold_.dim_users .............................. [[32mSELECT 2393[0m in 2.62s]
[2026-03-15T16:45:56.353+0000] {subprocess.py:93} INFO - [0m16:45:56  5 of 7 START sql table model gold_.fact_page_views ............................. [RUN]
[2026-03-15T16:45:57.582+0000] {subprocess.py:93} INFO - [0m16:45:57  2 of 7 OK created sql table model gold_.dim_songs .............................. [[32mSELECT 135385[0m in 3.85s]
[2026-03-15T16:45:57.584+0000] {subprocess.py:93} INFO - [0m16:45:57  6 of 7 START sql table model gold_.fact_plays .................................. [RUN]
[2026-03-15T16:45:57.805+0000] {subprocess.py:93} INFO - [0m16:45:57  3 of 7 OK created sql table model gold_.dim_time ............................... [[32mSELECT 1113613[0m in 4.07s]
[2026-03-15T16:45:57.807+0000] {subprocess.py:93} INFO - [0m16:45:57  7 of 7 START sql table model gold_.fact_sessions ............................... [RUN]
[2026-03-15T16:45:58.012+0000] {subprocess.py:93} INFO - [0m16:45:58  7 of 7 OK created sql table model gold_.fact_sessions .......................... [[32mSELECT 21450[0m in 0.20s]
[2026-03-15T16:45:59.289+0000] {subprocess.py:93} INFO - [0m16:45:59  1 of 7 OK created sql table model gold_.dim_location ........................... [[32mSELECT 769[0m in 5.56s]
[2026-03-15T16:46:05.535+0000] {subprocess.py:93} INFO - [0m16:46:05  5 of 7 OK created sql table model gold_.fact_page_views ........................ [[32mSELECT 1640642[0m in 9.18s]
[2026-03-15T16:46:06.427+0000] {subprocess.py:93} INFO - [0m16:46:06  6 of 7 OK created sql table model gold_.fact_plays ............................. [[32mSELECT 1402332[0m in 8.84s]
[2026-03-15T16:46:06.439+0000] {subprocess.py:93} INFO - [0m16:46:06
[2026-03-15T16:46:06.440+0000] {subprocess.py:93} INFO - [0m16:46:06  Finished running 7 table models in 0 hours 0 minutes and 12.78 seconds (12.78s).
[2026-03-15T16:46:06.451+0000] {subprocess.py:93} INFO - [0m16:46:06
[2026-03-15T16:46:06.452+0000] {subprocess.py:93} INFO - [0m16:46:06  [32mCompleted successfully[0m
[2026-03-15T16:46:06.452+0000] {subprocess.py:93} INFO - [0m16:46:06
[2026-03-15T16:46:06.453+0000] {subprocess.py:93} INFO - [0m16:46:06  Done. PASS=7 WARN=0 ERROR=0 SKIP=0 TOTAL=7
[2026-03-15T16:46:08.246+0000] {subprocess.py:97} INFO - Command exited with return code 0
[2026-03-15T16:46:08.247+0000] {taskinstance.py:441} INFO - ::group::Post task execution logs
[2026-03-15T16:46:08.268+0000] {taskinstance.py:1205} INFO - Marking task as SUCCESS. dag_id=dbt_raw_to_gold, task_id=dbt_run, execution_date=20260315T150000, start_date=20260315T164550, end_date=20260315T164608
[2026-03-15T16:46:08.316+0000] {local_task_job_runner.py:240} INFO - Task exited with return code 0
[2026-03-15T16:46:08.333+0000] {taskinstance.py:3482} INFO - 1 downstream tasks scheduled from follow-on schedule check
[2026-03-15T16:46:08.335+0000] {local_task_job_runner.py:222} INFO - ::endgroup::
