[2026-03-15T16:45:07.931+0000] {processor.py:161} INFO - Started process (PID=689) to work on /opt/airflow/dags/dbt_transform_2.py
[2026-03-15T16:45:07.932+0000] {processor.py:830} INFO - Processing file /opt/airflow/dags/dbt_transform_2.py for tasks to queue
[2026-03-15T16:45:07.934+0000] {logging_mixin.py:188} INFO - [2026-03-15T16:45:07.933+0000] {dagbag.py:540} INFO - Filling up the DagBag from /opt/airflow/dags/dbt_transform_2.py
[2026-03-15T16:45:07.945+0000] {processor.py:840} INFO - DAG(s) 'dbt_transform_2' retrieved from /opt/airflow/dags/dbt_transform_2.py
[2026-03-15T16:45:08.099+0000] {logging_mixin.py:188} INFO - [2026-03-15T16:45:08.099+0000] {override.py:1829} INFO - Created Permission View: can edit on DAG:dbt_transform_2
[2026-03-15T16:45:08.107+0000] {logging_mixin.py:188} INFO - [2026-03-15T16:45:08.107+0000] {override.py:1829} INFO - Created Permission View: can read on DAG:dbt_transform_2
[2026-03-15T16:45:08.112+0000] {logging_mixin.py:188} INFO - [2026-03-15T16:45:08.112+0000] {override.py:1829} INFO - Created Permission View: can delete on DAG:dbt_transform_2
[2026-03-15T16:45:08.113+0000] {logging_mixin.py:188} INFO - [2026-03-15T16:45:08.113+0000] {dag.py:3096} INFO - Sync 1 DAGs
[2026-03-15T16:45:08.121+0000] {logging_mixin.py:188} INFO - [2026-03-15T16:45:08.121+0000] {dag.py:3118} INFO - Creating ORM DAG for dbt_transform_2
[2026-03-15T16:45:08.130+0000] {logging_mixin.py:188} INFO - [2026-03-15T16:45:08.130+0000] {dag.py:3954} INFO - Setting next_dagrun for dbt_transform_2 to 2026-03-15 15:00:00+00:00, run_after=2026-03-15 16:00:00+00:00
[2026-03-15T16:45:08.143+0000] {processor.py:183} INFO - Processing /opt/airflow/dags/dbt_transform_2.py took 0.216 seconds
[2026-03-15T16:45:35.103+0000] {processor.py:161} INFO - Started process (PID=699) to work on /opt/airflow/dags/dbt_transform_2.py
[2026-03-15T16:45:35.103+0000] {processor.py:830} INFO - Processing file /opt/airflow/dags/dbt_transform_2.py for tasks to queue
[2026-03-15T16:45:35.105+0000] {logging_mixin.py:188} INFO - [2026-03-15T16:45:35.104+0000] {dagbag.py:540} INFO - Filling up the DagBag from /opt/airflow/dags/dbt_transform_2.py
[2026-03-15T16:45:35.116+0000] {processor.py:840} INFO - DAG(s) 'dbt_raw_to_gold' retrieved from /opt/airflow/dags/dbt_transform_2.py
[2026-03-15T16:45:35.205+0000] {logging_mixin.py:188} INFO - [2026-03-15T16:45:35.204+0000] {override.py:1829} INFO - Created Permission View: can edit on DAG:dbt_raw_to_gold
[2026-03-15T16:45:35.211+0000] {logging_mixin.py:188} INFO - [2026-03-15T16:45:35.211+0000] {override.py:1829} INFO - Created Permission View: can read on DAG:dbt_raw_to_gold
[2026-03-15T16:45:35.216+0000] {logging_mixin.py:188} INFO - [2026-03-15T16:45:35.216+0000] {override.py:1829} INFO - Created Permission View: can delete on DAG:dbt_raw_to_gold
[2026-03-15T16:45:35.216+0000] {logging_mixin.py:188} INFO - [2026-03-15T16:45:35.216+0000] {dag.py:3096} INFO - Sync 1 DAGs
[2026-03-15T16:45:35.223+0000] {logging_mixin.py:188} INFO - [2026-03-15T16:45:35.223+0000] {dag.py:3118} INFO - Creating ORM DAG for dbt_raw_to_gold
[2026-03-15T16:45:35.231+0000] {logging_mixin.py:188} INFO - [2026-03-15T16:45:35.231+0000] {dag.py:3954} INFO - Setting next_dagrun for dbt_raw_to_gold to 2026-03-15 15:00:00+00:00, run_after=2026-03-15 16:00:00+00:00
[2026-03-15T16:45:35.243+0000] {processor.py:183} INFO - Processing /opt/airflow/dags/dbt_transform_2.py took 0.145 seconds
[2026-03-15T16:46:05.284+0000] {processor.py:161} INFO - Started process (PID=738) to work on /opt/airflow/dags/dbt_transform_2.py
[2026-03-15T16:46:05.285+0000] {processor.py:830} INFO - Processing file /opt/airflow/dags/dbt_transform_2.py for tasks to queue
[2026-03-15T16:46:05.286+0000] {logging_mixin.py:188} INFO - [2026-03-15T16:46:05.286+0000] {dagbag.py:540} INFO - Filling up the DagBag from /opt/airflow/dags/dbt_transform_2.py
[2026-03-15T16:46:05.297+0000] {processor.py:840} INFO - DAG(s) 'dbt_raw_to_gold' retrieved from /opt/airflow/dags/dbt_transform_2.py
[2026-03-15T16:46:05.319+0000] {logging_mixin.py:188} INFO - [2026-03-15T16:46:05.319+0000] {dag.py:3096} INFO - Sync 1 DAGs
[2026-03-15T16:46:05.338+0000] {logging_mixin.py:188} INFO - [2026-03-15T16:46:05.338+0000] {dag.py:3954} INFO - Setting next_dagrun for dbt_raw_to_gold to 2026-03-15 16:00:00+00:00, run_after=2026-03-15 17:00:00+00:00
[2026-03-15T16:46:05.352+0000] {processor.py:183} INFO - Processing /opt/airflow/dags/dbt_transform_2.py took 0.072 seconds
[2026-03-15T16:46:35.473+0000] {processor.py:161} INFO - Started process (PID=753) to work on /opt/airflow/dags/dbt_transform_2.py
[2026-03-15T16:46:35.473+0000] {processor.py:830} INFO - Processing file /opt/airflow/dags/dbt_transform_2.py for tasks to queue
[2026-03-15T16:46:35.474+0000] {logging_mixin.py:188} INFO - [2026-03-15T16:46:35.474+0000] {dagbag.py:540} INFO - Filling up the DagBag from /opt/airflow/dags/dbt_transform_2.py
[2026-03-15T16:46:35.485+0000] {processor.py:840} INFO - DAG(s) 'dbt_raw_to_gold' retrieved from /opt/airflow/dags/dbt_transform_2.py
[2026-03-15T16:46:35.507+0000] {logging_mixin.py:188} INFO - [2026-03-15T16:46:35.506+0000] {dag.py:3096} INFO - Sync 1 DAGs
[2026-03-15T16:46:35.527+0000] {logging_mixin.py:188} INFO - [2026-03-15T16:46:35.526+0000] {dag.py:3954} INFO - Setting next_dagrun for dbt_raw_to_gold to 2026-03-15 16:00:00+00:00, run_after=2026-03-15 17:00:00+00:00
[2026-03-15T16:46:35.541+0000] {processor.py:183} INFO - Processing /opt/airflow/dags/dbt_transform_2.py took 0.073 seconds
[2026-03-15T16:47:05.670+0000] {processor.py:161} INFO - Started process (PID=763) to work on /opt/airflow/dags/dbt_transform_2.py
[2026-03-15T16:47:05.671+0000] {processor.py:830} INFO - Processing file /opt/airflow/dags/dbt_transform_2.py for tasks to queue
[2026-03-15T16:47:05.671+0000] {logging_mixin.py:188} INFO - [2026-03-15T16:47:05.671+0000] {dagbag.py:540} INFO - Filling up the DagBag from /opt/airflow/dags/dbt_transform_2.py
[2026-03-15T16:47:05.682+0000] {processor.py:840} INFO - DAG(s) 'dbt_raw_to_gold' retrieved from /opt/airflow/dags/dbt_transform_2.py
[2026-03-15T16:47:05.702+0000] {logging_mixin.py:188} INFO - [2026-03-15T16:47:05.702+0000] {dag.py:3096} INFO - Sync 1 DAGs
[2026-03-15T16:47:05.720+0000] {logging_mixin.py:188} INFO - [2026-03-15T16:47:05.720+0000] {dag.py:3954} INFO - Setting next_dagrun for dbt_raw_to_gold to 2026-03-15 16:00:00+00:00, run_after=2026-03-15 17:00:00+00:00
[2026-03-15T16:47:05.740+0000] {processor.py:183} INFO - Processing /opt/airflow/dags/dbt_transform_2.py took 0.074 seconds
[2026-03-15T16:47:35.863+0000] {processor.py:161} INFO - Started process (PID=786) to work on /opt/airflow/dags/dbt_transform_2.py
[2026-03-15T16:47:35.864+0000] {processor.py:830} INFO - Processing file /opt/airflow/dags/dbt_transform_2.py for tasks to queue
[2026-03-15T16:47:35.865+0000] {logging_mixin.py:188} INFO - [2026-03-15T16:47:35.864+0000] {dagbag.py:540} INFO - Filling up the DagBag from /opt/airflow/dags/dbt_transform_2.py
[2026-03-15T16:47:35.876+0000] {processor.py:840} INFO - DAG(s) 'dbt_raw_to_gold' retrieved from /opt/airflow/dags/dbt_transform_2.py
[2026-03-15T16:47:35.898+0000] {logging_mixin.py:188} INFO - [2026-03-15T16:47:35.898+0000] {dag.py:3096} INFO - Sync 1 DAGs
[2026-03-15T16:47:35.921+0000] {logging_mixin.py:188} INFO - [2026-03-15T16:47:35.921+0000] {dag.py:3954} INFO - Setting next_dagrun for dbt_raw_to_gold to 2026-03-15 16:00:00+00:00, run_after=2026-03-15 17:00:00+00:00
[2026-03-15T16:47:35.937+0000] {processor.py:183} INFO - Processing /opt/airflow/dags/dbt_transform_2.py took 0.078 seconds
[2026-03-15T16:48:06.063+0000] {processor.py:161} INFO - Started process (PID=800) to work on /opt/airflow/dags/dbt_transform_2.py
[2026-03-15T16:48:06.063+0000] {processor.py:830} INFO - Processing file /opt/airflow/dags/dbt_transform_2.py for tasks to queue
[2026-03-15T16:48:06.064+0000] {logging_mixin.py:188} INFO - [2026-03-15T16:48:06.063+0000] {dagbag.py:540} INFO - Filling up the DagBag from /opt/airflow/dags/dbt_transform_2.py
[2026-03-15T16:48:06.074+0000] {processor.py:840} INFO - DAG(s) 'dbt_raw_to_gold' retrieved from /opt/airflow/dags/dbt_transform_2.py
[2026-03-15T16:48:06.094+0000] {logging_mixin.py:188} INFO - [2026-03-15T16:48:06.094+0000] {dag.py:3096} INFO - Sync 1 DAGs
[2026-03-15T16:48:06.112+0000] {logging_mixin.py:188} INFO - [2026-03-15T16:48:06.112+0000] {dag.py:3954} INFO - Setting next_dagrun for dbt_raw_to_gold to 2026-03-15 16:00:00+00:00, run_after=2026-03-15 17:00:00+00:00
[2026-03-15T16:48:06.132+0000] {processor.py:183} INFO - Processing /opt/airflow/dags/dbt_transform_2.py took 0.073 seconds
[2026-03-15T16:48:36.260+0000] {processor.py:161} INFO - Started process (PID=810) to work on /opt/airflow/dags/dbt_transform_2.py
[2026-03-15T16:48:36.260+0000] {processor.py:830} INFO - Processing file /opt/airflow/dags/dbt_transform_2.py for tasks to queue
[2026-03-15T16:48:36.261+0000] {logging_mixin.py:188} INFO - [2026-03-15T16:48:36.260+0000] {dagbag.py:540} INFO - Filling up the DagBag from /opt/airflow/dags/dbt_transform_2.py
[2026-03-15T16:48:36.271+0000] {processor.py:840} INFO - DAG(s) 'dbt_raw_to_gold' retrieved from /opt/airflow/dags/dbt_transform_2.py
[2026-03-15T16:48:36.292+0000] {logging_mixin.py:188} INFO - [2026-03-15T16:48:36.291+0000] {dag.py:3096} INFO - Sync 1 DAGs
[2026-03-15T16:48:36.310+0000] {logging_mixin.py:188} INFO - [2026-03-15T16:48:36.310+0000] {dag.py:3954} INFO - Setting next_dagrun for dbt_raw_to_gold to 2026-03-15 16:00:00+00:00, run_after=2026-03-15 17:00:00+00:00
[2026-03-15T16:48:36.322+0000] {processor.py:183} INFO - Processing /opt/airflow/dags/dbt_transform_2.py took 0.067 seconds
[2026-03-15T16:49:06.448+0000] {processor.py:161} INFO - Started process (PID=820) to work on /opt/airflow/dags/dbt_transform_2.py
[2026-03-15T16:49:06.448+0000] {processor.py:830} INFO - Processing file /opt/airflow/dags/dbt_transform_2.py for tasks to queue
[2026-03-15T16:49:06.449+0000] {logging_mixin.py:188} INFO - [2026-03-15T16:49:06.449+0000] {dagbag.py:540} INFO - Filling up the DagBag from /opt/airflow/dags/dbt_transform_2.py
[2026-03-15T16:49:06.460+0000] {processor.py:840} INFO - DAG(s) 'dbt_raw_to_gold' retrieved from /opt/airflow/dags/dbt_transform_2.py
[2026-03-15T16:49:06.482+0000] {logging_mixin.py:188} INFO - [2026-03-15T16:49:06.482+0000] {dag.py:3096} INFO - Sync 1 DAGs
[2026-03-15T16:49:06.502+0000] {logging_mixin.py:188} INFO - [2026-03-15T16:49:06.502+0000] {dag.py:3954} INFO - Setting next_dagrun for dbt_raw_to_gold to 2026-03-15 16:00:00+00:00, run_after=2026-03-15 17:00:00+00:00
[2026-03-15T16:49:06.515+0000] {processor.py:183} INFO - Processing /opt/airflow/dags/dbt_transform_2.py took 0.072 seconds
[2026-03-15T16:49:32.632+0000] {processor.py:161} INFO - Started process (PID=835) to work on /opt/airflow/dags/dbt_transform_2.py
[2026-03-15T16:49:32.633+0000] {processor.py:830} INFO - Processing file /opt/airflow/dags/dbt_transform_2.py for tasks to queue
[2026-03-15T16:49:32.634+0000] {logging_mixin.py:188} INFO - [2026-03-15T16:49:32.633+0000] {dagbag.py:540} INFO - Filling up the DagBag from /opt/airflow/dags/dbt_transform_2.py
[2026-03-15T16:49:32.647+0000] {processor.py:840} INFO - DAG(s) 'dbt_raw_to_gold' retrieved from /opt/airflow/dags/dbt_transform_2.py
[2026-03-15T16:49:32.752+0000] {logging_mixin.py:188} INFO - [2026-03-15T16:49:32.752+0000] {dag.py:3096} INFO - Sync 1 DAGs
[2026-03-15T16:49:32.769+0000] {logging_mixin.py:188} INFO - [2026-03-15T16:49:32.769+0000] {dag.py:3954} INFO - Setting next_dagrun for dbt_raw_to_gold to 2026-03-15 16:48:00+00:00, run_after=2026-03-15 16:49:00+00:00
[2026-03-15T16:49:32.784+0000] {processor.py:183} INFO - Processing /opt/airflow/dags/dbt_transform_2.py took 0.159 seconds
[2026-03-15T16:50:02.900+0000] {processor.py:161} INFO - Started process (PID=871) to work on /opt/airflow/dags/dbt_transform_2.py
[2026-03-15T16:50:02.900+0000] {processor.py:830} INFO - Processing file /opt/airflow/dags/dbt_transform_2.py for tasks to queue
[2026-03-15T16:50:02.901+0000] {logging_mixin.py:188} INFO - [2026-03-15T16:50:02.901+0000] {dagbag.py:540} INFO - Filling up the DagBag from /opt/airflow/dags/dbt_transform_2.py
[2026-03-15T16:50:02.912+0000] {processor.py:840} INFO - DAG(s) 'dbt_raw_to_gold' retrieved from /opt/airflow/dags/dbt_transform_2.py
[2026-03-15T16:50:02.933+0000] {logging_mixin.py:188} INFO - [2026-03-15T16:50:02.933+0000] {dag.py:3096} INFO - Sync 1 DAGs
[2026-03-15T16:50:02.952+0000] {logging_mixin.py:188} INFO - [2026-03-15T16:50:02.952+0000] {dag.py:3954} INFO - Setting next_dagrun for dbt_raw_to_gold to 2026-03-15 16:50:00+00:00, run_after=2026-03-15 16:51:00+00:00
[2026-03-15T16:50:02.967+0000] {processor.py:183} INFO - Processing /opt/airflow/dags/dbt_transform_2.py took 0.071 seconds
[2026-03-15T16:50:33.079+0000] {processor.py:161} INFO - Started process (PID=894) to work on /opt/airflow/dags/dbt_transform_2.py
[2026-03-15T16:50:33.080+0000] {processor.py:830} INFO - Processing file /opt/airflow/dags/dbt_transform_2.py for tasks to queue
[2026-03-15T16:50:33.081+0000] {logging_mixin.py:188} INFO - [2026-03-15T16:50:33.080+0000] {dagbag.py:540} INFO - Filling up the DagBag from /opt/airflow/dags/dbt_transform_2.py
[2026-03-15T16:50:33.091+0000] {processor.py:840} INFO - DAG(s) 'dbt_raw_to_gold' retrieved from /opt/airflow/dags/dbt_transform_2.py
[2026-03-15T16:50:33.113+0000] {logging_mixin.py:188} INFO - [2026-03-15T16:50:33.113+0000] {dag.py:3096} INFO - Sync 1 DAGs
[2026-03-15T16:50:33.133+0000] {logging_mixin.py:188} INFO - [2026-03-15T16:50:33.133+0000] {dag.py:3954} INFO - Setting next_dagrun for dbt_raw_to_gold to 2026-03-15 16:50:00+00:00, run_after=2026-03-15 16:51:00+00:00
[2026-03-15T16:50:33.145+0000] {processor.py:183} INFO - Processing /opt/airflow/dags/dbt_transform_2.py took 0.071 seconds
[2026-03-15T16:51:03.254+0000] {processor.py:161} INFO - Started process (PID=907) to work on /opt/airflow/dags/dbt_transform_2.py
[2026-03-15T16:51:03.255+0000] {processor.py:830} INFO - Processing file /opt/airflow/dags/dbt_transform_2.py for tasks to queue
[2026-03-15T16:51:03.255+0000] {logging_mixin.py:188} INFO - [2026-03-15T16:51:03.255+0000] {dagbag.py:540} INFO - Filling up the DagBag from /opt/airflow/dags/dbt_transform_2.py
[2026-03-15T16:51:03.266+0000] {processor.py:840} INFO - DAG(s) 'dbt_raw_to_gold' retrieved from /opt/airflow/dags/dbt_transform_2.py
[2026-03-15T16:51:03.289+0000] {logging_mixin.py:188} INFO - [2026-03-15T16:51:03.288+0000] {dag.py:3096} INFO - Sync 1 DAGs
[2026-03-15T16:51:03.308+0000] {logging_mixin.py:188} INFO - [2026-03-15T16:51:03.307+0000] {dag.py:3954} INFO - Setting next_dagrun for dbt_raw_to_gold to 2026-03-15 16:51:00+00:00, run_after=2026-03-15 16:52:00+00:00
[2026-03-15T16:51:03.320+0000] {processor.py:183} INFO - Processing /opt/airflow/dags/dbt_transform_2.py took 0.071 seconds
[2026-03-15T16:51:33.432+0000] {processor.py:161} INFO - Started process (PID=931) to work on /opt/airflow/dags/dbt_transform_2.py
[2026-03-15T16:51:33.433+0000] {processor.py:830} INFO - Processing file /opt/airflow/dags/dbt_transform_2.py for tasks to queue
[2026-03-15T16:51:33.433+0000] {logging_mixin.py:188} INFO - [2026-03-15T16:51:33.433+0000] {dagbag.py:540} INFO - Filling up the DagBag from /opt/airflow/dags/dbt_transform_2.py
[2026-03-15T16:51:33.444+0000] {processor.py:840} INFO - DAG(s) 'dbt_raw_to_gold' retrieved from /opt/airflow/dags/dbt_transform_2.py
[2026-03-15T16:51:33.468+0000] {logging_mixin.py:188} INFO - [2026-03-15T16:51:33.468+0000] {dag.py:3096} INFO - Sync 1 DAGs
[2026-03-15T16:51:33.487+0000] {logging_mixin.py:188} INFO - [2026-03-15T16:51:33.487+0000] {dag.py:3954} INFO - Setting next_dagrun for dbt_raw_to_gold to 2026-03-15 16:51:00+00:00, run_after=2026-03-15 16:52:00+00:00
[2026-03-15T16:51:33.500+0000] {processor.py:183} INFO - Processing /opt/airflow/dags/dbt_transform_2.py took 0.073 seconds
[2026-03-15T16:52:03.627+0000] {processor.py:161} INFO - Started process (PID=954) to work on /opt/airflow/dags/dbt_transform_2.py
[2026-03-15T16:52:03.628+0000] {processor.py:830} INFO - Processing file /opt/airflow/dags/dbt_transform_2.py for tasks to queue
[2026-03-15T16:52:03.629+0000] {logging_mixin.py:188} INFO - [2026-03-15T16:52:03.629+0000] {dagbag.py:540} INFO - Filling up the DagBag from /opt/airflow/dags/dbt_transform_2.py
[2026-03-15T16:52:03.648+0000] {processor.py:840} INFO - DAG(s) 'dbt_raw_to_gold' retrieved from /opt/airflow/dags/dbt_transform_2.py
[2026-03-15T16:52:03.683+0000] {logging_mixin.py:188} INFO - [2026-03-15T16:52:03.683+0000] {dag.py:3096} INFO - Sync 1 DAGs
[2026-03-15T16:52:03.717+0000] {logging_mixin.py:188} INFO - [2026-03-15T16:52:03.716+0000] {dag.py:3954} INFO - Setting next_dagrun for dbt_raw_to_gold to 2026-03-15 16:52:00+00:00, run_after=2026-03-15 16:53:00+00:00
[2026-03-15T16:52:03.739+0000] {processor.py:183} INFO - Processing /opt/airflow/dags/dbt_transform_2.py took 0.121 seconds
[2026-03-15T16:52:33.825+0000] {processor.py:161} INFO - Started process (PID=968) to work on /opt/airflow/dags/dbt_transform_2.py
[2026-03-15T16:52:33.826+0000] {processor.py:830} INFO - Processing file /opt/airflow/dags/dbt_transform_2.py for tasks to queue
[2026-03-15T16:52:33.826+0000] {logging_mixin.py:188} INFO - [2026-03-15T16:52:33.826+0000] {dagbag.py:540} INFO - Filling up the DagBag from /opt/airflow/dags/dbt_transform_2.py
[2026-03-15T16:52:33.837+0000] {processor.py:840} INFO - DAG(s) 'dbt_raw_to_gold' retrieved from /opt/airflow/dags/dbt_transform_2.py
[2026-03-15T16:52:33.860+0000] {logging_mixin.py:188} INFO - [2026-03-15T16:52:33.859+0000] {dag.py:3096} INFO - Sync 1 DAGs
[2026-03-15T16:52:33.878+0000] {logging_mixin.py:188} INFO - [2026-03-15T16:52:33.878+0000] {dag.py:3954} INFO - Setting next_dagrun for dbt_raw_to_gold to 2026-03-15 16:52:00+00:00, run_after=2026-03-15 16:53:00+00:00
[2026-03-15T16:52:33.890+0000] {processor.py:183} INFO - Processing /opt/airflow/dags/dbt_transform_2.py took 0.070 seconds
[2026-03-15T16:53:04.028+0000] {processor.py:161} INFO - Started process (PID=991) to work on /opt/airflow/dags/dbt_transform_2.py
[2026-03-15T16:53:04.029+0000] {processor.py:830} INFO - Processing file /opt/airflow/dags/dbt_transform_2.py for tasks to queue
[2026-03-15T16:53:04.030+0000] {logging_mixin.py:188} INFO - [2026-03-15T16:53:04.030+0000] {dagbag.py:540} INFO - Filling up the DagBag from /opt/airflow/dags/dbt_transform_2.py
[2026-03-15T16:53:04.052+0000] {processor.py:840} INFO - DAG(s) 'dbt_raw_to_gold' retrieved from /opt/airflow/dags/dbt_transform_2.py
[2026-03-15T16:53:04.087+0000] {logging_mixin.py:188} INFO - [2026-03-15T16:53:04.087+0000] {dag.py:3096} INFO - Sync 1 DAGs
[2026-03-15T16:53:04.119+0000] {logging_mixin.py:188} INFO - [2026-03-15T16:53:04.119+0000] {dag.py:3954} INFO - Setting next_dagrun for dbt_raw_to_gold to 2026-03-15 16:53:00+00:00, run_after=2026-03-15 16:54:00+00:00
[2026-03-15T16:53:04.142+0000] {processor.py:183} INFO - Processing /opt/airflow/dags/dbt_transform_2.py took 0.129 seconds
[2026-03-15T16:53:34.266+0000] {processor.py:161} INFO - Started process (PID=1005) to work on /opt/airflow/dags/dbt_transform_2.py
[2026-03-15T16:53:34.269+0000] {processor.py:830} INFO - Processing file /opt/airflow/dags/dbt_transform_2.py for tasks to queue
[2026-03-15T16:53:34.270+0000] {logging_mixin.py:188} INFO - [2026-03-15T16:53:34.270+0000] {dagbag.py:540} INFO - Filling up the DagBag from /opt/airflow/dags/dbt_transform_2.py
[2026-03-15T16:53:34.281+0000] {processor.py:840} INFO - DAG(s) 'dbt_raw_to_gold' retrieved from /opt/airflow/dags/dbt_transform_2.py
[2026-03-15T16:53:34.304+0000] {logging_mixin.py:188} INFO - [2026-03-15T16:53:34.304+0000] {dag.py:3096} INFO - Sync 1 DAGs
[2026-03-15T16:53:34.325+0000] {logging_mixin.py:188} INFO - [2026-03-15T16:53:34.325+0000] {dag.py:3954} INFO - Setting next_dagrun for dbt_raw_to_gold to 2026-03-15 16:53:00+00:00, run_after=2026-03-15 16:54:00+00:00
[2026-03-15T16:53:34.339+0000] {processor.py:183} INFO - Processing /opt/airflow/dags/dbt_transform_2.py took 0.078 seconds
[2026-03-15T16:54:04.458+0000] {processor.py:161} INFO - Started process (PID=1028) to work on /opt/airflow/dags/dbt_transform_2.py
[2026-03-15T16:54:04.459+0000] {processor.py:830} INFO - Processing file /opt/airflow/dags/dbt_transform_2.py for tasks to queue
[2026-03-15T16:54:04.460+0000] {logging_mixin.py:188} INFO - [2026-03-15T16:54:04.460+0000] {dagbag.py:540} INFO - Filling up the DagBag from /opt/airflow/dags/dbt_transform_2.py
[2026-03-15T16:54:04.476+0000] {processor.py:840} INFO - DAG(s) 'dbt_raw_to_gold' retrieved from /opt/airflow/dags/dbt_transform_2.py
[2026-03-15T16:54:04.517+0000] {logging_mixin.py:188} INFO - [2026-03-15T16:54:04.517+0000] {dag.py:3096} INFO - Sync 1 DAGs
[2026-03-15T16:54:04.540+0000] {logging_mixin.py:188} INFO - [2026-03-15T16:54:04.540+0000] {dag.py:3954} INFO - Setting next_dagrun for dbt_raw_to_gold to 2026-03-15 16:54:00+00:00, run_after=2026-03-15 16:55:00+00:00
[2026-03-15T16:54:04.555+0000] {processor.py:183} INFO - Processing /opt/airflow/dags/dbt_transform_2.py took 0.104 seconds
[2026-03-15T16:54:34.656+0000] {processor.py:161} INFO - Started process (PID=1042) to work on /opt/airflow/dags/dbt_transform_2.py
[2026-03-15T16:54:34.657+0000] {processor.py:830} INFO - Processing file /opt/airflow/dags/dbt_transform_2.py for tasks to queue
[2026-03-15T16:54:34.657+0000] {logging_mixin.py:188} INFO - [2026-03-15T16:54:34.657+0000] {dagbag.py:540} INFO - Filling up the DagBag from /opt/airflow/dags/dbt_transform_2.py
[2026-03-15T16:54:34.668+0000] {processor.py:840} INFO - DAG(s) 'dbt_raw_to_gold' retrieved from /opt/airflow/dags/dbt_transform_2.py
[2026-03-15T16:54:34.690+0000] {logging_mixin.py:188} INFO - [2026-03-15T16:54:34.690+0000] {dag.py:3096} INFO - Sync 1 DAGs
[2026-03-15T16:54:34.709+0000] {logging_mixin.py:188} INFO - [2026-03-15T16:54:34.709+0000] {dag.py:3954} INFO - Setting next_dagrun for dbt_raw_to_gold to 2026-03-15 16:54:00+00:00, run_after=2026-03-15 16:55:00+00:00
[2026-03-15T16:54:34.723+0000] {processor.py:183} INFO - Processing /opt/airflow/dags/dbt_transform_2.py took 0.071 seconds
[2026-03-15T16:55:04.844+0000] {processor.py:161} INFO - Started process (PID=1082) to work on /opt/airflow/dags/dbt_transform_2.py
[2026-03-15T16:55:04.846+0000] {processor.py:830} INFO - Processing file /opt/airflow/dags/dbt_transform_2.py for tasks to queue
[2026-03-15T16:55:04.847+0000] {logging_mixin.py:188} INFO - [2026-03-15T16:55:04.847+0000] {dagbag.py:540} INFO - Filling up the DagBag from /opt/airflow/dags/dbt_transform_2.py
[2026-03-15T16:55:04.867+0000] {processor.py:840} INFO - DAG(s) 'dbt_raw_to_gold' retrieved from /opt/airflow/dags/dbt_transform_2.py
[2026-03-15T16:55:04.908+0000] {logging_mixin.py:188} INFO - [2026-03-15T16:55:04.908+0000] {dag.py:3096} INFO - Sync 1 DAGs
[2026-03-15T16:55:04.937+0000] {logging_mixin.py:188} INFO - [2026-03-15T16:55:04.936+0000] {dag.py:3954} INFO - Setting next_dagrun for dbt_raw_to_gold to 2026-03-15 16:55:00+00:00, run_after=2026-03-15 16:56:00+00:00
[2026-03-15T16:55:04.958+0000] {processor.py:183} INFO - Processing /opt/airflow/dags/dbt_transform_2.py took 0.120 seconds
[2026-03-15T16:55:35.047+0000] {processor.py:161} INFO - Started process (PID=1096) to work on /opt/airflow/dags/dbt_transform_2.py
[2026-03-15T16:55:35.048+0000] {processor.py:830} INFO - Processing file /opt/airflow/dags/dbt_transform_2.py for tasks to queue
[2026-03-15T16:55:35.049+0000] {logging_mixin.py:188} INFO - [2026-03-15T16:55:35.049+0000] {dagbag.py:540} INFO - Filling up the DagBag from /opt/airflow/dags/dbt_transform_2.py
[2026-03-15T16:55:35.059+0000] {processor.py:840} INFO - DAG(s) 'dbt_raw_to_gold' retrieved from /opt/airflow/dags/dbt_transform_2.py
[2026-03-15T16:55:35.080+0000] {logging_mixin.py:188} INFO - [2026-03-15T16:55:35.080+0000] {dag.py:3096} INFO - Sync 1 DAGs
[2026-03-15T16:55:35.097+0000] {logging_mixin.py:188} INFO - [2026-03-15T16:55:35.097+0000] {dag.py:3954} INFO - Setting next_dagrun for dbt_raw_to_gold to 2026-03-15 16:55:00+00:00, run_after=2026-03-15 16:56:00+00:00
[2026-03-15T16:55:35.115+0000] {processor.py:183} INFO - Processing /opt/airflow/dags/dbt_transform_2.py took 0.072 seconds
[2026-03-15T16:56:05.237+0000] {processor.py:161} INFO - Started process (PID=1119) to work on /opt/airflow/dags/dbt_transform_2.py
[2026-03-15T16:56:05.238+0000] {processor.py:830} INFO - Processing file /opt/airflow/dags/dbt_transform_2.py for tasks to queue
[2026-03-15T16:56:05.239+0000] {logging_mixin.py:188} INFO - [2026-03-15T16:56:05.238+0000] {dagbag.py:540} INFO - Filling up the DagBag from /opt/airflow/dags/dbt_transform_2.py
[2026-03-15T16:56:05.251+0000] {processor.py:840} INFO - DAG(s) 'dbt_raw_to_gold' retrieved from /opt/airflow/dags/dbt_transform_2.py
[2026-03-15T16:56:05.277+0000] {logging_mixin.py:188} INFO - [2026-03-15T16:56:05.276+0000] {dag.py:3096} INFO - Sync 1 DAGs
[2026-03-15T16:56:05.299+0000] {logging_mixin.py:188} INFO - [2026-03-15T16:56:05.299+0000] {dag.py:3954} INFO - Setting next_dagrun for dbt_raw_to_gold to 2026-03-15 16:56:00+00:00, run_after=2026-03-15 16:57:00+00:00
[2026-03-15T16:56:05.315+0000] {processor.py:183} INFO - Processing /opt/airflow/dags/dbt_transform_2.py took 0.083 seconds
[2026-03-15T16:56:35.424+0000] {processor.py:161} INFO - Started process (PID=1133) to work on /opt/airflow/dags/dbt_transform_2.py
[2026-03-15T16:56:35.424+0000] {processor.py:830} INFO - Processing file /opt/airflow/dags/dbt_transform_2.py for tasks to queue
[2026-03-15T16:56:35.425+0000] {logging_mixin.py:188} INFO - [2026-03-15T16:56:35.425+0000] {dagbag.py:540} INFO - Filling up the DagBag from /opt/airflow/dags/dbt_transform_2.py
[2026-03-15T16:56:35.435+0000] {processor.py:840} INFO - DAG(s) 'dbt_raw_to_gold' retrieved from /opt/airflow/dags/dbt_transform_2.py
[2026-03-15T16:56:35.456+0000] {logging_mixin.py:188} INFO - [2026-03-15T16:56:35.455+0000] {dag.py:3096} INFO - Sync 1 DAGs
[2026-03-15T16:56:35.474+0000] {logging_mixin.py:188} INFO - [2026-03-15T16:56:35.474+0000] {dag.py:3954} INFO - Setting next_dagrun for dbt_raw_to_gold to 2026-03-15 16:56:00+00:00, run_after=2026-03-15 16:57:00+00:00
[2026-03-15T16:56:35.485+0000] {processor.py:183} INFO - Processing /opt/airflow/dags/dbt_transform_2.py took 0.066 seconds
[2026-03-15T16:57:05.594+0000] {processor.py:161} INFO - Started process (PID=1156) to work on /opt/airflow/dags/dbt_transform_2.py
[2026-03-15T16:57:05.595+0000] {processor.py:830} INFO - Processing file /opt/airflow/dags/dbt_transform_2.py for tasks to queue
[2026-03-15T16:57:05.596+0000] {logging_mixin.py:188} INFO - [2026-03-15T16:57:05.595+0000] {dagbag.py:540} INFO - Filling up the DagBag from /opt/airflow/dags/dbt_transform_2.py
[2026-03-15T16:57:05.608+0000] {processor.py:840} INFO - DAG(s) 'dbt_raw_to_gold' retrieved from /opt/airflow/dags/dbt_transform_2.py
[2026-03-15T16:57:05.638+0000] {logging_mixin.py:188} INFO - [2026-03-15T16:57:05.638+0000] {dag.py:3096} INFO - Sync 1 DAGs
[2026-03-15T16:57:05.663+0000] {logging_mixin.py:188} INFO - [2026-03-15T16:57:05.663+0000] {dag.py:3954} INFO - Setting next_dagrun for dbt_raw_to_gold to 2026-03-15 16:57:00+00:00, run_after=2026-03-15 16:58:00+00:00
[2026-03-15T16:57:05.681+0000] {processor.py:183} INFO - Processing /opt/airflow/dags/dbt_transform_2.py took 0.094 seconds
[2026-03-15T16:57:35.782+0000] {processor.py:161} INFO - Started process (PID=1170) to work on /opt/airflow/dags/dbt_transform_2.py
[2026-03-15T16:57:35.783+0000] {processor.py:830} INFO - Processing file /opt/airflow/dags/dbt_transform_2.py for tasks to queue
[2026-03-15T16:57:35.784+0000] {logging_mixin.py:188} INFO - [2026-03-15T16:57:35.783+0000] {dagbag.py:540} INFO - Filling up the DagBag from /opt/airflow/dags/dbt_transform_2.py
[2026-03-15T16:57:35.796+0000] {processor.py:840} INFO - DAG(s) 'dbt_raw_to_gold' retrieved from /opt/airflow/dags/dbt_transform_2.py
[2026-03-15T16:57:35.819+0000] {logging_mixin.py:188} INFO - [2026-03-15T16:57:35.818+0000] {dag.py:3096} INFO - Sync 1 DAGs
[2026-03-15T16:57:35.837+0000] {logging_mixin.py:188} INFO - [2026-03-15T16:57:35.837+0000] {dag.py:3954} INFO - Setting next_dagrun for dbt_raw_to_gold to 2026-03-15 16:57:00+00:00, run_after=2026-03-15 16:58:00+00:00
[2026-03-15T16:57:35.851+0000] {processor.py:183} INFO - Processing /opt/airflow/dags/dbt_transform_2.py took 0.073 seconds
[2026-03-15T16:58:05.967+0000] {processor.py:161} INFO - Started process (PID=1193) to work on /opt/airflow/dags/dbt_transform_2.py
[2026-03-15T16:58:05.968+0000] {processor.py:830} INFO - Processing file /opt/airflow/dags/dbt_transform_2.py for tasks to queue
[2026-03-15T16:58:05.969+0000] {logging_mixin.py:188} INFO - [2026-03-15T16:58:05.968+0000] {dagbag.py:540} INFO - Filling up the DagBag from /opt/airflow/dags/dbt_transform_2.py
[2026-03-15T16:58:05.980+0000] {processor.py:840} INFO - DAG(s) 'dbt_raw_to_gold' retrieved from /opt/airflow/dags/dbt_transform_2.py
[2026-03-15T16:58:06.003+0000] {logging_mixin.py:188} INFO - [2026-03-15T16:58:06.003+0000] {dag.py:3096} INFO - Sync 1 DAGs
[2026-03-15T16:58:06.027+0000] {logging_mixin.py:188} INFO - [2026-03-15T16:58:06.027+0000] {dag.py:3954} INFO - Setting next_dagrun for dbt_raw_to_gold to 2026-03-15 16:58:00+00:00, run_after=2026-03-15 16:59:00+00:00
[2026-03-15T16:58:06.043+0000] {processor.py:183} INFO - Processing /opt/airflow/dags/dbt_transform_2.py took 0.080 seconds
[2026-03-15T16:58:36.158+0000] {processor.py:161} INFO - Started process (PID=1207) to work on /opt/airflow/dags/dbt_transform_2.py
[2026-03-15T16:58:36.159+0000] {processor.py:830} INFO - Processing file /opt/airflow/dags/dbt_transform_2.py for tasks to queue
[2026-03-15T16:58:36.160+0000] {logging_mixin.py:188} INFO - [2026-03-15T16:58:36.160+0000] {dagbag.py:540} INFO - Filling up the DagBag from /opt/airflow/dags/dbt_transform_2.py
[2026-03-15T16:58:36.171+0000] {processor.py:840} INFO - DAG(s) 'dbt_raw_to_gold' retrieved from /opt/airflow/dags/dbt_transform_2.py
[2026-03-15T16:58:36.198+0000] {logging_mixin.py:188} INFO - [2026-03-15T16:58:36.198+0000] {dag.py:3096} INFO - Sync 1 DAGs
[2026-03-15T16:58:36.230+0000] {logging_mixin.py:188} INFO - [2026-03-15T16:58:36.230+0000] {dag.py:3954} INFO - Setting next_dagrun for dbt_raw_to_gold to 2026-03-15 16:58:00+00:00, run_after=2026-03-15 16:59:00+00:00
[2026-03-15T16:58:36.249+0000] {processor.py:183} INFO - Processing /opt/airflow/dags/dbt_transform_2.py took 0.096 seconds
[2026-03-15T16:59:06.338+0000] {processor.py:161} INFO - Started process (PID=1230) to work on /opt/airflow/dags/dbt_transform_2.py
[2026-03-15T16:59:06.339+0000] {processor.py:830} INFO - Processing file /opt/airflow/dags/dbt_transform_2.py for tasks to queue
[2026-03-15T16:59:06.340+0000] {logging_mixin.py:188} INFO - [2026-03-15T16:59:06.340+0000] {dagbag.py:540} INFO - Filling up the DagBag from /opt/airflow/dags/dbt_transform_2.py
[2026-03-15T16:59:06.371+0000] {processor.py:840} INFO - DAG(s) 'dbt_raw_to_gold' retrieved from /opt/airflow/dags/dbt_transform_2.py
[2026-03-15T16:59:06.396+0000] {logging_mixin.py:188} INFO - [2026-03-15T16:59:06.396+0000] {dag.py:3096} INFO - Sync 1 DAGs
[2026-03-15T16:59:06.415+0000] {logging_mixin.py:188} INFO - [2026-03-15T16:59:06.415+0000] {dag.py:3954} INFO - Setting next_dagrun for dbt_raw_to_gold to 2026-03-15 16:59:00+00:00, run_after=2026-03-15 17:00:00+00:00
[2026-03-15T16:59:06.430+0000] {processor.py:183} INFO - Processing /opt/airflow/dags/dbt_transform_2.py took 0.097 seconds
[2026-03-15T16:59:36.516+0000] {processor.py:161} INFO - Started process (PID=1244) to work on /opt/airflow/dags/dbt_transform_2.py
[2026-03-15T16:59:36.517+0000] {processor.py:830} INFO - Processing file /opt/airflow/dags/dbt_transform_2.py for tasks to queue
[2026-03-15T16:59:36.518+0000] {logging_mixin.py:188} INFO - [2026-03-15T16:59:36.517+0000] {dagbag.py:540} INFO - Filling up the DagBag from /opt/airflow/dags/dbt_transform_2.py
[2026-03-15T16:59:36.527+0000] {processor.py:840} INFO - DAG(s) 'dbt_raw_to_gold' retrieved from /opt/airflow/dags/dbt_transform_2.py
[2026-03-15T16:59:36.549+0000] {logging_mixin.py:188} INFO - [2026-03-15T16:59:36.549+0000] {dag.py:3096} INFO - Sync 1 DAGs
[2026-03-15T16:59:36.567+0000] {logging_mixin.py:188} INFO - [2026-03-15T16:59:36.567+0000] {dag.py:3954} INFO - Setting next_dagrun for dbt_raw_to_gold to 2026-03-15 16:59:00+00:00, run_after=2026-03-15 17:00:00+00:00
[2026-03-15T16:59:36.580+0000] {processor.py:183} INFO - Processing /opt/airflow/dags/dbt_transform_2.py took 0.068 seconds
[2026-03-15T17:00:06.699+0000] {processor.py:161} INFO - Started process (PID=1267) to work on /opt/airflow/dags/dbt_transform_2.py
[2026-03-15T17:00:06.700+0000] {processor.py:830} INFO - Processing file /opt/airflow/dags/dbt_transform_2.py for tasks to queue
[2026-03-15T17:00:06.701+0000] {logging_mixin.py:188} INFO - [2026-03-15T17:00:06.700+0000] {dagbag.py:540} INFO - Filling up the DagBag from /opt/airflow/dags/dbt_transform_2.py
[2026-03-15T17:00:06.714+0000] {processor.py:840} INFO - DAG(s) 'dbt_raw_to_gold' retrieved from /opt/airflow/dags/dbt_transform_2.py
[2026-03-15T17:00:06.743+0000] {logging_mixin.py:188} INFO - [2026-03-15T17:00:06.742+0000] {dag.py:3096} INFO - Sync 1 DAGs
[2026-03-15T17:00:06.764+0000] {logging_mixin.py:188} INFO - [2026-03-15T17:00:06.764+0000] {dag.py:3954} INFO - Setting next_dagrun for dbt_raw_to_gold to 2026-03-15 17:00:00+00:00, run_after=2026-03-15 17:01:00+00:00
[2026-03-15T17:00:06.785+0000] {processor.py:183} INFO - Processing /opt/airflow/dags/dbt_transform_2.py took 0.092 seconds
[2026-03-15T17:00:36.820+0000] {processor.py:161} INFO - Started process (PID=1281) to work on /opt/airflow/dags/dbt_transform_2.py
[2026-03-15T17:00:36.821+0000] {processor.py:830} INFO - Processing file /opt/airflow/dags/dbt_transform_2.py for tasks to queue
[2026-03-15T17:00:36.821+0000] {logging_mixin.py:188} INFO - [2026-03-15T17:00:36.821+0000] {dagbag.py:540} INFO - Filling up the DagBag from /opt/airflow/dags/dbt_transform_2.py
[2026-03-15T17:00:36.833+0000] {processor.py:840} INFO - DAG(s) 'dbt_raw_to_gold' retrieved from /opt/airflow/dags/dbt_transform_2.py
[2026-03-15T17:00:36.856+0000] {logging_mixin.py:188} INFO - [2026-03-15T17:00:36.855+0000] {dag.py:3096} INFO - Sync 1 DAGs
[2026-03-15T17:00:36.875+0000] {logging_mixin.py:188} INFO - [2026-03-15T17:00:36.874+0000] {dag.py:3954} INFO - Setting next_dagrun for dbt_raw_to_gold to 2026-03-15 17:00:00+00:00, run_after=2026-03-15 17:01:00+00:00
[2026-03-15T17:00:36.887+0000] {processor.py:183} INFO - Processing /opt/airflow/dags/dbt_transform_2.py took 0.072 seconds
[2026-03-15T17:01:07.036+0000] {processor.py:161} INFO - Started process (PID=1304) to work on /opt/airflow/dags/dbt_transform_2.py
[2026-03-15T17:01:07.037+0000] {processor.py:830} INFO - Processing file /opt/airflow/dags/dbt_transform_2.py for tasks to queue
[2026-03-15T17:01:07.039+0000] {logging_mixin.py:188} INFO - [2026-03-15T17:01:07.038+0000] {dagbag.py:540} INFO - Filling up the DagBag from /opt/airflow/dags/dbt_transform_2.py
[2026-03-15T17:01:07.083+0000] {processor.py:840} INFO - DAG(s) 'dbt_raw_to_gold' retrieved from /opt/airflow/dags/dbt_transform_2.py
[2026-03-15T17:01:07.179+0000] {logging_mixin.py:188} INFO - [2026-03-15T17:01:07.179+0000] {dag.py:3096} INFO - Sync 1 DAGs
[2026-03-15T17:01:07.240+0000] {logging_mixin.py:188} INFO - [2026-03-15T17:01:07.240+0000] {dag.py:3954} INFO - Setting next_dagrun for dbt_raw_to_gold to 2026-03-15 17:01:00+00:00, run_after=2026-03-15 17:02:00+00:00
[2026-03-15T17:01:07.286+0000] {processor.py:183} INFO - Processing /opt/airflow/dags/dbt_transform_2.py took 0.263 seconds
