[2026-03-15T14:57:00.010+0000] {processor.py:161} INFO - Started process (PID=360) to work on /opt/airflow/dags/dbt_transform.py
[2026-03-15T14:57:00.011+0000] {processor.py:830} INFO - Processing file /opt/airflow/dags/dbt_transform.py for tasks to queue
[2026-03-15T14:57:00.016+0000] {logging_mixin.py:188} INFO - [2026-03-15T14:57:00.014+0000] {dagbag.py:540} INFO - Filling up the DagBag from /opt/airflow/dags/dbt_transform.py
[2026-03-15T14:57:00.080+0000] {processor.py:840} INFO - DAG(s) 'dbt_transform' retrieved from /opt/airflow/dags/dbt_transform.py
[2026-03-15T14:57:00.522+0000] {logging_mixin.py:188} INFO - [2026-03-15T14:57:00.521+0000] {override.py:1829} INFO - Created Permission View: can read on DAG:dbt_transform
[2026-03-15T14:57:00.531+0000] {logging_mixin.py:188} INFO - [2026-03-15T14:57:00.530+0000] {override.py:1829} INFO - Created Permission View: can delete on DAG:dbt_transform
[2026-03-15T14:57:00.535+0000] {logging_mixin.py:188} INFO - [2026-03-15T14:57:00.535+0000] {override.py:1829} INFO - Created Permission View: can edit on DAG:dbt_transform
[2026-03-15T14:57:00.536+0000] {logging_mixin.py:188} INFO - [2026-03-15T14:57:00.536+0000] {dag.py:3096} INFO - Sync 1 DAGs
[2026-03-15T14:57:00.552+0000] {logging_mixin.py:188} INFO - [2026-03-15T14:57:00.551+0000] {dag.py:3118} INFO - Creating ORM DAG for dbt_transform
[2026-03-15T14:57:00.574+0000] {logging_mixin.py:188} INFO - [2026-03-15T14:57:00.574+0000] {dag.py:3954} INFO - Setting next_dagrun for dbt_transform to 2026-03-15 13:00:00+00:00, run_after=2026-03-15 14:00:00+00:00
[2026-03-15T14:57:00.595+0000] {processor.py:183} INFO - Processing /opt/airflow/dags/dbt_transform.py took 0.591 seconds
[2026-03-15T14:57:30.711+0000] {processor.py:161} INFO - Started process (PID=371) to work on /opt/airflow/dags/dbt_transform.py
[2026-03-15T14:57:30.712+0000] {processor.py:830} INFO - Processing file /opt/airflow/dags/dbt_transform.py for tasks to queue
[2026-03-15T14:57:30.714+0000] {logging_mixin.py:188} INFO - [2026-03-15T14:57:30.714+0000] {dagbag.py:540} INFO - Filling up the DagBag from /opt/airflow/dags/dbt_transform.py
[2026-03-15T14:57:30.728+0000] {processor.py:840} INFO - DAG(s) 'dbt_transform' retrieved from /opt/airflow/dags/dbt_transform.py
[2026-03-15T14:57:30.756+0000] {logging_mixin.py:188} INFO - [2026-03-15T14:57:30.756+0000] {dag.py:3096} INFO - Sync 1 DAGs
[2026-03-15T14:57:30.778+0000] {logging_mixin.py:188} INFO - [2026-03-15T14:57:30.777+0000] {dag.py:3954} INFO - Setting next_dagrun for dbt_transform to 2026-03-15 14:00:00+00:00, run_after=2026-03-15 15:00:00+00:00
[2026-03-15T14:57:30.792+0000] {processor.py:183} INFO - Processing /opt/airflow/dags/dbt_transform.py took 0.087 seconds
[2026-03-15T14:58:00.883+0000] {processor.py:161} INFO - Started process (PID=380) to work on /opt/airflow/dags/dbt_transform.py
[2026-03-15T14:58:00.884+0000] {processor.py:830} INFO - Processing file /opt/airflow/dags/dbt_transform.py for tasks to queue
[2026-03-15T14:58:00.885+0000] {logging_mixin.py:188} INFO - [2026-03-15T14:58:00.885+0000] {dagbag.py:540} INFO - Filling up the DagBag from /opt/airflow/dags/dbt_transform.py
[2026-03-15T14:58:00.894+0000] {processor.py:840} INFO - DAG(s) 'dbt_transform' retrieved from /opt/airflow/dags/dbt_transform.py
[2026-03-15T14:58:00.916+0000] {logging_mixin.py:188} INFO - [2026-03-15T14:58:00.916+0000] {dag.py:3096} INFO - Sync 1 DAGs
[2026-03-15T14:58:00.936+0000] {logging_mixin.py:188} INFO - [2026-03-15T14:58:00.936+0000] {dag.py:3954} INFO - Setting next_dagrun for dbt_transform to 2026-03-15 14:00:00+00:00, run_after=2026-03-15 15:00:00+00:00
[2026-03-15T14:58:00.949+0000] {processor.py:183} INFO - Processing /opt/airflow/dags/dbt_transform.py took 0.070 seconds
[2026-03-15T14:58:30.991+0000] {processor.py:161} INFO - Started process (PID=385) to work on /opt/airflow/dags/dbt_transform.py
[2026-03-15T14:58:30.991+0000] {processor.py:830} INFO - Processing file /opt/airflow/dags/dbt_transform.py for tasks to queue
[2026-03-15T14:58:30.992+0000] {logging_mixin.py:188} INFO - [2026-03-15T14:58:30.992+0000] {dagbag.py:540} INFO - Filling up the DagBag from /opt/airflow/dags/dbt_transform.py
[2026-03-15T14:58:31.003+0000] {processor.py:840} INFO - DAG(s) 'dbt_transform' retrieved from /opt/airflow/dags/dbt_transform.py
[2026-03-15T14:58:31.023+0000] {logging_mixin.py:188} INFO - [2026-03-15T14:58:31.023+0000] {dag.py:3096} INFO - Sync 1 DAGs
[2026-03-15T14:58:31.042+0000] {logging_mixin.py:188} INFO - [2026-03-15T14:58:31.042+0000] {dag.py:3954} INFO - Setting next_dagrun for dbt_transform to 2026-03-15 14:00:00+00:00, run_after=2026-03-15 15:00:00+00:00
[2026-03-15T14:58:31.054+0000] {processor.py:183} INFO - Processing /opt/airflow/dags/dbt_transform.py took 0.067 seconds
[2026-03-15T14:59:01.153+0000] {processor.py:161} INFO - Started process (PID=390) to work on /opt/airflow/dags/dbt_transform.py
[2026-03-15T14:59:01.154+0000] {processor.py:830} INFO - Processing file /opt/airflow/dags/dbt_transform.py for tasks to queue
[2026-03-15T14:59:01.155+0000] {logging_mixin.py:188} INFO - [2026-03-15T14:59:01.155+0000] {dagbag.py:540} INFO - Filling up the DagBag from /opt/airflow/dags/dbt_transform.py
[2026-03-15T14:59:01.169+0000] {processor.py:840} INFO - DAG(s) 'dbt_transform' retrieved from /opt/airflow/dags/dbt_transform.py
[2026-03-15T14:59:01.205+0000] {logging_mixin.py:188} INFO - [2026-03-15T14:59:01.205+0000] {dag.py:3096} INFO - Sync 1 DAGs
[2026-03-15T14:59:01.240+0000] {logging_mixin.py:188} INFO - [2026-03-15T14:59:01.240+0000] {dag.py:3954} INFO - Setting next_dagrun for dbt_transform to 2026-03-15 14:00:00+00:00, run_after=2026-03-15 15:00:00+00:00
[2026-03-15T14:59:01.262+0000] {processor.py:183} INFO - Processing /opt/airflow/dags/dbt_transform.py took 0.113 seconds
[2026-03-15T14:59:31.361+0000] {processor.py:161} INFO - Started process (PID=395) to work on /opt/airflow/dags/dbt_transform.py
[2026-03-15T14:59:31.362+0000] {processor.py:830} INFO - Processing file /opt/airflow/dags/dbt_transform.py for tasks to queue
[2026-03-15T14:59:31.363+0000] {logging_mixin.py:188} INFO - [2026-03-15T14:59:31.363+0000] {dagbag.py:540} INFO - Filling up the DagBag from /opt/airflow/dags/dbt_transform.py
[2026-03-15T14:59:31.373+0000] {processor.py:840} INFO - DAG(s) 'dbt_transform' retrieved from /opt/airflow/dags/dbt_transform.py
[2026-03-15T14:59:31.397+0000] {logging_mixin.py:188} INFO - [2026-03-15T14:59:31.397+0000] {dag.py:3096} INFO - Sync 1 DAGs
[2026-03-15T14:59:31.416+0000] {logging_mixin.py:188} INFO - [2026-03-15T14:59:31.416+0000] {dag.py:3954} INFO - Setting next_dagrun for dbt_transform to 2026-03-15 14:00:00+00:00, run_after=2026-03-15 15:00:00+00:00
[2026-03-15T14:59:31.428+0000] {processor.py:183} INFO - Processing /opt/airflow/dags/dbt_transform.py took 0.071 seconds
[2026-03-15T15:00:01.464+0000] {processor.py:161} INFO - Started process (PID=403) to work on /opt/airflow/dags/dbt_transform.py
[2026-03-15T15:00:01.464+0000] {processor.py:830} INFO - Processing file /opt/airflow/dags/dbt_transform.py for tasks to queue
[2026-03-15T15:00:01.466+0000] {logging_mixin.py:188} INFO - [2026-03-15T15:00:01.465+0000] {dagbag.py:540} INFO - Filling up the DagBag from /opt/airflow/dags/dbt_transform.py
[2026-03-15T15:00:01.477+0000] {processor.py:840} INFO - DAG(s) 'dbt_transform' retrieved from /opt/airflow/dags/dbt_transform.py
[2026-03-15T15:00:01.499+0000] {logging_mixin.py:188} INFO - [2026-03-15T15:00:01.499+0000] {dag.py:3096} INFO - Sync 1 DAGs
[2026-03-15T15:00:01.522+0000] {logging_mixin.py:188} INFO - [2026-03-15T15:00:01.522+0000] {dag.py:3954} INFO - Setting next_dagrun for dbt_transform to 2026-03-15 15:00:00+00:00, run_after=2026-03-15 16:00:00+00:00
[2026-03-15T15:00:01.537+0000] {processor.py:183} INFO - Processing /opt/airflow/dags/dbt_transform.py took 0.078 seconds
[2026-03-15T15:00:31.619+0000] {processor.py:161} INFO - Started process (PID=410) to work on /opt/airflow/dags/dbt_transform.py
[2026-03-15T15:00:31.619+0000] {processor.py:830} INFO - Processing file /opt/airflow/dags/dbt_transform.py for tasks to queue
[2026-03-15T15:00:31.621+0000] {logging_mixin.py:188} INFO - [2026-03-15T15:00:31.620+0000] {dagbag.py:540} INFO - Filling up the DagBag from /opt/airflow/dags/dbt_transform.py
[2026-03-15T15:00:31.630+0000] {processor.py:840} INFO - DAG(s) 'dbt_transform' retrieved from /opt/airflow/dags/dbt_transform.py
[2026-03-15T15:00:31.652+0000] {logging_mixin.py:188} INFO - [2026-03-15T15:00:31.652+0000] {dag.py:3096} INFO - Sync 1 DAGs
[2026-03-15T15:00:31.671+0000] {logging_mixin.py:188} INFO - [2026-03-15T15:00:31.671+0000] {dag.py:3954} INFO - Setting next_dagrun for dbt_transform to 2026-03-15 15:00:00+00:00, run_after=2026-03-15 16:00:00+00:00
[2026-03-15T15:00:31.683+0000] {processor.py:183} INFO - Processing /opt/airflow/dags/dbt_transform.py took 0.068 seconds
[2026-03-15T15:05:08.645+0000] {processor.py:161} INFO - Started process (PID=241) to work on /opt/airflow/dags/dbt_transform.py
[2026-03-15T15:05:08.646+0000] {processor.py:830} INFO - Processing file /opt/airflow/dags/dbt_transform.py for tasks to queue
[2026-03-15T15:05:08.647+0000] {logging_mixin.py:188} INFO - [2026-03-15T15:05:08.647+0000] {dagbag.py:540} INFO - Filling up the DagBag from /opt/airflow/dags/dbt_transform.py
[2026-03-15T15:05:08.676+0000] {processor.py:840} INFO - DAG(s) 'dbt_transform' retrieved from /opt/airflow/dags/dbt_transform.py
[2026-03-15T15:05:08.918+0000] {logging_mixin.py:188} INFO - [2026-03-15T15:05:08.917+0000] {dag.py:3096} INFO - Sync 1 DAGs
[2026-03-15T15:05:08.934+0000] {logging_mixin.py:188} INFO - [2026-03-15T15:05:08.933+0000] {dag.py:3954} INFO - Setting next_dagrun for dbt_transform to 2026-03-15 15:00:00+00:00, run_after=2026-03-15 16:00:00+00:00
[2026-03-15T15:05:08.946+0000] {processor.py:183} INFO - Processing /opt/airflow/dags/dbt_transform.py took 0.304 seconds
[2026-03-15T15:05:39.050+0000] {processor.py:161} INFO - Started process (PID=274) to work on /opt/airflow/dags/dbt_transform.py
[2026-03-15T15:05:39.051+0000] {processor.py:830} INFO - Processing file /opt/airflow/dags/dbt_transform.py for tasks to queue
[2026-03-15T15:05:39.052+0000] {logging_mixin.py:188} INFO - [2026-03-15T15:05:39.051+0000] {dagbag.py:540} INFO - Filling up the DagBag from /opt/airflow/dags/dbt_transform.py
[2026-03-15T15:05:39.060+0000] {processor.py:840} INFO - DAG(s) 'dbt_transform' retrieved from /opt/airflow/dags/dbt_transform.py
[2026-03-15T15:05:39.079+0000] {logging_mixin.py:188} INFO - [2026-03-15T15:05:39.079+0000] {dag.py:3096} INFO - Sync 1 DAGs
[2026-03-15T15:05:39.096+0000] {logging_mixin.py:188} INFO - [2026-03-15T15:05:39.096+0000] {dag.py:3954} INFO - Setting next_dagrun for dbt_transform to 2026-03-15 15:00:00+00:00, run_after=2026-03-15 16:00:00+00:00
[2026-03-15T15:05:39.109+0000] {processor.py:183} INFO - Processing /opt/airflow/dags/dbt_transform.py took 0.063 seconds
[2026-03-15T15:06:09.159+0000] {processor.py:161} INFO - Started process (PID=279) to work on /opt/airflow/dags/dbt_transform.py
[2026-03-15T15:06:09.159+0000] {processor.py:830} INFO - Processing file /opt/airflow/dags/dbt_transform.py for tasks to queue
[2026-03-15T15:06:09.161+0000] {logging_mixin.py:188} INFO - [2026-03-15T15:06:09.161+0000] {dagbag.py:540} INFO - Filling up the DagBag from /opt/airflow/dags/dbt_transform.py
[2026-03-15T15:06:09.179+0000] {processor.py:840} INFO - DAG(s) 'dbt_transform' retrieved from /opt/airflow/dags/dbt_transform.py
[2026-03-15T15:06:09.203+0000] {logging_mixin.py:188} INFO - [2026-03-15T15:06:09.203+0000] {dag.py:3096} INFO - Sync 1 DAGs
[2026-03-15T15:06:09.229+0000] {logging_mixin.py:188} INFO - [2026-03-15T15:06:09.228+0000] {dag.py:3954} INFO - Setting next_dagrun for dbt_transform to 2026-03-15 15:00:00+00:00, run_after=2026-03-15 16:00:00+00:00
[2026-03-15T15:06:09.247+0000] {processor.py:183} INFO - Processing /opt/airflow/dags/dbt_transform.py took 0.093 seconds
[2026-03-15T15:16:53.196+0000] {processor.py:161} INFO - Started process (PID=242) to work on /opt/airflow/dags/dbt_transform.py
[2026-03-15T15:16:53.196+0000] {processor.py:830} INFO - Processing file /opt/airflow/dags/dbt_transform.py for tasks to queue
[2026-03-15T15:16:53.197+0000] {logging_mixin.py:188} INFO - [2026-03-15T15:16:53.197+0000] {dagbag.py:540} INFO - Filling up the DagBag from /opt/airflow/dags/dbt_transform.py
[2026-03-15T15:16:53.228+0000] {processor.py:840} INFO - DAG(s) 'dbt_transform' retrieved from /opt/airflow/dags/dbt_transform.py
[2026-03-15T15:16:53.493+0000] {logging_mixin.py:188} INFO - [2026-03-15T15:16:53.492+0000] {override.py:1829} INFO - Created Permission View: can read on DAG:dbt_transform
[2026-03-15T15:16:53.500+0000] {logging_mixin.py:188} INFO - [2026-03-15T15:16:53.500+0000] {override.py:1829} INFO - Created Permission View: can delete on DAG:dbt_transform
[2026-03-15T15:16:53.504+0000] {logging_mixin.py:188} INFO - [2026-03-15T15:16:53.504+0000] {override.py:1829} INFO - Created Permission View: can edit on DAG:dbt_transform
[2026-03-15T15:16:53.504+0000] {logging_mixin.py:188} INFO - [2026-03-15T15:16:53.504+0000] {dag.py:3096} INFO - Sync 1 DAGs
[2026-03-15T15:16:53.512+0000] {logging_mixin.py:188} INFO - [2026-03-15T15:16:53.512+0000] {dag.py:3118} INFO - Creating ORM DAG for dbt_transform
[2026-03-15T15:16:53.521+0000] {logging_mixin.py:188} INFO - [2026-03-15T15:16:53.521+0000] {dag.py:3954} INFO - Setting next_dagrun for dbt_transform to 2026-03-15 14:00:00+00:00, run_after=2026-03-15 15:00:00+00:00
[2026-03-15T15:16:53.534+0000] {processor.py:183} INFO - Processing /opt/airflow/dags/dbt_transform.py took 0.342 seconds
[2026-03-15T15:17:23.642+0000] {processor.py:161} INFO - Started process (PID=247) to work on /opt/airflow/dags/dbt_transform.py
[2026-03-15T15:17:23.643+0000] {processor.py:830} INFO - Processing file /opt/airflow/dags/dbt_transform.py for tasks to queue
[2026-03-15T15:17:23.644+0000] {logging_mixin.py:188} INFO - [2026-03-15T15:17:23.644+0000] {dagbag.py:540} INFO - Filling up the DagBag from /opt/airflow/dags/dbt_transform.py
[2026-03-15T15:17:23.654+0000] {processor.py:840} INFO - DAG(s) 'dbt_transform' retrieved from /opt/airflow/dags/dbt_transform.py
[2026-03-15T15:17:23.675+0000] {logging_mixin.py:188} INFO - [2026-03-15T15:17:23.675+0000] {dag.py:3096} INFO - Sync 1 DAGs
[2026-03-15T15:17:23.693+0000] {logging_mixin.py:188} INFO - [2026-03-15T15:17:23.693+0000] {dag.py:3954} INFO - Setting next_dagrun for dbt_transform to 2026-03-15 14:00:00+00:00, run_after=2026-03-15 15:00:00+00:00
[2026-03-15T15:17:23.706+0000] {processor.py:183} INFO - Processing /opt/airflow/dags/dbt_transform.py took 0.069 seconds
[2026-03-15T16:25:05.957+0000] {processor.py:161} INFO - Started process (PID=242) to work on /opt/airflow/dags/dbt_transform.py
[2026-03-15T16:25:05.958+0000] {processor.py:830} INFO - Processing file /opt/airflow/dags/dbt_transform.py for tasks to queue
[2026-03-15T16:25:05.959+0000] {logging_mixin.py:188} INFO - [2026-03-15T16:25:05.959+0000] {dagbag.py:540} INFO - Filling up the DagBag from /opt/airflow/dags/dbt_transform.py
[2026-03-15T16:25:05.990+0000] {processor.py:840} INFO - DAG(s) 'dbt_transform' retrieved from /opt/airflow/dags/dbt_transform.py
[2026-03-15T16:25:06.299+0000] {logging_mixin.py:188} INFO - [2026-03-15T16:25:06.298+0000] {override.py:1829} INFO - Created Permission View: can edit on DAG:dbt_transform
[2026-03-15T16:25:06.313+0000] {logging_mixin.py:188} INFO - [2026-03-15T16:25:06.312+0000] {override.py:1829} INFO - Created Permission View: can read on DAG:dbt_transform
[2026-03-15T16:25:06.318+0000] {logging_mixin.py:188} INFO - [2026-03-15T16:25:06.317+0000] {override.py:1829} INFO - Created Permission View: can delete on DAG:dbt_transform
[2026-03-15T16:25:06.318+0000] {logging_mixin.py:188} INFO - [2026-03-15T16:25:06.318+0000] {dag.py:3096} INFO - Sync 1 DAGs
[2026-03-15T16:25:06.327+0000] {logging_mixin.py:188} INFO - [2026-03-15T16:25:06.327+0000] {dag.py:3118} INFO - Creating ORM DAG for dbt_transform
[2026-03-15T16:25:06.337+0000] {logging_mixin.py:188} INFO - [2026-03-15T16:25:06.337+0000] {dag.py:3954} INFO - Setting next_dagrun for dbt_transform to 2026-03-15 16:24:00+00:00, run_after=2026-03-15 16:25:00+00:00
[2026-03-15T16:25:06.352+0000] {processor.py:183} INFO - Processing /opt/airflow/dags/dbt_transform.py took 0.399 seconds
[2026-03-15T16:25:36.460+0000] {processor.py:161} INFO - Started process (PID=247) to work on /opt/airflow/dags/dbt_transform.py
[2026-03-15T16:25:36.461+0000] {processor.py:830} INFO - Processing file /opt/airflow/dags/dbt_transform.py for tasks to queue
[2026-03-15T16:25:36.462+0000] {logging_mixin.py:188} INFO - [2026-03-15T16:25:36.462+0000] {dagbag.py:540} INFO - Filling up the DagBag from /opt/airflow/dags/dbt_transform.py
[2026-03-15T16:25:36.470+0000] {processor.py:840} INFO - DAG(s) 'dbt_transform' retrieved from /opt/airflow/dags/dbt_transform.py
[2026-03-15T16:25:36.490+0000] {logging_mixin.py:188} INFO - [2026-03-15T16:25:36.490+0000] {dag.py:3096} INFO - Sync 1 DAGs
[2026-03-15T16:25:36.506+0000] {logging_mixin.py:188} INFO - [2026-03-15T16:25:36.506+0000] {dag.py:3954} INFO - Setting next_dagrun for dbt_transform to 2026-03-15 16:24:00+00:00, run_after=2026-03-15 16:25:00+00:00
[2026-03-15T16:25:36.517+0000] {processor.py:183} INFO - Processing /opt/airflow/dags/dbt_transform.py took 0.061 seconds
[2026-03-15T16:26:06.562+0000] {processor.py:161} INFO - Started process (PID=267) to work on /opt/airflow/dags/dbt_transform.py
[2026-03-15T16:26:06.563+0000] {processor.py:830} INFO - Processing file /opt/airflow/dags/dbt_transform.py for tasks to queue
[2026-03-15T16:26:06.564+0000] {logging_mixin.py:188} INFO - [2026-03-15T16:26:06.564+0000] {dagbag.py:540} INFO - Filling up the DagBag from /opt/airflow/dags/dbt_transform.py
[2026-03-15T16:26:06.572+0000] {processor.py:840} INFO - DAG(s) 'dbt_transform' retrieved from /opt/airflow/dags/dbt_transform.py
[2026-03-15T16:26:06.593+0000] {logging_mixin.py:188} INFO - [2026-03-15T16:26:06.592+0000] {dag.py:3096} INFO - Sync 1 DAGs
[2026-03-15T16:26:06.611+0000] {logging_mixin.py:188} INFO - [2026-03-15T16:26:06.611+0000] {dag.py:3954} INFO - Setting next_dagrun for dbt_transform to 2026-03-15 16:26:00+00:00, run_after=2026-03-15 16:27:00+00:00
[2026-03-15T16:26:06.630+0000] {processor.py:183} INFO - Processing /opt/airflow/dags/dbt_transform.py took 0.072 seconds
[2026-03-15T16:26:36.712+0000] {processor.py:161} INFO - Started process (PID=272) to work on /opt/airflow/dags/dbt_transform.py
[2026-03-15T16:26:36.712+0000] {processor.py:830} INFO - Processing file /opt/airflow/dags/dbt_transform.py for tasks to queue
[2026-03-15T16:26:36.713+0000] {logging_mixin.py:188} INFO - [2026-03-15T16:26:36.713+0000] {dagbag.py:540} INFO - Filling up the DagBag from /opt/airflow/dags/dbt_transform.py
[2026-03-15T16:26:36.721+0000] {processor.py:840} INFO - DAG(s) 'dbt_transform' retrieved from /opt/airflow/dags/dbt_transform.py
[2026-03-15T16:26:36.742+0000] {logging_mixin.py:188} INFO - [2026-03-15T16:26:36.742+0000] {dag.py:3096} INFO - Sync 1 DAGs
[2026-03-15T16:26:36.759+0000] {logging_mixin.py:188} INFO - [2026-03-15T16:26:36.759+0000] {dag.py:3954} INFO - Setting next_dagrun for dbt_transform to 2026-03-15 16:26:00+00:00, run_after=2026-03-15 16:27:00+00:00
[2026-03-15T16:26:36.771+0000] {processor.py:183} INFO - Processing /opt/airflow/dags/dbt_transform.py took 0.063 seconds
[2026-03-15T16:27:06.827+0000] {processor.py:161} INFO - Started process (PID=282) to work on /opt/airflow/dags/dbt_transform.py
[2026-03-15T16:27:06.828+0000] {processor.py:830} INFO - Processing file /opt/airflow/dags/dbt_transform.py for tasks to queue
[2026-03-15T16:27:06.830+0000] {logging_mixin.py:188} INFO - [2026-03-15T16:27:06.830+0000] {dagbag.py:540} INFO - Filling up the DagBag from /opt/airflow/dags/dbt_transform.py
[2026-03-15T16:27:06.843+0000] {processor.py:840} INFO - DAG(s) 'dbt_transform' retrieved from /opt/airflow/dags/dbt_transform.py
[2026-03-15T16:27:06.874+0000] {logging_mixin.py:188} INFO - [2026-03-15T16:27:06.873+0000] {dag.py:3096} INFO - Sync 1 DAGs
[2026-03-15T16:27:06.900+0000] {logging_mixin.py:188} INFO - [2026-03-15T16:27:06.900+0000] {dag.py:3954} INFO - Setting next_dagrun for dbt_transform to 2026-03-15 16:27:00+00:00, run_after=2026-03-15 16:28:00+00:00
[2026-03-15T16:27:06.918+0000] {processor.py:183} INFO - Processing /opt/airflow/dags/dbt_transform.py took 0.096 seconds
[2026-03-15T16:27:36.977+0000] {processor.py:161} INFO - Started process (PID=287) to work on /opt/airflow/dags/dbt_transform.py
[2026-03-15T16:27:36.978+0000] {processor.py:830} INFO - Processing file /opt/airflow/dags/dbt_transform.py for tasks to queue
[2026-03-15T16:27:36.982+0000] {logging_mixin.py:188} INFO - [2026-03-15T16:27:36.981+0000] {dagbag.py:540} INFO - Filling up the DagBag from /opt/airflow/dags/dbt_transform.py
[2026-03-15T16:27:37.017+0000] {processor.py:840} INFO - DAG(s) 'dbt_transform' retrieved from /opt/airflow/dags/dbt_transform.py
[2026-03-15T16:27:37.081+0000] {logging_mixin.py:188} INFO - [2026-03-15T16:27:37.081+0000] {dag.py:3096} INFO - Sync 1 DAGs
[2026-03-15T16:27:37.130+0000] {logging_mixin.py:188} INFO - [2026-03-15T16:27:37.129+0000] {dag.py:3954} INFO - Setting next_dagrun for dbt_transform to 2026-03-15 16:27:00+00:00, run_after=2026-03-15 16:28:00+00:00
[2026-03-15T16:27:37.156+0000] {processor.py:183} INFO - Processing /opt/airflow/dags/dbt_transform.py took 0.188 seconds
[2026-03-15T16:28:07.257+0000] {processor.py:161} INFO - Started process (PID=297) to work on /opt/airflow/dags/dbt_transform.py
[2026-03-15T16:28:07.257+0000] {processor.py:830} INFO - Processing file /opt/airflow/dags/dbt_transform.py for tasks to queue
[2026-03-15T16:28:07.258+0000] {logging_mixin.py:188} INFO - [2026-03-15T16:28:07.258+0000] {dagbag.py:540} INFO - Filling up the DagBag from /opt/airflow/dags/dbt_transform.py
[2026-03-15T16:28:07.268+0000] {processor.py:840} INFO - DAG(s) 'dbt_transform' retrieved from /opt/airflow/dags/dbt_transform.py
[2026-03-15T16:28:07.291+0000] {logging_mixin.py:188} INFO - [2026-03-15T16:28:07.291+0000] {dag.py:3096} INFO - Sync 1 DAGs
[2026-03-15T16:28:07.309+0000] {logging_mixin.py:188} INFO - [2026-03-15T16:28:07.309+0000] {dag.py:3954} INFO - Setting next_dagrun for dbt_transform to 2026-03-15 16:28:00+00:00, run_after=2026-03-15 16:29:00+00:00
[2026-03-15T16:28:07.321+0000] {processor.py:183} INFO - Processing /opt/airflow/dags/dbt_transform.py took 0.069 seconds
[2026-03-15T16:28:37.361+0000] {processor.py:161} INFO - Started process (PID=302) to work on /opt/airflow/dags/dbt_transform.py
[2026-03-15T16:28:37.361+0000] {processor.py:830} INFO - Processing file /opt/airflow/dags/dbt_transform.py for tasks to queue
[2026-03-15T16:28:37.362+0000] {logging_mixin.py:188} INFO - [2026-03-15T16:28:37.362+0000] {dagbag.py:540} INFO - Filling up the DagBag from /opt/airflow/dags/dbt_transform.py
[2026-03-15T16:28:37.372+0000] {processor.py:840} INFO - DAG(s) 'dbt_transform' retrieved from /opt/airflow/dags/dbt_transform.py
[2026-03-15T16:28:37.393+0000] {logging_mixin.py:188} INFO - [2026-03-15T16:28:37.393+0000] {dag.py:3096} INFO - Sync 1 DAGs
[2026-03-15T16:28:37.411+0000] {logging_mixin.py:188} INFO - [2026-03-15T16:28:37.411+0000] {dag.py:3954} INFO - Setting next_dagrun for dbt_transform to 2026-03-15 16:28:00+00:00, run_after=2026-03-15 16:29:00+00:00
[2026-03-15T16:28:37.424+0000] {processor.py:183} INFO - Processing /opt/airflow/dags/dbt_transform.py took 0.067 seconds
[2026-03-15T16:29:07.512+0000] {processor.py:161} INFO - Started process (PID=312) to work on /opt/airflow/dags/dbt_transform.py
[2026-03-15T16:29:07.512+0000] {processor.py:830} INFO - Processing file /opt/airflow/dags/dbt_transform.py for tasks to queue
[2026-03-15T16:29:07.517+0000] {logging_mixin.py:188} INFO - [2026-03-15T16:29:07.516+0000] {dagbag.py:540} INFO - Filling up the DagBag from /opt/airflow/dags/dbt_transform.py
[2026-03-15T16:29:07.532+0000] {processor.py:840} INFO - DAG(s) 'dbt_transform' retrieved from /opt/airflow/dags/dbt_transform.py
[2026-03-15T16:29:07.560+0000] {logging_mixin.py:188} INFO - [2026-03-15T16:29:07.559+0000] {dag.py:3096} INFO - Sync 1 DAGs
[2026-03-15T16:29:07.586+0000] {logging_mixin.py:188} INFO - [2026-03-15T16:29:07.585+0000] {dag.py:3954} INFO - Setting next_dagrun for dbt_transform to 2026-03-15 16:29:00+00:00, run_after=2026-03-15 16:30:00+00:00
[2026-03-15T16:29:07.601+0000] {processor.py:183} INFO - Processing /opt/airflow/dags/dbt_transform.py took 0.094 seconds
[2026-03-15T16:29:37.695+0000] {processor.py:161} INFO - Started process (PID=317) to work on /opt/airflow/dags/dbt_transform.py
[2026-03-15T16:29:37.696+0000] {processor.py:830} INFO - Processing file /opt/airflow/dags/dbt_transform.py for tasks to queue
[2026-03-15T16:29:37.697+0000] {logging_mixin.py:188} INFO - [2026-03-15T16:29:37.697+0000] {dagbag.py:540} INFO - Filling up the DagBag from /opt/airflow/dags/dbt_transform.py
[2026-03-15T16:29:37.706+0000] {processor.py:840} INFO - DAG(s) 'dbt_transform' retrieved from /opt/airflow/dags/dbt_transform.py
[2026-03-15T16:29:37.729+0000] {logging_mixin.py:188} INFO - [2026-03-15T16:29:37.729+0000] {dag.py:3096} INFO - Sync 1 DAGs
[2026-03-15T16:29:37.747+0000] {logging_mixin.py:188} INFO - [2026-03-15T16:29:37.747+0000] {dag.py:3954} INFO - Setting next_dagrun for dbt_transform to 2026-03-15 16:29:00+00:00, run_after=2026-03-15 16:30:00+00:00
[2026-03-15T16:29:37.766+0000] {processor.py:183} INFO - Processing /opt/airflow/dags/dbt_transform.py took 0.075 seconds
[2026-03-15T16:30:07.798+0000] {processor.py:161} INFO - Started process (PID=327) to work on /opt/airflow/dags/dbt_transform.py
[2026-03-15T16:30:07.798+0000] {processor.py:830} INFO - Processing file /opt/airflow/dags/dbt_transform.py for tasks to queue
[2026-03-15T16:30:07.800+0000] {logging_mixin.py:188} INFO - [2026-03-15T16:30:07.799+0000] {dagbag.py:540} INFO - Filling up the DagBag from /opt/airflow/dags/dbt_transform.py
[2026-03-15T16:30:07.809+0000] {processor.py:840} INFO - DAG(s) 'dbt_transform' retrieved from /opt/airflow/dags/dbt_transform.py
[2026-03-15T16:30:07.831+0000] {logging_mixin.py:188} INFO - [2026-03-15T16:30:07.831+0000] {dag.py:3096} INFO - Sync 1 DAGs
[2026-03-15T16:30:07.849+0000] {logging_mixin.py:188} INFO - [2026-03-15T16:30:07.849+0000] {dag.py:3954} INFO - Setting next_dagrun for dbt_transform to 2026-03-15 16:30:00+00:00, run_after=2026-03-15 16:31:00+00:00
[2026-03-15T16:30:07.863+0000] {processor.py:183} INFO - Processing /opt/airflow/dags/dbt_transform.py took 0.069 seconds
[2026-03-15T16:30:37.945+0000] {processor.py:161} INFO - Started process (PID=332) to work on /opt/airflow/dags/dbt_transform.py
[2026-03-15T16:30:37.946+0000] {processor.py:830} INFO - Processing file /opt/airflow/dags/dbt_transform.py for tasks to queue
[2026-03-15T16:30:37.947+0000] {logging_mixin.py:188} INFO - [2026-03-15T16:30:37.947+0000] {dagbag.py:540} INFO - Filling up the DagBag from /opt/airflow/dags/dbt_transform.py
[2026-03-15T16:30:37.956+0000] {processor.py:840} INFO - DAG(s) 'dbt_transform' retrieved from /opt/airflow/dags/dbt_transform.py
[2026-03-15T16:30:37.976+0000] {logging_mixin.py:188} INFO - [2026-03-15T16:30:37.976+0000] {dag.py:3096} INFO - Sync 1 DAGs
[2026-03-15T16:30:37.995+0000] {logging_mixin.py:188} INFO - [2026-03-15T16:30:37.995+0000] {dag.py:3954} INFO - Setting next_dagrun for dbt_transform to 2026-03-15 16:30:00+00:00, run_after=2026-03-15 16:31:00+00:00
[2026-03-15T16:30:38.015+0000] {processor.py:183} INFO - Processing /opt/airflow/dags/dbt_transform.py took 0.073 seconds
[2026-03-15T16:31:08.052+0000] {processor.py:161} INFO - Started process (PID=351) to work on /opt/airflow/dags/dbt_transform.py
[2026-03-15T16:31:08.053+0000] {processor.py:830} INFO - Processing file /opt/airflow/dags/dbt_transform.py for tasks to queue
[2026-03-15T16:31:08.054+0000] {logging_mixin.py:188} INFO - [2026-03-15T16:31:08.054+0000] {dagbag.py:540} INFO - Filling up the DagBag from /opt/airflow/dags/dbt_transform.py
[2026-03-15T16:31:08.063+0000] {processor.py:840} INFO - DAG(s) 'dbt_transform' retrieved from /opt/airflow/dags/dbt_transform.py
[2026-03-15T16:31:08.085+0000] {logging_mixin.py:188} INFO - [2026-03-15T16:31:08.085+0000] {dag.py:3096} INFO - Sync 1 DAGs
[2026-03-15T16:31:08.105+0000] {logging_mixin.py:188} INFO - [2026-03-15T16:31:08.104+0000] {dag.py:3954} INFO - Setting next_dagrun for dbt_transform to 2026-03-15 16:31:00+00:00, run_after=2026-03-15 16:32:00+00:00
[2026-03-15T16:31:08.118+0000] {processor.py:183} INFO - Processing /opt/airflow/dags/dbt_transform.py took 0.070 seconds
[2026-03-15T16:31:38.212+0000] {processor.py:161} INFO - Started process (PID=374) to work on /opt/airflow/dags/dbt_transform.py
[2026-03-15T16:31:38.212+0000] {processor.py:830} INFO - Processing file /opt/airflow/dags/dbt_transform.py for tasks to queue
[2026-03-15T16:31:38.213+0000] {logging_mixin.py:188} INFO - [2026-03-15T16:31:38.213+0000] {dagbag.py:540} INFO - Filling up the DagBag from /opt/airflow/dags/dbt_transform.py
[2026-03-15T16:31:38.222+0000] {processor.py:840} INFO - DAG(s) 'dbt_transform' retrieved from /opt/airflow/dags/dbt_transform.py
[2026-03-15T16:31:38.250+0000] {logging_mixin.py:188} INFO - [2026-03-15T16:31:38.250+0000] {dag.py:3096} INFO - Sync 1 DAGs
[2026-03-15T16:31:38.267+0000] {logging_mixin.py:188} INFO - [2026-03-15T16:31:38.267+0000] {dag.py:3954} INFO - Setting next_dagrun for dbt_transform to 2026-03-15 16:31:00+00:00, run_after=2026-03-15 16:32:00+00:00
[2026-03-15T16:31:38.279+0000] {processor.py:183} INFO - Processing /opt/airflow/dags/dbt_transform.py took 0.072 seconds
[2026-03-15T16:32:08.315+0000] {processor.py:161} INFO - Started process (PID=387) to work on /opt/airflow/dags/dbt_transform.py
[2026-03-15T16:32:08.315+0000] {processor.py:830} INFO - Processing file /opt/airflow/dags/dbt_transform.py for tasks to queue
[2026-03-15T16:32:08.317+0000] {logging_mixin.py:188} INFO - [2026-03-15T16:32:08.316+0000] {dagbag.py:540} INFO - Filling up the DagBag from /opt/airflow/dags/dbt_transform.py
[2026-03-15T16:32:08.325+0000] {processor.py:840} INFO - DAG(s) 'dbt_transform' retrieved from /opt/airflow/dags/dbt_transform.py
[2026-03-15T16:32:08.347+0000] {logging_mixin.py:188} INFO - [2026-03-15T16:32:08.346+0000] {dag.py:3096} INFO - Sync 1 DAGs
[2026-03-15T16:32:08.364+0000] {logging_mixin.py:188} INFO - [2026-03-15T16:32:08.364+0000] {dag.py:3954} INFO - Setting next_dagrun for dbt_transform to 2026-03-15 16:32:00+00:00, run_after=2026-03-15 16:33:00+00:00
[2026-03-15T16:32:08.376+0000] {processor.py:183} INFO - Processing /opt/airflow/dags/dbt_transform.py took 0.066 seconds
[2026-03-15T16:32:38.479+0000] {processor.py:161} INFO - Started process (PID=398) to work on /opt/airflow/dags/dbt_transform.py
[2026-03-15T16:32:38.479+0000] {processor.py:830} INFO - Processing file /opt/airflow/dags/dbt_transform.py for tasks to queue
[2026-03-15T16:32:38.481+0000] {logging_mixin.py:188} INFO - [2026-03-15T16:32:38.480+0000] {dagbag.py:540} INFO - Filling up the DagBag from /opt/airflow/dags/dbt_transform.py
[2026-03-15T16:32:38.491+0000] {processor.py:840} INFO - DAG(s) 'dbt_transform' retrieved from /opt/airflow/dags/dbt_transform.py
[2026-03-15T16:32:38.513+0000] {logging_mixin.py:188} INFO - [2026-03-15T16:32:38.513+0000] {dag.py:3096} INFO - Sync 1 DAGs
[2026-03-15T16:32:38.533+0000] {logging_mixin.py:188} INFO - [2026-03-15T16:32:38.533+0000] {dag.py:3954} INFO - Setting next_dagrun for dbt_transform to 2026-03-15 16:32:00+00:00, run_after=2026-03-15 16:33:00+00:00
[2026-03-15T16:32:38.546+0000] {processor.py:183} INFO - Processing /opt/airflow/dags/dbt_transform.py took 0.072 seconds
[2026-03-15T16:33:08.579+0000] {processor.py:161} INFO - Started process (PID=412) to work on /opt/airflow/dags/dbt_transform.py
[2026-03-15T16:33:08.579+0000] {processor.py:830} INFO - Processing file /opt/airflow/dags/dbt_transform.py for tasks to queue
[2026-03-15T16:33:08.581+0000] {logging_mixin.py:188} INFO - [2026-03-15T16:33:08.580+0000] {dagbag.py:540} INFO - Filling up the DagBag from /opt/airflow/dags/dbt_transform.py
[2026-03-15T16:33:08.590+0000] {processor.py:840} INFO - DAG(s) 'dbt_transform' retrieved from /opt/airflow/dags/dbt_transform.py
[2026-03-15T16:33:08.612+0000] {logging_mixin.py:188} INFO - [2026-03-15T16:33:08.612+0000] {dag.py:3096} INFO - Sync 1 DAGs
[2026-03-15T16:33:08.631+0000] {logging_mixin.py:188} INFO - [2026-03-15T16:33:08.631+0000] {dag.py:3954} INFO - Setting next_dagrun for dbt_transform to 2026-03-15 16:33:00+00:00, run_after=2026-03-15 16:34:00+00:00
[2026-03-15T16:33:08.652+0000] {processor.py:183} INFO - Processing /opt/airflow/dags/dbt_transform.py took 0.077 seconds
[2026-03-15T16:33:38.749+0000] {processor.py:161} INFO - Started process (PID=429) to work on /opt/airflow/dags/dbt_transform.py
[2026-03-15T16:33:38.750+0000] {processor.py:830} INFO - Processing file /opt/airflow/dags/dbt_transform.py for tasks to queue
[2026-03-15T16:33:38.751+0000] {logging_mixin.py:188} INFO - [2026-03-15T16:33:38.751+0000] {dagbag.py:540} INFO - Filling up the DagBag from /opt/airflow/dags/dbt_transform.py
[2026-03-15T16:33:38.761+0000] {processor.py:840} INFO - DAG(s) 'dbt_transform' retrieved from /opt/airflow/dags/dbt_transform.py
[2026-03-15T16:33:38.784+0000] {logging_mixin.py:188} INFO - [2026-03-15T16:33:38.784+0000] {dag.py:3096} INFO - Sync 1 DAGs
[2026-03-15T16:33:38.808+0000] {logging_mixin.py:188} INFO - [2026-03-15T16:33:38.808+0000] {dag.py:3954} INFO - Setting next_dagrun for dbt_transform to 2026-03-15 16:33:00+00:00, run_after=2026-03-15 16:34:00+00:00
[2026-03-15T16:33:38.823+0000] {processor.py:183} INFO - Processing /opt/airflow/dags/dbt_transform.py took 0.078 seconds
[2026-03-15T16:34:08.870+0000] {processor.py:161} INFO - Started process (PID=459) to work on /opt/airflow/dags/dbt_transform.py
[2026-03-15T16:34:08.871+0000] {processor.py:830} INFO - Processing file /opt/airflow/dags/dbt_transform.py for tasks to queue
[2026-03-15T16:34:08.879+0000] {logging_mixin.py:188} INFO - [2026-03-15T16:34:08.878+0000] {dagbag.py:540} INFO - Filling up the DagBag from /opt/airflow/dags/dbt_transform.py
[2026-03-15T16:34:08.905+0000] {processor.py:840} INFO - DAG(s) 'dbt_transform' retrieved from /opt/airflow/dags/dbt_transform.py
[2026-03-15T16:34:08.947+0000] {logging_mixin.py:188} INFO - [2026-03-15T16:34:08.947+0000] {dag.py:3096} INFO - Sync 1 DAGs
[2026-03-15T16:34:08.972+0000] {logging_mixin.py:188} INFO - [2026-03-15T16:34:08.972+0000] {dag.py:3954} INFO - Setting next_dagrun for dbt_transform to 2026-03-15 16:34:00+00:00, run_after=2026-03-15 16:35:00+00:00
[2026-03-15T16:34:08.987+0000] {processor.py:183} INFO - Processing /opt/airflow/dags/dbt_transform.py took 0.129 seconds
[2026-03-15T16:34:39.019+0000] {processor.py:161} INFO - Started process (PID=469) to work on /opt/airflow/dags/dbt_transform.py
[2026-03-15T16:34:39.019+0000] {processor.py:830} INFO - Processing file /opt/airflow/dags/dbt_transform.py for tasks to queue
[2026-03-15T16:34:39.021+0000] {logging_mixin.py:188} INFO - [2026-03-15T16:34:39.020+0000] {dagbag.py:540} INFO - Filling up the DagBag from /opt/airflow/dags/dbt_transform.py
[2026-03-15T16:34:39.029+0000] {processor.py:840} INFO - DAG(s) 'dbt_transform' retrieved from /opt/airflow/dags/dbt_transform.py
[2026-03-15T16:34:39.050+0000] {logging_mixin.py:188} INFO - [2026-03-15T16:34:39.050+0000] {dag.py:3096} INFO - Sync 1 DAGs
[2026-03-15T16:34:39.068+0000] {logging_mixin.py:188} INFO - [2026-03-15T16:34:39.068+0000] {dag.py:3954} INFO - Setting next_dagrun for dbt_transform to 2026-03-15 16:34:00+00:00, run_after=2026-03-15 16:35:00+00:00
[2026-03-15T16:34:39.080+0000] {processor.py:183} INFO - Processing /opt/airflow/dags/dbt_transform.py took 0.065 seconds
[2026-03-15T16:35:09.188+0000] {processor.py:161} INFO - Started process (PID=484) to work on /opt/airflow/dags/dbt_transform.py
[2026-03-15T16:35:09.188+0000] {processor.py:830} INFO - Processing file /opt/airflow/dags/dbt_transform.py for tasks to queue
[2026-03-15T16:35:09.190+0000] {logging_mixin.py:188} INFO - [2026-03-15T16:35:09.190+0000] {dagbag.py:540} INFO - Filling up the DagBag from /opt/airflow/dags/dbt_transform.py
[2026-03-15T16:35:09.199+0000] {processor.py:840} INFO - DAG(s) 'dbt_transform' retrieved from /opt/airflow/dags/dbt_transform.py
[2026-03-15T16:35:09.228+0000] {logging_mixin.py:188} INFO - [2026-03-15T16:35:09.228+0000] {dag.py:3096} INFO - Sync 1 DAGs
[2026-03-15T16:35:09.247+0000] {logging_mixin.py:188} INFO - [2026-03-15T16:35:09.247+0000] {dag.py:3954} INFO - Setting next_dagrun for dbt_transform to 2026-03-15 16:35:00+00:00, run_after=2026-03-15 16:36:00+00:00
[2026-03-15T16:35:09.262+0000] {processor.py:183} INFO - Processing /opt/airflow/dags/dbt_transform.py took 0.078 seconds
[2026-03-15T16:35:39.297+0000] {processor.py:161} INFO - Started process (PID=493) to work on /opt/airflow/dags/dbt_transform.py
[2026-03-15T16:35:39.297+0000] {processor.py:830} INFO - Processing file /opt/airflow/dags/dbt_transform.py for tasks to queue
[2026-03-15T16:35:39.299+0000] {logging_mixin.py:188} INFO - [2026-03-15T16:35:39.298+0000] {dagbag.py:540} INFO - Filling up the DagBag from /opt/airflow/dags/dbt_transform.py
[2026-03-15T16:35:39.308+0000] {processor.py:840} INFO - DAG(s) 'dbt_transform' retrieved from /opt/airflow/dags/dbt_transform.py
[2026-03-15T16:35:39.338+0000] {logging_mixin.py:188} INFO - [2026-03-15T16:35:39.338+0000] {dag.py:3096} INFO - Sync 1 DAGs
[2026-03-15T16:35:39.366+0000] {logging_mixin.py:188} INFO - [2026-03-15T16:35:39.366+0000] {dag.py:3954} INFO - Setting next_dagrun for dbt_transform to 2026-03-15 16:35:00+00:00, run_after=2026-03-15 16:36:00+00:00
[2026-03-15T16:35:39.383+0000] {processor.py:183} INFO - Processing /opt/airflow/dags/dbt_transform.py took 0.090 seconds
[2026-03-15T16:36:09.448+0000] {processor.py:161} INFO - Started process (PID=508) to work on /opt/airflow/dags/dbt_transform.py
[2026-03-15T16:36:09.449+0000] {processor.py:830} INFO - Processing file /opt/airflow/dags/dbt_transform.py for tasks to queue
[2026-03-15T16:36:09.450+0000] {logging_mixin.py:188} INFO - [2026-03-15T16:36:09.450+0000] {dagbag.py:540} INFO - Filling up the DagBag from /opt/airflow/dags/dbt_transform.py
[2026-03-15T16:36:09.460+0000] {processor.py:840} INFO - DAG(s) 'dbt_transform' retrieved from /opt/airflow/dags/dbt_transform.py
[2026-03-15T16:36:09.482+0000] {logging_mixin.py:188} INFO - [2026-03-15T16:36:09.482+0000] {dag.py:3096} INFO - Sync 1 DAGs
[2026-03-15T16:36:09.500+0000] {logging_mixin.py:188} INFO - [2026-03-15T16:36:09.500+0000] {dag.py:3954} INFO - Setting next_dagrun for dbt_transform to 2026-03-15 16:36:00+00:00, run_after=2026-03-15 16:37:00+00:00
[2026-03-15T16:36:09.513+0000] {processor.py:183} INFO - Processing /opt/airflow/dags/dbt_transform.py took 0.070 seconds
[2026-03-15T16:36:39.581+0000] {processor.py:161} INFO - Started process (PID=533) to work on /opt/airflow/dags/dbt_transform.py
[2026-03-15T16:36:39.581+0000] {processor.py:830} INFO - Processing file /opt/airflow/dags/dbt_transform.py for tasks to queue
[2026-03-15T16:36:39.582+0000] {logging_mixin.py:188} INFO - [2026-03-15T16:36:39.582+0000] {dagbag.py:540} INFO - Filling up the DagBag from /opt/airflow/dags/dbt_transform.py
[2026-03-15T16:36:39.592+0000] {processor.py:840} INFO - DAG(s) 'dbt_transform' retrieved from /opt/airflow/dags/dbt_transform.py
[2026-03-15T16:36:39.621+0000] {logging_mixin.py:188} INFO - [2026-03-15T16:36:39.620+0000] {dag.py:3096} INFO - Sync 1 DAGs
[2026-03-15T16:36:39.639+0000] {logging_mixin.py:188} INFO - [2026-03-15T16:36:39.639+0000] {dag.py:3954} INFO - Setting next_dagrun for dbt_transform to 2026-03-15 16:36:00+00:00, run_after=2026-03-15 16:37:00+00:00
[2026-03-15T16:36:39.652+0000] {processor.py:183} INFO - Processing /opt/airflow/dags/dbt_transform.py took 0.076 seconds
[2026-03-15T16:37:09.705+0000] {processor.py:161} INFO - Started process (PID=550) to work on /opt/airflow/dags/dbt_transform.py
[2026-03-15T16:37:09.705+0000] {processor.py:830} INFO - Processing file /opt/airflow/dags/dbt_transform.py for tasks to queue
[2026-03-15T16:37:09.707+0000] {logging_mixin.py:188} INFO - [2026-03-15T16:37:09.706+0000] {dagbag.py:540} INFO - Filling up the DagBag from /opt/airflow/dags/dbt_transform.py
[2026-03-15T16:37:09.716+0000] {processor.py:840} INFO - DAG(s) 'dbt_transform' retrieved from /opt/airflow/dags/dbt_transform.py
[2026-03-15T16:37:09.741+0000] {logging_mixin.py:188} INFO - [2026-03-15T16:37:09.741+0000] {dag.py:3096} INFO - Sync 1 DAGs
[2026-03-15T16:37:09.761+0000] {logging_mixin.py:188} INFO - [2026-03-15T16:37:09.761+0000] {dag.py:3954} INFO - Setting next_dagrun for dbt_transform to 2026-03-15 16:37:00+00:00, run_after=2026-03-15 16:38:00+00:00
[2026-03-15T16:37:09.774+0000] {processor.py:183} INFO - Processing /opt/airflow/dags/dbt_transform.py took 0.074 seconds
[2026-03-15T16:37:39.846+0000] {processor.py:161} INFO - Started process (PID=557) to work on /opt/airflow/dags/dbt_transform.py
[2026-03-15T16:37:39.847+0000] {processor.py:830} INFO - Processing file /opt/airflow/dags/dbt_transform.py for tasks to queue
[2026-03-15T16:37:39.848+0000] {logging_mixin.py:188} INFO - [2026-03-15T16:37:39.848+0000] {dagbag.py:540} INFO - Filling up the DagBag from /opt/airflow/dags/dbt_transform.py
[2026-03-15T16:37:39.858+0000] {processor.py:840} INFO - DAG(s) 'dbt_transform' retrieved from /opt/airflow/dags/dbt_transform.py
[2026-03-15T16:37:39.879+0000] {logging_mixin.py:188} INFO - [2026-03-15T16:37:39.879+0000] {dag.py:3096} INFO - Sync 1 DAGs
[2026-03-15T16:37:39.896+0000] {logging_mixin.py:188} INFO - [2026-03-15T16:37:39.896+0000] {dag.py:3954} INFO - Setting next_dagrun for dbt_transform to 2026-03-15 16:37:00+00:00, run_after=2026-03-15 16:38:00+00:00
[2026-03-15T16:37:39.915+0000] {processor.py:183} INFO - Processing /opt/airflow/dags/dbt_transform.py took 0.074 seconds
[2026-03-15T16:38:09.970+0000] {processor.py:161} INFO - Started process (PID=573) to work on /opt/airflow/dags/dbt_transform.py
[2026-03-15T16:38:09.971+0000] {processor.py:830} INFO - Processing file /opt/airflow/dags/dbt_transform.py for tasks to queue
[2026-03-15T16:38:09.972+0000] {logging_mixin.py:188} INFO - [2026-03-15T16:38:09.972+0000] {dagbag.py:540} INFO - Filling up the DagBag from /opt/airflow/dags/dbt_transform.py
[2026-03-15T16:38:09.983+0000] {processor.py:840} INFO - DAG(s) 'dbt_transform' retrieved from /opt/airflow/dags/dbt_transform.py
[2026-03-15T16:38:10.009+0000] {logging_mixin.py:188} INFO - [2026-03-15T16:38:10.009+0000] {dag.py:3096} INFO - Sync 1 DAGs
[2026-03-15T16:38:10.030+0000] {logging_mixin.py:188} INFO - [2026-03-15T16:38:10.029+0000] {dag.py:3954} INFO - Setting next_dagrun for dbt_transform to 2026-03-15 16:38:00+00:00, run_after=2026-03-15 16:39:00+00:00
[2026-03-15T16:38:10.047+0000] {processor.py:183} INFO - Processing /opt/airflow/dags/dbt_transform.py took 0.082 seconds
[2026-03-15T16:38:40.121+0000] {processor.py:161} INFO - Started process (PID=597) to work on /opt/airflow/dags/dbt_transform.py
[2026-03-15T16:38:40.121+0000] {processor.py:830} INFO - Processing file /opt/airflow/dags/dbt_transform.py for tasks to queue
[2026-03-15T16:38:40.127+0000] {logging_mixin.py:188} INFO - [2026-03-15T16:38:40.126+0000] {dagbag.py:540} INFO - Filling up the DagBag from /opt/airflow/dags/dbt_transform.py
[2026-03-15T16:38:40.163+0000] {processor.py:840} INFO - DAG(s) 'dbt_transform' retrieved from /opt/airflow/dags/dbt_transform.py
[2026-03-15T16:38:40.202+0000] {logging_mixin.py:188} INFO - [2026-03-15T16:38:40.201+0000] {dag.py:3096} INFO - Sync 1 DAGs
[2026-03-15T16:38:40.229+0000] {logging_mixin.py:188} INFO - [2026-03-15T16:38:40.229+0000] {dag.py:3954} INFO - Setting next_dagrun for dbt_transform to 2026-03-15 16:38:00+00:00, run_after=2026-03-15 16:39:00+00:00
[2026-03-15T16:38:40.248+0000] {processor.py:183} INFO - Processing /opt/airflow/dags/dbt_transform.py took 0.139 seconds
[2026-03-15T16:39:10.348+0000] {processor.py:161} INFO - Started process (PID=612) to work on /opt/airflow/dags/dbt_transform.py
[2026-03-15T16:39:10.349+0000] {processor.py:830} INFO - Processing file /opt/airflow/dags/dbt_transform.py for tasks to queue
[2026-03-15T16:39:10.350+0000] {logging_mixin.py:188} INFO - [2026-03-15T16:39:10.350+0000] {dagbag.py:540} INFO - Filling up the DagBag from /opt/airflow/dags/dbt_transform.py
[2026-03-15T16:39:10.362+0000] {processor.py:840} INFO - DAG(s) 'dbt_transform' retrieved from /opt/airflow/dags/dbt_transform.py
[2026-03-15T16:39:10.386+0000] {logging_mixin.py:188} INFO - [2026-03-15T16:39:10.385+0000] {dag.py:3096} INFO - Sync 1 DAGs
[2026-03-15T16:39:10.406+0000] {logging_mixin.py:188} INFO - [2026-03-15T16:39:10.405+0000] {dag.py:3954} INFO - Setting next_dagrun for dbt_transform to 2026-03-15 16:39:00+00:00, run_after=2026-03-15 16:40:00+00:00
[2026-03-15T16:39:10.420+0000] {processor.py:183} INFO - Processing /opt/airflow/dags/dbt_transform.py took 0.077 seconds
[2026-03-15T16:39:40.449+0000] {processor.py:161} INFO - Started process (PID=621) to work on /opt/airflow/dags/dbt_transform.py
[2026-03-15T16:39:40.449+0000] {processor.py:830} INFO - Processing file /opt/airflow/dags/dbt_transform.py for tasks to queue
[2026-03-15T16:39:40.451+0000] {logging_mixin.py:188} INFO - [2026-03-15T16:39:40.450+0000] {dagbag.py:540} INFO - Filling up the DagBag from /opt/airflow/dags/dbt_transform.py
[2026-03-15T16:39:40.462+0000] {processor.py:840} INFO - DAG(s) 'dbt_transform' retrieved from /opt/airflow/dags/dbt_transform.py
[2026-03-15T16:39:40.486+0000] {logging_mixin.py:188} INFO - [2026-03-15T16:39:40.486+0000] {dag.py:3096} INFO - Sync 1 DAGs
[2026-03-15T16:39:40.507+0000] {logging_mixin.py:188} INFO - [2026-03-15T16:39:40.507+0000] {dag.py:3954} INFO - Setting next_dagrun for dbt_transform to 2026-03-15 16:39:00+00:00, run_after=2026-03-15 16:40:00+00:00
[2026-03-15T16:39:40.523+0000] {processor.py:183} INFO - Processing /opt/airflow/dags/dbt_transform.py took 0.079 seconds
[2026-03-15T16:40:10.619+0000] {processor.py:161} INFO - Started process (PID=631) to work on /opt/airflow/dags/dbt_transform.py
[2026-03-15T16:40:10.620+0000] {processor.py:830} INFO - Processing file /opt/airflow/dags/dbt_transform.py for tasks to queue
[2026-03-15T16:40:10.621+0000] {logging_mixin.py:188} INFO - [2026-03-15T16:40:10.621+0000] {dagbag.py:540} INFO - Filling up the DagBag from /opt/airflow/dags/dbt_transform.py
[2026-03-15T16:40:10.631+0000] {processor.py:840} INFO - DAG(s) 'dbt_transform' retrieved from /opt/airflow/dags/dbt_transform.py
[2026-03-15T16:40:10.654+0000] {logging_mixin.py:188} INFO - [2026-03-15T16:40:10.654+0000] {dag.py:3096} INFO - Sync 1 DAGs
[2026-03-15T16:40:10.672+0000] {logging_mixin.py:188} INFO - [2026-03-15T16:40:10.672+0000] {dag.py:3954} INFO - Setting next_dagrun for dbt_transform to 2026-03-15 16:40:00+00:00, run_after=2026-03-15 16:41:00+00:00
[2026-03-15T16:40:10.686+0000] {processor.py:183} INFO - Processing /opt/airflow/dags/dbt_transform.py took 0.072 seconds
[2026-03-15T16:40:40.726+0000] {processor.py:161} INFO - Started process (PID=636) to work on /opt/airflow/dags/dbt_transform.py
[2026-03-15T16:40:40.726+0000] {processor.py:830} INFO - Processing file /opt/airflow/dags/dbt_transform.py for tasks to queue
[2026-03-15T16:40:40.728+0000] {logging_mixin.py:188} INFO - [2026-03-15T16:40:40.727+0000] {dagbag.py:540} INFO - Filling up the DagBag from /opt/airflow/dags/dbt_transform.py
[2026-03-15T16:40:40.738+0000] {processor.py:840} INFO - DAG(s) 'dbt_transform' retrieved from /opt/airflow/dags/dbt_transform.py
[2026-03-15T16:40:40.760+0000] {logging_mixin.py:188} INFO - [2026-03-15T16:40:40.760+0000] {dag.py:3096} INFO - Sync 1 DAGs
[2026-03-15T16:40:40.780+0000] {logging_mixin.py:188} INFO - [2026-03-15T16:40:40.779+0000] {dag.py:3954} INFO - Setting next_dagrun for dbt_transform to 2026-03-15 16:40:00+00:00, run_after=2026-03-15 16:41:00+00:00
[2026-03-15T16:40:40.792+0000] {processor.py:183} INFO - Processing /opt/airflow/dags/dbt_transform.py took 0.071 seconds
[2026-03-15T16:41:10.880+0000] {processor.py:161} INFO - Started process (PID=641) to work on /opt/airflow/dags/dbt_transform.py
[2026-03-15T16:41:10.881+0000] {processor.py:830} INFO - Processing file /opt/airflow/dags/dbt_transform.py for tasks to queue
[2026-03-15T16:41:10.882+0000] {logging_mixin.py:188} INFO - [2026-03-15T16:41:10.882+0000] {dagbag.py:540} INFO - Filling up the DagBag from /opt/airflow/dags/dbt_transform.py
[2026-03-15T16:41:10.893+0000] {processor.py:840} INFO - DAG(s) 'dbt_transform' retrieved from /opt/airflow/dags/dbt_transform.py
[2026-03-15T16:41:10.915+0000] {logging_mixin.py:188} INFO - [2026-03-15T16:41:10.915+0000] {dag.py:3096} INFO - Sync 1 DAGs
[2026-03-15T16:41:10.934+0000] {logging_mixin.py:188} INFO - [2026-03-15T16:41:10.934+0000] {dag.py:3954} INFO - Setting next_dagrun for dbt_transform to 2026-03-15 16:40:00+00:00, run_after=2026-03-15 16:41:00+00:00
[2026-03-15T16:41:10.949+0000] {processor.py:183} INFO - Processing /opt/airflow/dags/dbt_transform.py took 0.074 seconds
[2026-03-15T16:41:40.994+0000] {processor.py:161} INFO - Started process (PID=646) to work on /opt/airflow/dags/dbt_transform.py
[2026-03-15T16:41:40.994+0000] {processor.py:830} INFO - Processing file /opt/airflow/dags/dbt_transform.py for tasks to queue
[2026-03-15T16:41:40.996+0000] {logging_mixin.py:188} INFO - [2026-03-15T16:41:40.996+0000] {dagbag.py:540} INFO - Filling up the DagBag from /opt/airflow/dags/dbt_transform.py
[2026-03-15T16:41:41.006+0000] {processor.py:840} INFO - DAG(s) 'dbt_transform' retrieved from /opt/airflow/dags/dbt_transform.py
[2026-03-15T16:41:41.027+0000] {logging_mixin.py:188} INFO - [2026-03-15T16:41:41.027+0000] {dag.py:3096} INFO - Sync 1 DAGs
[2026-03-15T16:41:41.046+0000] {logging_mixin.py:188} INFO - [2026-03-15T16:41:41.046+0000] {dag.py:3954} INFO - Setting next_dagrun for dbt_transform to 2026-03-15 16:40:00+00:00, run_after=2026-03-15 16:41:00+00:00
[2026-03-15T16:41:41.059+0000] {processor.py:183} INFO - Processing /opt/airflow/dags/dbt_transform.py took 0.070 seconds
[2026-03-15T16:42:11.145+0000] {processor.py:161} INFO - Started process (PID=651) to work on /opt/airflow/dags/dbt_transform.py
[2026-03-15T16:42:11.145+0000] {processor.py:830} INFO - Processing file /opt/airflow/dags/dbt_transform.py for tasks to queue
[2026-03-15T16:42:11.147+0000] {logging_mixin.py:188} INFO - [2026-03-15T16:42:11.147+0000] {dagbag.py:540} INFO - Filling up the DagBag from /opt/airflow/dags/dbt_transform.py
[2026-03-15T16:42:11.158+0000] {processor.py:840} INFO - DAG(s) 'dbt_transform' retrieved from /opt/airflow/dags/dbt_transform.py
[2026-03-15T16:42:11.181+0000] {logging_mixin.py:188} INFO - [2026-03-15T16:42:11.181+0000] {dag.py:3096} INFO - Sync 1 DAGs
[2026-03-15T16:42:11.201+0000] {logging_mixin.py:188} INFO - [2026-03-15T16:42:11.200+0000] {dag.py:3954} INFO - Setting next_dagrun for dbt_transform to 2026-03-15 16:41:00+00:00, run_after=2026-03-15 16:42:00+00:00
[2026-03-15T16:42:11.214+0000] {processor.py:183} INFO - Processing /opt/airflow/dags/dbt_transform.py took 0.074 seconds
[2026-03-15T16:42:41.252+0000] {processor.py:161} INFO - Started process (PID=656) to work on /opt/airflow/dags/dbt_transform.py
[2026-03-15T16:42:41.252+0000] {processor.py:830} INFO - Processing file /opt/airflow/dags/dbt_transform.py for tasks to queue
[2026-03-15T16:42:41.254+0000] {logging_mixin.py:188} INFO - [2026-03-15T16:42:41.254+0000] {dagbag.py:540} INFO - Filling up the DagBag from /opt/airflow/dags/dbt_transform.py
[2026-03-15T16:42:41.264+0000] {processor.py:840} INFO - DAG(s) 'dbt_transform' retrieved from /opt/airflow/dags/dbt_transform.py
[2026-03-15T16:42:41.287+0000] {logging_mixin.py:188} INFO - [2026-03-15T16:42:41.287+0000] {dag.py:3096} INFO - Sync 1 DAGs
[2026-03-15T16:42:41.307+0000] {logging_mixin.py:188} INFO - [2026-03-15T16:42:41.307+0000] {dag.py:3954} INFO - Setting next_dagrun for dbt_transform to 2026-03-15 16:41:00+00:00, run_after=2026-03-15 16:42:00+00:00
[2026-03-15T16:42:41.321+0000] {processor.py:183} INFO - Processing /opt/airflow/dags/dbt_transform.py took 0.074 seconds
[2026-03-15T16:43:11.405+0000] {processor.py:161} INFO - Started process (PID=661) to work on /opt/airflow/dags/dbt_transform.py
[2026-03-15T16:43:11.405+0000] {processor.py:830} INFO - Processing file /opt/airflow/dags/dbt_transform.py for tasks to queue
[2026-03-15T16:43:11.406+0000] {logging_mixin.py:188} INFO - [2026-03-15T16:43:11.406+0000] {dagbag.py:540} INFO - Filling up the DagBag from /opt/airflow/dags/dbt_transform.py
[2026-03-15T16:43:11.415+0000] {processor.py:840} INFO - DAG(s) 'dbt_transform' retrieved from /opt/airflow/dags/dbt_transform.py
[2026-03-15T16:43:11.436+0000] {logging_mixin.py:188} INFO - [2026-03-15T16:43:11.436+0000] {dag.py:3096} INFO - Sync 1 DAGs
[2026-03-15T16:43:11.453+0000] {logging_mixin.py:188} INFO - [2026-03-15T16:43:11.453+0000] {dag.py:3954} INFO - Setting next_dagrun for dbt_transform to 2026-03-15 16:42:00+00:00, run_after=2026-03-15 16:43:00+00:00
[2026-03-15T16:43:11.473+0000] {processor.py:183} INFO - Processing /opt/airflow/dags/dbt_transform.py took 0.073 seconds
[2026-03-15T16:43:41.512+0000] {processor.py:161} INFO - Started process (PID=666) to work on /opt/airflow/dags/dbt_transform.py
[2026-03-15T16:43:41.512+0000] {processor.py:830} INFO - Processing file /opt/airflow/dags/dbt_transform.py for tasks to queue
[2026-03-15T16:43:41.514+0000] {logging_mixin.py:188} INFO - [2026-03-15T16:43:41.513+0000] {dagbag.py:540} INFO - Filling up the DagBag from /opt/airflow/dags/dbt_transform.py
[2026-03-15T16:43:41.524+0000] {processor.py:840} INFO - DAG(s) 'dbt_transform' retrieved from /opt/airflow/dags/dbt_transform.py
[2026-03-15T16:43:41.548+0000] {logging_mixin.py:188} INFO - [2026-03-15T16:43:41.548+0000] {dag.py:3096} INFO - Sync 1 DAGs
[2026-03-15T16:43:41.567+0000] {logging_mixin.py:188} INFO - [2026-03-15T16:43:41.567+0000] {dag.py:3954} INFO - Setting next_dagrun for dbt_transform to 2026-03-15 16:42:00+00:00, run_after=2026-03-15 16:43:00+00:00
[2026-03-15T16:43:41.582+0000] {processor.py:183} INFO - Processing /opt/airflow/dags/dbt_transform.py took 0.076 seconds
[2026-03-15T16:44:11.666+0000] {processor.py:161} INFO - Started process (PID=679) to work on /opt/airflow/dags/dbt_transform.py
[2026-03-15T16:44:11.666+0000] {processor.py:830} INFO - Processing file /opt/airflow/dags/dbt_transform.py for tasks to queue
[2026-03-15T16:44:11.668+0000] {logging_mixin.py:188} INFO - [2026-03-15T16:44:11.667+0000] {dagbag.py:540} INFO - Filling up the DagBag from /opt/airflow/dags/dbt_transform.py
[2026-03-15T16:44:11.677+0000] {processor.py:840} INFO - DAG(s) 'dbt_transform' retrieved from /opt/airflow/dags/dbt_transform.py
[2026-03-15T16:44:11.697+0000] {logging_mixin.py:188} INFO - [2026-03-15T16:44:11.697+0000] {dag.py:3096} INFO - Sync 1 DAGs
[2026-03-15T16:44:11.715+0000] {logging_mixin.py:188} INFO - [2026-03-15T16:44:11.714+0000] {dag.py:3954} INFO - Setting next_dagrun for dbt_transform to 2026-03-15 16:43:00+00:00, run_after=2026-03-15 16:44:00+00:00
[2026-03-15T16:44:11.734+0000] {processor.py:183} INFO - Processing /opt/airflow/dags/dbt_transform.py took 0.073 seconds
[2026-03-15T16:44:41.767+0000] {processor.py:161} INFO - Started process (PID=684) to work on /opt/airflow/dags/dbt_transform.py
[2026-03-15T16:44:41.768+0000] {processor.py:830} INFO - Processing file /opt/airflow/dags/dbt_transform.py for tasks to queue
[2026-03-15T16:44:41.770+0000] {logging_mixin.py:188} INFO - [2026-03-15T16:44:41.769+0000] {dagbag.py:540} INFO - Filling up the DagBag from /opt/airflow/dags/dbt_transform.py
[2026-03-15T16:44:41.779+0000] {processor.py:840} INFO - DAG(s) 'dbt_transform' retrieved from /opt/airflow/dags/dbt_transform.py
[2026-03-15T16:44:41.801+0000] {logging_mixin.py:188} INFO - [2026-03-15T16:44:41.801+0000] {dag.py:3096} INFO - Sync 1 DAGs
[2026-03-15T16:44:41.821+0000] {logging_mixin.py:188} INFO - [2026-03-15T16:44:41.820+0000] {dag.py:3954} INFO - Setting next_dagrun for dbt_transform to 2026-03-15 16:43:00+00:00, run_after=2026-03-15 16:44:00+00:00
[2026-03-15T16:44:41.833+0000] {processor.py:183} INFO - Processing /opt/airflow/dags/dbt_transform.py took 0.070 seconds
[2026-03-15T16:45:11.956+0000] {processor.py:161} INFO - Started process (PID=694) to work on /opt/airflow/dags/dbt_transform.py
[2026-03-15T16:45:11.956+0000] {processor.py:830} INFO - Processing file /opt/airflow/dags/dbt_transform.py for tasks to queue
[2026-03-15T16:45:11.958+0000] {logging_mixin.py:188} INFO - [2026-03-15T16:45:11.957+0000] {dagbag.py:540} INFO - Filling up the DagBag from /opt/airflow/dags/dbt_transform.py
[2026-03-15T16:45:11.968+0000] {processor.py:840} INFO - DAG(s) 'dbt_transform' retrieved from /opt/airflow/dags/dbt_transform.py
[2026-03-15T16:45:11.991+0000] {logging_mixin.py:188} INFO - [2026-03-15T16:45:11.991+0000] {dag.py:3096} INFO - Sync 1 DAGs
[2026-03-15T16:45:12.010+0000] {logging_mixin.py:188} INFO - [2026-03-15T16:45:12.010+0000] {dag.py:3954} INFO - Setting next_dagrun for dbt_transform to 2026-03-15 16:44:00+00:00, run_after=2026-03-15 16:45:00+00:00
[2026-03-15T16:45:12.022+0000] {processor.py:183} INFO - Processing /opt/airflow/dags/dbt_transform.py took 0.071 seconds
[2026-03-15T16:45:42.128+0000] {processor.py:161} INFO - Started process (PID=704) to work on /opt/airflow/dags/dbt_transform.py
[2026-03-15T16:45:42.129+0000] {processor.py:830} INFO - Processing file /opt/airflow/dags/dbt_transform.py for tasks to queue
[2026-03-15T16:45:42.130+0000] {logging_mixin.py:188} INFO - [2026-03-15T16:45:42.130+0000] {dagbag.py:540} INFO - Filling up the DagBag from /opt/airflow/dags/dbt_transform.py
[2026-03-15T16:45:42.140+0000] {processor.py:840} INFO - DAG(s) 'dbt_transform' retrieved from /opt/airflow/dags/dbt_transform.py
[2026-03-15T16:45:42.162+0000] {logging_mixin.py:188} INFO - [2026-03-15T16:45:42.162+0000] {dag.py:3096} INFO - Sync 1 DAGs
[2026-03-15T16:45:42.181+0000] {logging_mixin.py:188} INFO - [2026-03-15T16:45:42.180+0000] {dag.py:3954} INFO - Setting next_dagrun for dbt_transform to 2026-03-15 16:44:00+00:00, run_after=2026-03-15 16:45:00+00:00
[2026-03-15T16:45:42.201+0000] {processor.py:183} INFO - Processing /opt/airflow/dags/dbt_transform.py took 0.078 seconds
[2026-03-15T16:46:12.319+0000] {processor.py:161} INFO - Started process (PID=748) to work on /opt/airflow/dags/dbt_transform.py
[2026-03-15T16:46:12.319+0000] {processor.py:830} INFO - Processing file /opt/airflow/dags/dbt_transform.py for tasks to queue
[2026-03-15T16:46:12.320+0000] {logging_mixin.py:188} INFO - [2026-03-15T16:46:12.320+0000] {dagbag.py:540} INFO - Filling up the DagBag from /opt/airflow/dags/dbt_transform.py
[2026-03-15T16:46:12.331+0000] {processor.py:840} INFO - DAG(s) 'dbt_transform' retrieved from /opt/airflow/dags/dbt_transform.py
[2026-03-15T16:46:12.354+0000] {logging_mixin.py:188} INFO - [2026-03-15T16:46:12.354+0000] {dag.py:3096} INFO - Sync 1 DAGs
[2026-03-15T16:46:12.372+0000] {logging_mixin.py:188} INFO - [2026-03-15T16:46:12.372+0000] {dag.py:3954} INFO - Setting next_dagrun for dbt_transform to 2026-03-15 16:45:00+00:00, run_after=2026-03-15 16:46:00+00:00
[2026-03-15T16:46:12.386+0000] {processor.py:183} INFO - Processing /opt/airflow/dags/dbt_transform.py took 0.072 seconds
[2026-03-15T16:46:42.505+0000] {processor.py:161} INFO - Started process (PID=758) to work on /opt/airflow/dags/dbt_transform.py
[2026-03-15T16:46:42.505+0000] {processor.py:830} INFO - Processing file /opt/airflow/dags/dbt_transform.py for tasks to queue
[2026-03-15T16:46:42.506+0000] {logging_mixin.py:188} INFO - [2026-03-15T16:46:42.505+0000] {dagbag.py:540} INFO - Filling up the DagBag from /opt/airflow/dags/dbt_transform.py
[2026-03-15T16:46:42.516+0000] {processor.py:840} INFO - DAG(s) 'dbt_transform' retrieved from /opt/airflow/dags/dbt_transform.py
[2026-03-15T16:46:42.539+0000] {logging_mixin.py:188} INFO - [2026-03-15T16:46:42.538+0000] {dag.py:3096} INFO - Sync 1 DAGs
[2026-03-15T16:46:42.558+0000] {logging_mixin.py:188} INFO - [2026-03-15T16:46:42.557+0000] {dag.py:3954} INFO - Setting next_dagrun for dbt_transform to 2026-03-15 16:45:00+00:00, run_after=2026-03-15 16:46:00+00:00
[2026-03-15T16:46:42.571+0000] {processor.py:183} INFO - Processing /opt/airflow/dags/dbt_transform.py took 0.070 seconds
[2026-03-15T16:47:12.705+0000] {processor.py:161} INFO - Started process (PID=768) to work on /opt/airflow/dags/dbt_transform.py
[2026-03-15T16:47:12.705+0000] {processor.py:830} INFO - Processing file /opt/airflow/dags/dbt_transform.py for tasks to queue
[2026-03-15T16:47:12.706+0000] {logging_mixin.py:188} INFO - [2026-03-15T16:47:12.705+0000] {dagbag.py:540} INFO - Filling up the DagBag from /opt/airflow/dags/dbt_transform.py
[2026-03-15T16:47:12.716+0000] {processor.py:840} INFO - DAG(s) 'dbt_transform' retrieved from /opt/airflow/dags/dbt_transform.py
[2026-03-15T16:47:12.738+0000] {logging_mixin.py:188} INFO - [2026-03-15T16:47:12.738+0000] {dag.py:3096} INFO - Sync 1 DAGs
[2026-03-15T16:47:12.756+0000] {logging_mixin.py:188} INFO - [2026-03-15T16:47:12.756+0000] {dag.py:3954} INFO - Setting next_dagrun for dbt_transform to 2026-03-15 16:46:00+00:00, run_after=2026-03-15 16:47:00+00:00
[2026-03-15T16:47:12.770+0000] {processor.py:183} INFO - Processing /opt/airflow/dags/dbt_transform.py took 0.069 seconds
[2026-03-15T16:47:42.896+0000] {processor.py:161} INFO - Started process (PID=794) to work on /opt/airflow/dags/dbt_transform.py
[2026-03-15T16:47:42.897+0000] {processor.py:830} INFO - Processing file /opt/airflow/dags/dbt_transform.py for tasks to queue
[2026-03-15T16:47:42.898+0000] {logging_mixin.py:188} INFO - [2026-03-15T16:47:42.897+0000] {dagbag.py:540} INFO - Filling up the DagBag from /opt/airflow/dags/dbt_transform.py
[2026-03-15T16:47:42.909+0000] {processor.py:840} INFO - DAG(s) 'dbt_transform' retrieved from /opt/airflow/dags/dbt_transform.py
[2026-03-15T16:47:42.931+0000] {logging_mixin.py:188} INFO - [2026-03-15T16:47:42.931+0000] {dag.py:3096} INFO - Sync 1 DAGs
[2026-03-15T16:47:42.950+0000] {logging_mixin.py:188} INFO - [2026-03-15T16:47:42.950+0000] {dag.py:3954} INFO - Setting next_dagrun for dbt_transform to 2026-03-15 16:46:00+00:00, run_after=2026-03-15 16:47:00+00:00
[2026-03-15T16:47:42.964+0000] {processor.py:183} INFO - Processing /opt/airflow/dags/dbt_transform.py took 0.073 seconds
[2026-03-15T16:48:13.100+0000] {processor.py:161} INFO - Started process (PID=805) to work on /opt/airflow/dags/dbt_transform.py
[2026-03-15T16:48:13.100+0000] {processor.py:830} INFO - Processing file /opt/airflow/dags/dbt_transform.py for tasks to queue
[2026-03-15T16:48:13.101+0000] {logging_mixin.py:188} INFO - [2026-03-15T16:48:13.101+0000] {dagbag.py:540} INFO - Filling up the DagBag from /opt/airflow/dags/dbt_transform.py
[2026-03-15T16:48:13.114+0000] {processor.py:840} INFO - DAG(s) 'dbt_transform' retrieved from /opt/airflow/dags/dbt_transform.py
[2026-03-15T16:48:13.141+0000] {logging_mixin.py:188} INFO - [2026-03-15T16:48:13.140+0000] {dag.py:3096} INFO - Sync 1 DAGs
[2026-03-15T16:48:13.161+0000] {logging_mixin.py:188} INFO - [2026-03-15T16:48:13.161+0000] {dag.py:3954} INFO - Setting next_dagrun for dbt_transform to 2026-03-15 16:47:00+00:00, run_after=2026-03-15 16:48:00+00:00
[2026-03-15T16:48:13.176+0000] {processor.py:183} INFO - Processing /opt/airflow/dags/dbt_transform.py took 0.083 seconds
[2026-03-15T16:48:43.283+0000] {processor.py:161} INFO - Started process (PID=815) to work on /opt/airflow/dags/dbt_transform.py
[2026-03-15T16:48:43.284+0000] {processor.py:830} INFO - Processing file /opt/airflow/dags/dbt_transform.py for tasks to queue
[2026-03-15T16:48:43.285+0000] {logging_mixin.py:188} INFO - [2026-03-15T16:48:43.284+0000] {dagbag.py:540} INFO - Filling up the DagBag from /opt/airflow/dags/dbt_transform.py
[2026-03-15T16:48:43.295+0000] {processor.py:840} INFO - DAG(s) 'dbt_transform' retrieved from /opt/airflow/dags/dbt_transform.py
[2026-03-15T16:48:43.316+0000] {logging_mixin.py:188} INFO - [2026-03-15T16:48:43.316+0000] {dag.py:3096} INFO - Sync 1 DAGs
[2026-03-15T16:48:43.334+0000] {logging_mixin.py:188} INFO - [2026-03-15T16:48:43.333+0000] {dag.py:3954} INFO - Setting next_dagrun for dbt_transform to 2026-03-15 16:47:00+00:00, run_after=2026-03-15 16:48:00+00:00
[2026-03-15T16:48:43.346+0000] {processor.py:183} INFO - Processing /opt/airflow/dags/dbt_transform.py took 0.067 seconds
[2026-03-15T16:49:13.480+0000] {processor.py:161} INFO - Started process (PID=825) to work on /opt/airflow/dags/dbt_transform.py
[2026-03-15T16:49:13.480+0000] {processor.py:830} INFO - Processing file /opt/airflow/dags/dbt_transform.py for tasks to queue
[2026-03-15T16:49:13.481+0000] {logging_mixin.py:188} INFO - [2026-03-15T16:49:13.481+0000] {dagbag.py:540} INFO - Filling up the DagBag from /opt/airflow/dags/dbt_transform.py
[2026-03-15T16:49:13.491+0000] {processor.py:840} INFO - DAG(s) 'dbt_transform' retrieved from /opt/airflow/dags/dbt_transform.py
[2026-03-15T16:49:13.513+0000] {logging_mixin.py:188} INFO - [2026-03-15T16:49:13.513+0000] {dag.py:3096} INFO - Sync 1 DAGs
[2026-03-15T16:49:13.531+0000] {logging_mixin.py:188} INFO - [2026-03-15T16:49:13.531+0000] {dag.py:3954} INFO - Setting next_dagrun for dbt_transform to 2026-03-15 16:48:00+00:00, run_after=2026-03-15 16:49:00+00:00
[2026-03-15T16:49:13.550+0000] {processor.py:183} INFO - Processing /opt/airflow/dags/dbt_transform.py took 0.075 seconds
[2026-03-15T16:49:16.568+0000] {processor.py:161} INFO - Started process (PID=830) to work on /opt/airflow/dags/dbt_transform.py
[2026-03-15T16:49:16.569+0000] {processor.py:830} INFO - Processing file /opt/airflow/dags/dbt_transform.py for tasks to queue
[2026-03-15T16:49:16.569+0000] {logging_mixin.py:188} INFO - [2026-03-15T16:49:16.569+0000] {dagbag.py:540} INFO - Filling up the DagBag from /opt/airflow/dags/dbt_transform.py
[2026-03-15T16:49:16.582+0000] {processor.py:840} INFO - DAG(s) 'dbt_transform' retrieved from /opt/airflow/dags/dbt_transform.py
[2026-03-15T16:49:16.606+0000] {logging_mixin.py:188} INFO - [2026-03-15T16:49:16.605+0000] {dag.py:3096} INFO - Sync 1 DAGs
[2026-03-15T16:49:16.625+0000] {logging_mixin.py:188} INFO - [2026-03-15T16:49:16.625+0000] {dag.py:3954} INFO - Setting next_dagrun for dbt_transform to 2026-03-15 16:48:00+00:00, run_after=2026-03-15 16:49:00+00:00
[2026-03-15T16:49:16.647+0000] {processor.py:183} INFO - Processing /opt/airflow/dags/dbt_transform.py took 0.084 seconds
[2026-03-15T16:49:46.767+0000] {processor.py:161} INFO - Started process (PID=858) to work on /opt/airflow/dags/dbt_transform.py
[2026-03-15T16:49:46.768+0000] {processor.py:830} INFO - Processing file /opt/airflow/dags/dbt_transform.py for tasks to queue
[2026-03-15T16:49:46.768+0000] {logging_mixin.py:188} INFO - [2026-03-15T16:49:46.768+0000] {dagbag.py:540} INFO - Filling up the DagBag from /opt/airflow/dags/dbt_transform.py
[2026-03-15T16:49:46.780+0000] {processor.py:840} INFO - DAG(s) 'dbt_transform' retrieved from /opt/airflow/dags/dbt_transform.py
[2026-03-15T16:49:46.804+0000] {logging_mixin.py:188} INFO - [2026-03-15T16:49:46.803+0000] {dag.py:3096} INFO - Sync 1 DAGs
[2026-03-15T16:49:46.823+0000] {logging_mixin.py:188} INFO - [2026-03-15T16:49:46.823+0000] {dag.py:3954} INFO - Setting next_dagrun for dbt_transform to 2026-03-15 16:48:00+00:00, run_after=2026-03-15 16:49:00+00:00
[2026-03-15T16:49:46.841+0000] {processor.py:183} INFO - Processing /opt/airflow/dags/dbt_transform.py took 0.079 seconds
[2026-03-15T16:50:16.969+0000] {processor.py:161} INFO - Started process (PID=889) to work on /opt/airflow/dags/dbt_transform.py
[2026-03-15T16:50:16.970+0000] {processor.py:830} INFO - Processing file /opt/airflow/dags/dbt_transform.py for tasks to queue
[2026-03-15T16:50:16.970+0000] {logging_mixin.py:188} INFO - [2026-03-15T16:50:16.970+0000] {dagbag.py:540} INFO - Filling up the DagBag from /opt/airflow/dags/dbt_transform.py
[2026-03-15T16:50:16.981+0000] {processor.py:840} INFO - DAG(s) 'dbt_transform' retrieved from /opt/airflow/dags/dbt_transform.py
[2026-03-15T16:50:17.008+0000] {logging_mixin.py:188} INFO - [2026-03-15T16:50:17.007+0000] {dag.py:3096} INFO - Sync 1 DAGs
[2026-03-15T16:50:17.030+0000] {logging_mixin.py:188} INFO - [2026-03-15T16:50:17.029+0000] {dag.py:3954} INFO - Setting next_dagrun for dbt_transform to 2026-03-15 16:49:00+00:00, run_after=2026-03-15 16:50:00+00:00
[2026-03-15T16:50:17.045+0000] {processor.py:183} INFO - Processing /opt/airflow/dags/dbt_transform.py took 0.082 seconds
[2026-03-15T16:50:47.154+0000] {processor.py:161} INFO - Started process (PID=899) to work on /opt/airflow/dags/dbt_transform.py
[2026-03-15T16:50:47.155+0000] {processor.py:830} INFO - Processing file /opt/airflow/dags/dbt_transform.py for tasks to queue
[2026-03-15T16:50:47.156+0000] {logging_mixin.py:188} INFO - [2026-03-15T16:50:47.156+0000] {dagbag.py:540} INFO - Filling up the DagBag from /opt/airflow/dags/dbt_transform.py
[2026-03-15T16:50:47.167+0000] {processor.py:840} INFO - DAG(s) 'dbt_transform' retrieved from /opt/airflow/dags/dbt_transform.py
[2026-03-15T16:50:47.189+0000] {logging_mixin.py:188} INFO - [2026-03-15T16:50:47.189+0000] {dag.py:3096} INFO - Sync 1 DAGs
[2026-03-15T16:50:47.208+0000] {logging_mixin.py:188} INFO - [2026-03-15T16:50:47.207+0000] {dag.py:3954} INFO - Setting next_dagrun for dbt_transform to 2026-03-15 16:49:00+00:00, run_after=2026-03-15 16:50:00+00:00
[2026-03-15T16:50:47.220+0000] {processor.py:183} INFO - Processing /opt/airflow/dags/dbt_transform.py took 0.070 seconds
[2026-03-15T16:51:17.337+0000] {processor.py:161} INFO - Started process (PID=926) to work on /opt/airflow/dags/dbt_transform.py
[2026-03-15T16:51:17.338+0000] {processor.py:830} INFO - Processing file /opt/airflow/dags/dbt_transform.py for tasks to queue
[2026-03-15T16:51:17.338+0000] {logging_mixin.py:188} INFO - [2026-03-15T16:51:17.338+0000] {dagbag.py:540} INFO - Filling up the DagBag from /opt/airflow/dags/dbt_transform.py
[2026-03-15T16:51:17.349+0000] {processor.py:840} INFO - DAG(s) 'dbt_transform' retrieved from /opt/airflow/dags/dbt_transform.py
[2026-03-15T16:51:17.372+0000] {logging_mixin.py:188} INFO - [2026-03-15T16:51:17.372+0000] {dag.py:3096} INFO - Sync 1 DAGs
[2026-03-15T16:51:17.391+0000] {logging_mixin.py:188} INFO - [2026-03-15T16:51:17.391+0000] {dag.py:3954} INFO - Setting next_dagrun for dbt_transform to 2026-03-15 16:50:00+00:00, run_after=2026-03-15 16:51:00+00:00
[2026-03-15T16:51:17.405+0000] {processor.py:183} INFO - Processing /opt/airflow/dags/dbt_transform.py took 0.073 seconds
[2026-03-15T16:51:47.519+0000] {processor.py:161} INFO - Started process (PID=936) to work on /opt/airflow/dags/dbt_transform.py
[2026-03-15T16:51:47.520+0000] {processor.py:830} INFO - Processing file /opt/airflow/dags/dbt_transform.py for tasks to queue
[2026-03-15T16:51:47.521+0000] {logging_mixin.py:188} INFO - [2026-03-15T16:51:47.520+0000] {dagbag.py:540} INFO - Filling up the DagBag from /opt/airflow/dags/dbt_transform.py
[2026-03-15T16:51:47.531+0000] {processor.py:840} INFO - DAG(s) 'dbt_transform' retrieved from /opt/airflow/dags/dbt_transform.py
[2026-03-15T16:51:47.554+0000] {logging_mixin.py:188} INFO - [2026-03-15T16:51:47.553+0000] {dag.py:3096} INFO - Sync 1 DAGs
[2026-03-15T16:51:47.572+0000] {logging_mixin.py:188} INFO - [2026-03-15T16:51:47.572+0000] {dag.py:3954} INFO - Setting next_dagrun for dbt_transform to 2026-03-15 16:50:00+00:00, run_after=2026-03-15 16:51:00+00:00
[2026-03-15T16:51:47.586+0000] {processor.py:183} INFO - Processing /opt/airflow/dags/dbt_transform.py took 0.071 seconds
[2026-03-15T16:52:17.691+0000] {processor.py:161} INFO - Started process (PID=963) to work on /opt/airflow/dags/dbt_transform.py
[2026-03-15T16:52:17.691+0000] {processor.py:830} INFO - Processing file /opt/airflow/dags/dbt_transform.py for tasks to queue
[2026-03-15T16:52:17.692+0000] {logging_mixin.py:188} INFO - [2026-03-15T16:52:17.692+0000] {dagbag.py:540} INFO - Filling up the DagBag from /opt/airflow/dags/dbt_transform.py
[2026-03-15T16:52:17.703+0000] {processor.py:840} INFO - DAG(s) 'dbt_transform' retrieved from /opt/airflow/dags/dbt_transform.py
[2026-03-15T16:52:17.726+0000] {logging_mixin.py:188} INFO - [2026-03-15T16:52:17.725+0000] {dag.py:3096} INFO - Sync 1 DAGs
[2026-03-15T16:52:17.744+0000] {logging_mixin.py:188} INFO - [2026-03-15T16:52:17.744+0000] {dag.py:3954} INFO - Setting next_dagrun for dbt_transform to 2026-03-15 16:51:00+00:00, run_after=2026-03-15 16:52:00+00:00
[2026-03-15T16:52:17.757+0000] {processor.py:183} INFO - Processing /opt/airflow/dags/dbt_transform.py took 0.071 seconds
[2026-03-15T16:52:47.883+0000] {processor.py:161} INFO - Started process (PID=973) to work on /opt/airflow/dags/dbt_transform.py
[2026-03-15T16:52:47.883+0000] {processor.py:830} INFO - Processing file /opt/airflow/dags/dbt_transform.py for tasks to queue
[2026-03-15T16:52:47.884+0000] {logging_mixin.py:188} INFO - [2026-03-15T16:52:47.884+0000] {dagbag.py:540} INFO - Filling up the DagBag from /opt/airflow/dags/dbt_transform.py
[2026-03-15T16:52:47.898+0000] {processor.py:840} INFO - DAG(s) 'dbt_transform' retrieved from /opt/airflow/dags/dbt_transform.py
[2026-03-15T16:52:47.927+0000] {logging_mixin.py:188} INFO - [2026-03-15T16:52:47.927+0000] {dag.py:3096} INFO - Sync 1 DAGs
[2026-03-15T16:52:47.950+0000] {logging_mixin.py:188} INFO - [2026-03-15T16:52:47.949+0000] {dag.py:3954} INFO - Setting next_dagrun for dbt_transform to 2026-03-15 16:51:00+00:00, run_after=2026-03-15 16:52:00+00:00
[2026-03-15T16:52:47.967+0000] {processor.py:183} INFO - Processing /opt/airflow/dags/dbt_transform.py took 0.090 seconds
[2026-03-15T16:53:18.109+0000] {processor.py:161} INFO - Started process (PID=1000) to work on /opt/airflow/dags/dbt_transform.py
[2026-03-15T16:53:18.110+0000] {processor.py:830} INFO - Processing file /opt/airflow/dags/dbt_transform.py for tasks to queue
[2026-03-15T16:53:18.111+0000] {logging_mixin.py:188} INFO - [2026-03-15T16:53:18.111+0000] {dagbag.py:540} INFO - Filling up the DagBag from /opt/airflow/dags/dbt_transform.py
[2026-03-15T16:53:18.126+0000] {processor.py:840} INFO - DAG(s) 'dbt_transform' retrieved from /opt/airflow/dags/dbt_transform.py
[2026-03-15T16:53:18.167+0000] {logging_mixin.py:188} INFO - [2026-03-15T16:53:18.166+0000] {dag.py:3096} INFO - Sync 1 DAGs
[2026-03-15T16:53:18.194+0000] {logging_mixin.py:188} INFO - [2026-03-15T16:53:18.194+0000] {dag.py:3954} INFO - Setting next_dagrun for dbt_transform to 2026-03-15 16:52:00+00:00, run_after=2026-03-15 16:53:00+00:00
[2026-03-15T16:53:18.211+0000] {processor.py:183} INFO - Processing /opt/airflow/dags/dbt_transform.py took 0.112 seconds
[2026-03-15T16:53:48.327+0000] {processor.py:161} INFO - Started process (PID=1010) to work on /opt/airflow/dags/dbt_transform.py
[2026-03-15T16:53:48.328+0000] {processor.py:830} INFO - Processing file /opt/airflow/dags/dbt_transform.py for tasks to queue
[2026-03-15T16:53:48.329+0000] {logging_mixin.py:188} INFO - [2026-03-15T16:53:48.329+0000] {dagbag.py:540} INFO - Filling up the DagBag from /opt/airflow/dags/dbt_transform.py
[2026-03-15T16:53:48.340+0000] {processor.py:840} INFO - DAG(s) 'dbt_transform' retrieved from /opt/airflow/dags/dbt_transform.py
[2026-03-15T16:53:48.363+0000] {logging_mixin.py:188} INFO - [2026-03-15T16:53:48.363+0000] {dag.py:3096} INFO - Sync 1 DAGs
[2026-03-15T16:53:48.382+0000] {logging_mixin.py:188} INFO - [2026-03-15T16:53:48.382+0000] {dag.py:3954} INFO - Setting next_dagrun for dbt_transform to 2026-03-15 16:52:00+00:00, run_after=2026-03-15 16:53:00+00:00
[2026-03-15T16:53:48.394+0000] {processor.py:183} INFO - Processing /opt/airflow/dags/dbt_transform.py took 0.072 seconds
[2026-03-15T16:54:18.513+0000] {processor.py:161} INFO - Started process (PID=1037) to work on /opt/airflow/dags/dbt_transform.py
[2026-03-15T16:54:18.514+0000] {processor.py:830} INFO - Processing file /opt/airflow/dags/dbt_transform.py for tasks to queue
[2026-03-15T16:54:18.515+0000] {logging_mixin.py:188} INFO - [2026-03-15T16:54:18.515+0000] {dagbag.py:540} INFO - Filling up the DagBag from /opt/airflow/dags/dbt_transform.py
[2026-03-15T16:54:18.525+0000] {processor.py:840} INFO - DAG(s) 'dbt_transform' retrieved from /opt/airflow/dags/dbt_transform.py
[2026-03-15T16:54:18.555+0000] {logging_mixin.py:188} INFO - [2026-03-15T16:54:18.555+0000] {dag.py:3096} INFO - Sync 1 DAGs
[2026-03-15T16:54:18.575+0000] {logging_mixin.py:188} INFO - [2026-03-15T16:54:18.575+0000] {dag.py:3954} INFO - Setting next_dagrun for dbt_transform to 2026-03-15 16:53:00+00:00, run_after=2026-03-15 16:54:00+00:00
[2026-03-15T16:54:18.590+0000] {processor.py:183} INFO - Processing /opt/airflow/dags/dbt_transform.py took 0.081 seconds
[2026-03-15T16:54:48.715+0000] {processor.py:161} INFO - Started process (PID=1060) to work on /opt/airflow/dags/dbt_transform.py
[2026-03-15T16:54:48.716+0000] {processor.py:830} INFO - Processing file /opt/airflow/dags/dbt_transform.py for tasks to queue
[2026-03-15T16:54:48.716+0000] {logging_mixin.py:188} INFO - [2026-03-15T16:54:48.716+0000] {dagbag.py:540} INFO - Filling up the DagBag from /opt/airflow/dags/dbt_transform.py
[2026-03-15T16:54:48.736+0000] {processor.py:840} INFO - DAG(s) 'dbt_transform' retrieved from /opt/airflow/dags/dbt_transform.py
[2026-03-15T16:54:48.768+0000] {logging_mixin.py:188} INFO - [2026-03-15T16:54:48.767+0000] {dag.py:3096} INFO - Sync 1 DAGs
[2026-03-15T16:54:48.790+0000] {logging_mixin.py:188} INFO - [2026-03-15T16:54:48.790+0000] {dag.py:3954} INFO - Setting next_dagrun for dbt_transform to 2026-03-15 16:53:00+00:00, run_after=2026-03-15 16:54:00+00:00
[2026-03-15T16:54:48.805+0000] {processor.py:183} INFO - Processing /opt/airflow/dags/dbt_transform.py took 0.097 seconds
[2026-03-15T16:55:18.919+0000] {processor.py:161} INFO - Started process (PID=1091) to work on /opt/airflow/dags/dbt_transform.py
[2026-03-15T16:55:18.919+0000] {processor.py:830} INFO - Processing file /opt/airflow/dags/dbt_transform.py for tasks to queue
[2026-03-15T16:55:18.920+0000] {logging_mixin.py:188} INFO - [2026-03-15T16:55:18.920+0000] {dagbag.py:540} INFO - Filling up the DagBag from /opt/airflow/dags/dbt_transform.py
[2026-03-15T16:55:18.930+0000] {processor.py:840} INFO - DAG(s) 'dbt_transform' retrieved from /opt/airflow/dags/dbt_transform.py
[2026-03-15T16:55:18.953+0000] {logging_mixin.py:188} INFO - [2026-03-15T16:55:18.953+0000] {dag.py:3096} INFO - Sync 1 DAGs
[2026-03-15T16:55:18.971+0000] {logging_mixin.py:188} INFO - [2026-03-15T16:55:18.971+0000] {dag.py:3954} INFO - Setting next_dagrun for dbt_transform to 2026-03-15 16:54:00+00:00, run_after=2026-03-15 16:55:00+00:00
[2026-03-15T16:55:18.985+0000] {processor.py:183} INFO - Processing /opt/airflow/dags/dbt_transform.py took 0.070 seconds
[2026-03-15T16:55:49.099+0000] {processor.py:161} INFO - Started process (PID=1101) to work on /opt/airflow/dags/dbt_transform.py
[2026-03-15T16:55:49.100+0000] {processor.py:830} INFO - Processing file /opt/airflow/dags/dbt_transform.py for tasks to queue
[2026-03-15T16:55:49.100+0000] {logging_mixin.py:188} INFO - [2026-03-15T16:55:49.100+0000] {dagbag.py:540} INFO - Filling up the DagBag from /opt/airflow/dags/dbt_transform.py
[2026-03-15T16:55:49.111+0000] {processor.py:840} INFO - DAG(s) 'dbt_transform' retrieved from /opt/airflow/dags/dbt_transform.py
[2026-03-15T16:55:49.132+0000] {logging_mixin.py:188} INFO - [2026-03-15T16:55:49.132+0000] {dag.py:3096} INFO - Sync 1 DAGs
[2026-03-15T16:55:49.150+0000] {logging_mixin.py:188} INFO - [2026-03-15T16:55:49.150+0000] {dag.py:3954} INFO - Setting next_dagrun for dbt_transform to 2026-03-15 16:54:00+00:00, run_after=2026-03-15 16:55:00+00:00
[2026-03-15T16:55:49.165+0000] {processor.py:183} INFO - Processing /opt/airflow/dags/dbt_transform.py took 0.071 seconds
[2026-03-15T16:56:19.294+0000] {processor.py:161} INFO - Started process (PID=1128) to work on /opt/airflow/dags/dbt_transform.py
[2026-03-15T16:56:19.295+0000] {processor.py:830} INFO - Processing file /opt/airflow/dags/dbt_transform.py for tasks to queue
[2026-03-15T16:56:19.295+0000] {logging_mixin.py:188} INFO - [2026-03-15T16:56:19.295+0000] {dagbag.py:540} INFO - Filling up the DagBag from /opt/airflow/dags/dbt_transform.py
[2026-03-15T16:56:19.307+0000] {processor.py:840} INFO - DAG(s) 'dbt_transform' retrieved from /opt/airflow/dags/dbt_transform.py
[2026-03-15T16:56:19.331+0000] {logging_mixin.py:188} INFO - [2026-03-15T16:56:19.331+0000] {dag.py:3096} INFO - Sync 1 DAGs
[2026-03-15T16:56:19.350+0000] {logging_mixin.py:188} INFO - [2026-03-15T16:56:19.350+0000] {dag.py:3954} INFO - Setting next_dagrun for dbt_transform to 2026-03-15 16:55:00+00:00, run_after=2026-03-15 16:56:00+00:00
[2026-03-15T16:56:19.363+0000] {processor.py:183} INFO - Processing /opt/airflow/dags/dbt_transform.py took 0.074 seconds
[2026-03-15T16:56:49.481+0000] {processor.py:161} INFO - Started process (PID=1138) to work on /opt/airflow/dags/dbt_transform.py
[2026-03-15T16:56:49.482+0000] {processor.py:830} INFO - Processing file /opt/airflow/dags/dbt_transform.py for tasks to queue
[2026-03-15T16:56:49.483+0000] {logging_mixin.py:188} INFO - [2026-03-15T16:56:49.483+0000] {dagbag.py:540} INFO - Filling up the DagBag from /opt/airflow/dags/dbt_transform.py
[2026-03-15T16:56:49.493+0000] {processor.py:840} INFO - DAG(s) 'dbt_transform' retrieved from /opt/airflow/dags/dbt_transform.py
[2026-03-15T16:56:49.514+0000] {logging_mixin.py:188} INFO - [2026-03-15T16:56:49.514+0000] {dag.py:3096} INFO - Sync 1 DAGs
[2026-03-15T16:56:49.533+0000] {logging_mixin.py:188} INFO - [2026-03-15T16:56:49.533+0000] {dag.py:3954} INFO - Setting next_dagrun for dbt_transform to 2026-03-15 16:55:00+00:00, run_after=2026-03-15 16:56:00+00:00
[2026-03-15T16:56:49.546+0000] {processor.py:183} INFO - Processing /opt/airflow/dags/dbt_transform.py took 0.070 seconds
[2026-03-15T16:57:19.652+0000] {processor.py:161} INFO - Started process (PID=1165) to work on /opt/airflow/dags/dbt_transform.py
[2026-03-15T16:57:19.653+0000] {processor.py:830} INFO - Processing file /opt/airflow/dags/dbt_transform.py for tasks to queue
[2026-03-15T16:57:19.654+0000] {logging_mixin.py:188} INFO - [2026-03-15T16:57:19.653+0000] {dagbag.py:540} INFO - Filling up the DagBag from /opt/airflow/dags/dbt_transform.py
[2026-03-15T16:57:19.664+0000] {processor.py:840} INFO - DAG(s) 'dbt_transform' retrieved from /opt/airflow/dags/dbt_transform.py
[2026-03-15T16:57:19.686+0000] {logging_mixin.py:188} INFO - [2026-03-15T16:57:19.686+0000] {dag.py:3096} INFO - Sync 1 DAGs
[2026-03-15T16:57:19.704+0000] {logging_mixin.py:188} INFO - [2026-03-15T16:57:19.704+0000] {dag.py:3954} INFO - Setting next_dagrun for dbt_transform to 2026-03-15 16:56:00+00:00, run_after=2026-03-15 16:57:00+00:00
[2026-03-15T16:57:19.716+0000] {processor.py:183} INFO - Processing /opt/airflow/dags/dbt_transform.py took 0.069 seconds
[2026-03-15T16:57:49.832+0000] {processor.py:161} INFO - Started process (PID=1175) to work on /opt/airflow/dags/dbt_transform.py
[2026-03-15T16:57:49.832+0000] {processor.py:830} INFO - Processing file /opt/airflow/dags/dbt_transform.py for tasks to queue
[2026-03-15T16:57:49.833+0000] {logging_mixin.py:188} INFO - [2026-03-15T16:57:49.833+0000] {dagbag.py:540} INFO - Filling up the DagBag from /opt/airflow/dags/dbt_transform.py
[2026-03-15T16:57:49.843+0000] {processor.py:840} INFO - DAG(s) 'dbt_transform' retrieved from /opt/airflow/dags/dbt_transform.py
[2026-03-15T16:57:49.864+0000] {logging_mixin.py:188} INFO - [2026-03-15T16:57:49.864+0000] {dag.py:3096} INFO - Sync 1 DAGs
[2026-03-15T16:57:49.882+0000] {logging_mixin.py:188} INFO - [2026-03-15T16:57:49.882+0000] {dag.py:3954} INFO - Setting next_dagrun for dbt_transform to 2026-03-15 16:56:00+00:00, run_after=2026-03-15 16:57:00+00:00
[2026-03-15T16:57:49.894+0000] {processor.py:183} INFO - Processing /opt/airflow/dags/dbt_transform.py took 0.067 seconds
[2026-03-15T16:58:20.023+0000] {processor.py:161} INFO - Started process (PID=1202) to work on /opt/airflow/dags/dbt_transform.py
[2026-03-15T16:58:20.024+0000] {processor.py:830} INFO - Processing file /opt/airflow/dags/dbt_transform.py for tasks to queue
[2026-03-15T16:58:20.025+0000] {logging_mixin.py:188} INFO - [2026-03-15T16:58:20.024+0000] {dagbag.py:540} INFO - Filling up the DagBag from /opt/airflow/dags/dbt_transform.py
[2026-03-15T16:58:20.037+0000] {processor.py:840} INFO - DAG(s) 'dbt_transform' retrieved from /opt/airflow/dags/dbt_transform.py
[2026-03-15T16:58:20.063+0000] {logging_mixin.py:188} INFO - [2026-03-15T16:58:20.062+0000] {dag.py:3096} INFO - Sync 1 DAGs
[2026-03-15T16:58:20.085+0000] {logging_mixin.py:188} INFO - [2026-03-15T16:58:20.085+0000] {dag.py:3954} INFO - Setting next_dagrun for dbt_transform to 2026-03-15 16:57:00+00:00, run_after=2026-03-15 16:58:00+00:00
[2026-03-15T16:58:20.100+0000] {processor.py:183} INFO - Processing /opt/airflow/dags/dbt_transform.py took 0.082 seconds
[2026-03-15T16:58:50.210+0000] {processor.py:161} INFO - Started process (PID=1212) to work on /opt/airflow/dags/dbt_transform.py
[2026-03-15T16:58:50.211+0000] {processor.py:830} INFO - Processing file /opt/airflow/dags/dbt_transform.py for tasks to queue
[2026-03-15T16:58:50.212+0000] {logging_mixin.py:188} INFO - [2026-03-15T16:58:50.211+0000] {dagbag.py:540} INFO - Filling up the DagBag from /opt/airflow/dags/dbt_transform.py
[2026-03-15T16:58:50.222+0000] {processor.py:840} INFO - DAG(s) 'dbt_transform' retrieved from /opt/airflow/dags/dbt_transform.py
[2026-03-15T16:58:50.243+0000] {logging_mixin.py:188} INFO - [2026-03-15T16:58:50.243+0000] {dag.py:3096} INFO - Sync 1 DAGs
[2026-03-15T16:58:50.261+0000] {logging_mixin.py:188} INFO - [2026-03-15T16:58:50.261+0000] {dag.py:3954} INFO - Setting next_dagrun for dbt_transform to 2026-03-15 16:57:00+00:00, run_after=2026-03-15 16:58:00+00:00
[2026-03-15T16:58:50.273+0000] {processor.py:183} INFO - Processing /opt/airflow/dags/dbt_transform.py took 0.067 seconds
[2026-03-15T16:59:20.390+0000] {processor.py:161} INFO - Started process (PID=1239) to work on /opt/airflow/dags/dbt_transform.py
[2026-03-15T16:59:20.391+0000] {processor.py:830} INFO - Processing file /opt/airflow/dags/dbt_transform.py for tasks to queue
[2026-03-15T16:59:20.392+0000] {logging_mixin.py:188} INFO - [2026-03-15T16:59:20.392+0000] {dagbag.py:540} INFO - Filling up the DagBag from /opt/airflow/dags/dbt_transform.py
[2026-03-15T16:59:20.403+0000] {processor.py:840} INFO - DAG(s) 'dbt_transform' retrieved from /opt/airflow/dags/dbt_transform.py
[2026-03-15T16:59:20.424+0000] {logging_mixin.py:188} INFO - [2026-03-15T16:59:20.424+0000] {dag.py:3096} INFO - Sync 1 DAGs
[2026-03-15T16:59:20.442+0000] {logging_mixin.py:188} INFO - [2026-03-15T16:59:20.442+0000] {dag.py:3954} INFO - Setting next_dagrun for dbt_transform to 2026-03-15 16:58:00+00:00, run_after=2026-03-15 16:59:00+00:00
[2026-03-15T16:59:20.454+0000] {processor.py:183} INFO - Processing /opt/airflow/dags/dbt_transform.py took 0.068 seconds
[2026-03-15T16:59:50.563+0000] {processor.py:161} INFO - Started process (PID=1249) to work on /opt/airflow/dags/dbt_transform.py
[2026-03-15T16:59:50.564+0000] {processor.py:830} INFO - Processing file /opt/airflow/dags/dbt_transform.py for tasks to queue
[2026-03-15T16:59:50.565+0000] {logging_mixin.py:188} INFO - [2026-03-15T16:59:50.564+0000] {dagbag.py:540} INFO - Filling up the DagBag from /opt/airflow/dags/dbt_transform.py
[2026-03-15T16:59:50.575+0000] {processor.py:840} INFO - DAG(s) 'dbt_transform' retrieved from /opt/airflow/dags/dbt_transform.py
[2026-03-15T16:59:50.598+0000] {logging_mixin.py:188} INFO - [2026-03-15T16:59:50.598+0000] {dag.py:3096} INFO - Sync 1 DAGs
[2026-03-15T16:59:50.618+0000] {logging_mixin.py:188} INFO - [2026-03-15T16:59:50.618+0000] {dag.py:3954} INFO - Setting next_dagrun for dbt_transform to 2026-03-15 16:58:00+00:00, run_after=2026-03-15 16:59:00+00:00
[2026-03-15T16:59:50.631+0000] {processor.py:183} INFO - Processing /opt/airflow/dags/dbt_transform.py took 0.072 seconds
[2026-03-15T17:00:20.759+0000] {processor.py:161} INFO - Started process (PID=1276) to work on /opt/airflow/dags/dbt_transform.py
[2026-03-15T17:00:20.759+0000] {processor.py:830} INFO - Processing file /opt/airflow/dags/dbt_transform.py for tasks to queue
[2026-03-15T17:00:20.760+0000] {logging_mixin.py:188} INFO - [2026-03-15T17:00:20.760+0000] {dagbag.py:540} INFO - Filling up the DagBag from /opt/airflow/dags/dbt_transform.py
[2026-03-15T17:00:20.771+0000] {processor.py:840} INFO - DAG(s) 'dbt_transform' retrieved from /opt/airflow/dags/dbt_transform.py
[2026-03-15T17:00:20.793+0000] {logging_mixin.py:188} INFO - [2026-03-15T17:00:20.793+0000] {dag.py:3096} INFO - Sync 1 DAGs
[2026-03-15T17:00:20.811+0000] {logging_mixin.py:188} INFO - [2026-03-15T17:00:20.811+0000] {dag.py:3954} INFO - Setting next_dagrun for dbt_transform to 2026-03-15 16:59:00+00:00, run_after=2026-03-15 17:00:00+00:00
[2026-03-15T17:00:20.823+0000] {processor.py:183} INFO - Processing /opt/airflow/dags/dbt_transform.py took 0.068 seconds
[2026-03-15T17:00:50.939+0000] {processor.py:161} INFO - Started process (PID=1286) to work on /opt/airflow/dags/dbt_transform.py
[2026-03-15T17:00:50.939+0000] {processor.py:830} INFO - Processing file /opt/airflow/dags/dbt_transform.py for tasks to queue
[2026-03-15T17:00:50.940+0000] {logging_mixin.py:188} INFO - [2026-03-15T17:00:50.940+0000] {dagbag.py:540} INFO - Filling up the DagBag from /opt/airflow/dags/dbt_transform.py
[2026-03-15T17:00:50.951+0000] {processor.py:840} INFO - DAG(s) 'dbt_transform' retrieved from /opt/airflow/dags/dbt_transform.py
[2026-03-15T17:00:50.972+0000] {logging_mixin.py:188} INFO - [2026-03-15T17:00:50.972+0000] {dag.py:3096} INFO - Sync 1 DAGs
[2026-03-15T17:00:50.990+0000] {logging_mixin.py:188} INFO - [2026-03-15T17:00:50.989+0000] {dag.py:3954} INFO - Setting next_dagrun for dbt_transform to 2026-03-15 16:59:00+00:00, run_after=2026-03-15 17:00:00+00:00
[2026-03-15T17:00:51.001+0000] {processor.py:183} INFO - Processing /opt/airflow/dags/dbt_transform.py took 0.067 seconds
[2026-03-15T17:01:21.204+0000] {processor.py:161} INFO - Started process (PID=1316) to work on /opt/airflow/dags/dbt_transform.py
[2026-03-15T17:01:21.211+0000] {processor.py:830} INFO - Processing file /opt/airflow/dags/dbt_transform.py for tasks to queue
[2026-03-15T17:01:21.214+0000] {logging_mixin.py:188} INFO - [2026-03-15T17:01:21.213+0000] {dagbag.py:540} INFO - Filling up the DagBag from /opt/airflow/dags/dbt_transform.py
[2026-03-15T17:01:21.265+0000] {processor.py:840} INFO - DAG(s) 'dbt_transform' retrieved from /opt/airflow/dags/dbt_transform.py
[2026-03-15T17:01:21.331+0000] {logging_mixin.py:188} INFO - [2026-03-15T17:01:21.331+0000] {dag.py:3096} INFO - Sync 1 DAGs
[2026-03-15T17:01:21.360+0000] {logging_mixin.py:188} INFO - [2026-03-15T17:01:21.360+0000] {dag.py:3954} INFO - Setting next_dagrun for dbt_transform to 2026-03-15 17:00:00+00:00, run_after=2026-03-15 17:01:00+00:00
[2026-03-15T17:01:21.382+0000] {processor.py:183} INFO - Processing /opt/airflow/dags/dbt_transform.py took 0.193 seconds
