[2026-03-16T01:46:24.521+0000] {local_task_job_runner.py:120} INFO - ::group::Pre task execution logs
[2026-03-16T01:46:24.548+0000] {taskinstance.py:2073} INFO - Dependencies all met for dep_context=non-requeueable deps ti=<TaskInstance: dbt_raw_to_gold.dbt_run scheduled__2026-03-16T01:45:00+00:00 [queued]>
[2026-03-16T01:46:24.555+0000] {taskinstance.py:2073} INFO - Dependencies all met for dep_context=requeueable deps ti=<TaskInstance: dbt_raw_to_gold.dbt_run scheduled__2026-03-16T01:45:00+00:00 [queued]>
[2026-03-16T01:46:24.555+0000] {taskinstance.py:2303} INFO - Starting attempt 1 of 2
[2026-03-16T01:46:24.565+0000] {taskinstance.py:2327} INFO - Executing <Task(BashOperator): dbt_run> on 2026-03-16 01:45:00+00:00
[2026-03-16T01:46:24.574+0000] {standard_task_runner.py:90} INFO - Running: ['***', 'tasks', 'run', 'dbt_raw_to_gold', 'dbt_run', 'scheduled__2026-03-16T01:45:00+00:00', '--job-id', '77', '--raw', '--subdir', 'DAGS_FOLDER/dbt_transform_2.py', '--cfg-path', '/tmp/tmpyf3tjtgr']
[2026-03-16T01:46:24.576+0000] {standard_task_runner.py:91} INFO - Job 77: Subtask dbt_run
[2026-03-16T01:46:24.576+0000] {logging_mixin.py:188} WARNING - /home/***/.local/lib/python3.12/site-packages/***/task/task_runner/standard_task_runner.py:61 DeprecationWarning: This process (pid=255) is multi-threaded, use of fork() may lead to deadlocks in the child.
[2026-03-16T01:46:24.576+0000] {standard_task_runner.py:63} INFO - Started process 256 to run task
[2026-03-16T01:46:24.619+0000] {task_command.py:426} INFO - Running <TaskInstance: dbt_raw_to_gold.dbt_run scheduled__2026-03-16T01:45:00+00:00 [running]> on host 4587840e0174
[2026-03-16T01:46:24.696+0000] {taskinstance.py:2644} INFO - Exporting env vars: AIRFLOW_CTX_DAG_OWNER='***' AIRFLOW_CTX_DAG_ID='dbt_raw_to_gold' AIRFLOW_CTX_TASK_ID='dbt_run' AIRFLOW_CTX_EXECUTION_DATE='2026-03-16T01:45:00+00:00' AIRFLOW_CTX_TRY_NUMBER='1' AIRFLOW_CTX_DAG_RUN_ID='scheduled__2026-03-16T01:45:00+00:00'
[2026-03-16T01:46:24.697+0000] {taskinstance.py:430} INFO - ::endgroup::
[2026-03-16T01:46:24.708+0000] {subprocess.py:63} INFO - Tmp dir root location: /tmp
[2026-03-16T01:46:24.708+0000] {subprocess.py:75} INFO - Running command: ['/usr/bin/bash', '-c', 'cd /opt/***/dbt && dbt run --profiles-dir .']
[2026-03-16T01:46:24.720+0000] {subprocess.py:86} INFO - Output:
[2026-03-16T01:46:27.102+0000] {subprocess.py:93} INFO - [0m01:46:27  Running with dbt=1.7.0
[2026-03-16T01:46:27.368+0000] {subprocess.py:93} INFO - [0m01:46:27  Registered adapter: postgres=1.7.0
[2026-03-16T01:46:27.422+0000] {subprocess.py:93} INFO - [0m01:46:27  Found 7 models, 0 sources, 0 exposures, 0 metrics, 401 macros, 0 groups, 0 semantic models
[2026-03-16T01:46:27.424+0000] {subprocess.py:93} INFO - [0m01:46:27
[2026-03-16T01:46:27.498+0000] {subprocess.py:93} INFO - [0m01:46:27  Concurrency: 4 threads (target='dev')
[2026-03-16T01:46:27.499+0000] {subprocess.py:93} INFO - [0m01:46:27
[2026-03-16T01:46:27.509+0000] {subprocess.py:93} INFO - [0m01:46:27  1 of 7 START sql table model gold_.dim_location ................................ [RUN]
[2026-03-16T01:46:27.510+0000] {subprocess.py:93} INFO - [0m01:46:27  2 of 7 START sql table model gold_.dim_songs ................................... [RUN]
[2026-03-16T01:46:27.510+0000] {subprocess.py:93} INFO - [0m01:46:27  3 of 7 START sql table model gold_.dim_time .................................... [RUN]
[2026-03-16T01:46:27.511+0000] {subprocess.py:93} INFO - [0m01:46:27  4 of 7 START sql table model gold_.dim_users ................................... [RUN]
[2026-03-16T01:46:29.848+0000] {subprocess.py:93} INFO - [0m01:46:29  2 of 7 OK created sql table model gold_.dim_songs .............................. [[32mSELECT 135463[0m in 2.33s]
[2026-03-16T01:46:29.850+0000] {subprocess.py:93} INFO - [0m01:46:29  5 of 7 START sql table model gold_.fact_page_views ............................. [RUN]
[2026-03-16T01:46:30.105+0000] {subprocess.py:93} INFO - [0m01:46:30  4 of 7 OK created sql table model gold_.dim_users .............................. [[32mSELECT 2934[0m in 2.59s]
[2026-03-16T01:46:30.108+0000] {subprocess.py:93} INFO - [0m01:46:30  6 of 7 START sql table model gold_.fact_plays .................................. [RUN]
[2026-03-16T01:46:30.175+0000] {subprocess.py:93} INFO - [0m01:46:30  3 of 7 OK created sql table model gold_.dim_time ............................... [[32mSELECT 1114509[0m in 2.66s]
[2026-03-16T01:46:30.178+0000] {subprocess.py:93} INFO - [0m01:46:30  7 of 7 START sql table model gold_.fact_sessions ............................... [RUN]
[2026-03-16T01:46:30.671+0000] {subprocess.py:93} INFO - [0m01:46:30  7 of 7 OK created sql table model gold_.fact_sessions .......................... [[32mSELECT 97890[0m in 0.49s]
[2026-03-16T01:46:31.917+0000] {subprocess.py:93} INFO - [0m01:46:31  1 of 7 OK created sql table model gold_.dim_location ........................... [[32mSELECT 1161[0m in 4.40s]
[2026-03-16T01:46:35.351+0000] {subprocess.py:93} INFO - [0m01:46:35  5 of 7 OK created sql table model gold_.fact_page_views ........................ [[32mSELECT 1738497[0m in 5.50s]
[2026-03-16T01:46:36.640+0000] {subprocess.py:93} INFO - [0m01:46:36  6 of 7 OK created sql table model gold_.fact_plays ............................. [[32mSELECT 1403568[0m in 6.53s]
[2026-03-16T01:46:36.658+0000] {subprocess.py:93} INFO - [0m01:46:36
[2026-03-16T01:46:36.658+0000] {subprocess.py:93} INFO - [0m01:46:36  Finished running 7 table models in 0 hours 0 minutes and 9.23 seconds (9.23s).
[2026-03-16T01:46:36.674+0000] {subprocess.py:93} INFO - [0m01:46:36
[2026-03-16T01:46:36.675+0000] {subprocess.py:93} INFO - [0m01:46:36  [32mCompleted successfully[0m
[2026-03-16T01:46:36.676+0000] {subprocess.py:93} INFO - [0m01:46:36
[2026-03-16T01:46:36.676+0000] {subprocess.py:93} INFO - [0m01:46:36  Done. PASS=7 WARN=0 ERROR=0 SKIP=0 TOTAL=7
[2026-03-16T01:46:38.360+0000] {subprocess.py:97} INFO - Command exited with return code 0
[2026-03-16T01:46:38.361+0000] {taskinstance.py:441} INFO - ::group::Post task execution logs
[2026-03-16T01:46:38.381+0000] {taskinstance.py:1205} INFO - Marking task as SUCCESS. dag_id=dbt_raw_to_gold, task_id=dbt_run, execution_date=20260316T014500, start_date=20260316T014624, end_date=20260316T014638
[2026-03-16T01:46:38.414+0000] {local_task_job_runner.py:240} INFO - Task exited with return code 0
[2026-03-16T01:46:38.431+0000] {taskinstance.py:3482} INFO - 1 downstream tasks scheduled from follow-on schedule check
[2026-03-16T01:46:38.433+0000] {local_task_job_runner.py:222} INFO - ::endgroup::
