[2026-03-15T16:50:00.364+0000] {local_task_job_runner.py:120} INFO - ::group::Pre task execution logs
[2026-03-15T16:50:00.391+0000] {taskinstance.py:2073} INFO - Dependencies all met for dep_context=non-requeueable deps ti=<TaskInstance: dbt_raw_to_gold.dbt_run scheduled__2026-03-15T16:49:00+00:00 [queued]>
[2026-03-15T16:50:00.396+0000] {taskinstance.py:2073} INFO - Dependencies all met for dep_context=requeueable deps ti=<TaskInstance: dbt_raw_to_gold.dbt_run scheduled__2026-03-15T16:49:00+00:00 [queued]>
[2026-03-15T16:50:00.397+0000] {taskinstance.py:2303} INFO - Starting attempt 1 of 2
[2026-03-15T16:50:00.406+0000] {taskinstance.py:2327} INFO - Executing <Task(BashOperator): dbt_run> on 2026-03-15 16:49:00+00:00
[2026-03-15T16:50:00.413+0000] {logging_mixin.py:188} WARNING - /home/***/.local/lib/python3.12/site-packages/***/task/task_runner/standard_task_runner.py:61 DeprecationWarning: This process (pid=867) is multi-threaded, use of fork() may lead to deadlocks in the child.
[2026-03-15T16:50:00.414+0000] {standard_task_runner.py:63} INFO - Started process 868 to run task
[2026-03-15T16:50:00.413+0000] {standard_task_runner.py:90} INFO - Running: ['***', 'tasks', 'run', 'dbt_raw_to_gold', 'dbt_run', 'scheduled__2026-03-15T16:49:00+00:00', '--job-id', '50', '--raw', '--subdir', 'DAGS_FOLDER/dbt_transform_2.py', '--cfg-path', '/tmp/tmpm3rujd2u']
[2026-03-15T16:50:00.414+0000] {standard_task_runner.py:91} INFO - Job 50: Subtask dbt_run
[2026-03-15T16:50:00.451+0000] {task_command.py:426} INFO - Running <TaskInstance: dbt_raw_to_gold.dbt_run scheduled__2026-03-15T16:49:00+00:00 [running]> on host 1442dacb8816
[2026-03-15T16:50:00.522+0000] {taskinstance.py:2644} INFO - Exporting env vars: AIRFLOW_CTX_DAG_OWNER='***' AIRFLOW_CTX_DAG_ID='dbt_raw_to_gold' AIRFLOW_CTX_TASK_ID='dbt_run' AIRFLOW_CTX_EXECUTION_DATE='2026-03-15T16:49:00+00:00' AIRFLOW_CTX_TRY_NUMBER='1' AIRFLOW_CTX_DAG_RUN_ID='scheduled__2026-03-15T16:49:00+00:00'
[2026-03-15T16:50:00.523+0000] {taskinstance.py:430} INFO - ::endgroup::
[2026-03-15T16:50:00.534+0000] {subprocess.py:63} INFO - Tmp dir root location: /tmp
[2026-03-15T16:50:00.534+0000] {subprocess.py:75} INFO - Running command: ['/usr/bin/bash', '-c', 'cd /opt/***/dbt && dbt run --profiles-dir .']
[2026-03-15T16:50:00.547+0000] {subprocess.py:86} INFO - Output:
[2026-03-15T16:50:02.884+0000] {subprocess.py:93} INFO - [0m16:50:02  Running with dbt=1.7.0
[2026-03-15T16:50:03.145+0000] {subprocess.py:93} INFO - [0m16:50:03  Registered adapter: postgres=1.7.0
[2026-03-15T16:50:03.197+0000] {subprocess.py:93} INFO - [0m16:50:03  Found 7 models, 0 sources, 0 exposures, 0 metrics, 401 macros, 0 groups, 0 semantic models
[2026-03-15T16:50:03.200+0000] {subprocess.py:93} INFO - [0m16:50:03
[2026-03-15T16:50:03.258+0000] {subprocess.py:93} INFO - [0m16:50:03  Concurrency: 4 threads (target='dev')
[2026-03-15T16:50:03.258+0000] {subprocess.py:93} INFO - [0m16:50:03
[2026-03-15T16:50:03.268+0000] {subprocess.py:93} INFO - [0m16:50:03  1 of 7 START sql table model gold_.dim_location ................................ [RUN]
[2026-03-15T16:50:03.269+0000] {subprocess.py:93} INFO - [0m16:50:03  2 of 7 START sql table model gold_.dim_songs ................................... [RUN]
[2026-03-15T16:50:03.269+0000] {subprocess.py:93} INFO - [0m16:50:03  3 of 7 START sql table model gold_.dim_time .................................... [RUN]
[2026-03-15T16:50:03.270+0000] {subprocess.py:93} INFO - [0m16:50:03  4 of 7 START sql table model gold_.dim_users ................................... [RUN]
[2026-03-15T16:50:04.457+0000] {subprocess.py:93} INFO - [0m16:50:04  4 of 7 OK created sql table model gold_.dim_users .............................. [[32mSELECT 2393[0m in 1.18s]
[2026-03-15T16:50:04.459+0000] {subprocess.py:93} INFO - [0m16:50:04  5 of 7 START sql table model gold_.fact_page_views ............................. [RUN]
[2026-03-15T16:50:05.515+0000] {subprocess.py:93} INFO - [0m16:50:05  2 of 7 OK created sql table model gold_.dim_songs .............................. [[32mSELECT 135385[0m in 2.24s]
[2026-03-15T16:50:05.517+0000] {subprocess.py:93} INFO - [0m16:50:05  6 of 7 START sql table model gold_.fact_plays .................................. [RUN]
[2026-03-15T16:50:05.567+0000] {subprocess.py:93} INFO - [0m16:50:05  3 of 7 OK created sql table model gold_.dim_time ............................... [[32mSELECT 1113613[0m in 2.29s]
[2026-03-15T16:50:05.569+0000] {subprocess.py:93} INFO - [0m16:50:05  7 of 7 START sql table model gold_.fact_sessions ............................... [RUN]
[2026-03-15T16:50:05.803+0000] {subprocess.py:93} INFO - [0m16:50:05  7 of 7 OK created sql table model gold_.fact_sessions .......................... [[32mSELECT 21450[0m in 0.23s]
[2026-03-15T16:50:06.201+0000] {subprocess.py:93} INFO - [0m16:50:06  1 of 7 OK created sql table model gold_.dim_location ........................... [[32mSELECT 769[0m in 2.93s]
[2026-03-15T16:50:10.112+0000] {subprocess.py:93} INFO - [0m16:50:10  5 of 7 OK created sql table model gold_.fact_page_views ........................ [[32mSELECT 1640642[0m in 5.65s]
[2026-03-15T16:50:10.995+0000] {subprocess.py:93} INFO - [0m16:50:10  6 of 7 OK created sql table model gold_.fact_plays ............................. [[32mSELECT 1402332[0m in 5.48s]
[2026-03-15T16:50:11.008+0000] {subprocess.py:93} INFO - [0m16:50:11
[2026-03-15T16:50:11.009+0000] {subprocess.py:93} INFO - [0m16:50:11  Finished running 7 table models in 0 hours 0 minutes and 7.81 seconds (7.81s).
[2026-03-15T16:50:11.021+0000] {subprocess.py:93} INFO - [0m16:50:11
[2026-03-15T16:50:11.022+0000] {subprocess.py:93} INFO - [0m16:50:11  [32mCompleted successfully[0m
[2026-03-15T16:50:11.022+0000] {subprocess.py:93} INFO - [0m16:50:11
[2026-03-15T16:50:11.023+0000] {subprocess.py:93} INFO - [0m16:50:11  Done. PASS=7 WARN=0 ERROR=0 SKIP=0 TOTAL=7
[2026-03-15T16:50:12.774+0000] {subprocess.py:97} INFO - Command exited with return code 0
[2026-03-15T16:50:12.774+0000] {taskinstance.py:441} INFO - ::group::Post task execution logs
[2026-03-15T16:50:12.797+0000] {taskinstance.py:1205} INFO - Marking task as SUCCESS. dag_id=dbt_raw_to_gold, task_id=dbt_run, execution_date=20260315T164900, start_date=20260315T165000, end_date=20260315T165012
[2026-03-15T16:50:12.850+0000] {local_task_job_runner.py:240} INFO - Task exited with return code 0
[2026-03-15T16:50:12.868+0000] {taskinstance.py:3482} INFO - 1 downstream tasks scheduled from follow-on schedule check
[2026-03-15T16:50:12.869+0000] {local_task_job_runner.py:222} INFO - ::endgroup::
