[2026-03-15T16:39:00.404+0000] {local_task_job_runner.py:120} INFO - ::group::Pre task execution logs
[2026-03-15T16:39:00.457+0000] {taskinstance.py:2073} INFO - Dependencies all met for dep_context=non-requeueable deps ti=<TaskInstance: dbt_transform.dbt_debug scheduled__2026-03-15T16:38:00+00:00 [queued]>
[2026-03-15T16:39:00.462+0000] {taskinstance.py:2073} INFO - Dependencies all met for dep_context=requeueable deps ti=<TaskInstance: dbt_transform.dbt_debug scheduled__2026-03-15T16:38:00+00:00 [queued]>
[2026-03-15T16:39:00.462+0000] {taskinstance.py:2303} INFO - Starting attempt 1 of 2
[2026-03-15T16:39:00.473+0000] {taskinstance.py:2327} INFO - Executing <Task(BashOperator): dbt_debug> on 2026-03-15 16:38:00+00:00
[2026-03-15T16:39:00.481+0000] {standard_task_runner.py:90} INFO - Running: ['***', 'tasks', 'run', 'dbt_transform', 'dbt_debug', 'scheduled__2026-03-15T16:38:00+00:00', '--job-id', '37', '--raw', '--subdir', 'DAGS_FOLDER/dbt_transform.py', '--cfg-path', '/tmp/tmp_vokd364']
[2026-03-15T16:39:00.483+0000] {standard_task_runner.py:91} INFO - Job 37: Subtask dbt_debug
[2026-03-15T16:39:00.487+0000] {logging_mixin.py:188} WARNING - /home/***/.local/lib/python3.12/site-packages/***/task/task_runner/standard_task_runner.py:61 DeprecationWarning: This process (pid=602) is multi-threaded, use of fork() may lead to deadlocks in the child.
[2026-03-15T16:39:00.488+0000] {standard_task_runner.py:63} INFO - Started process 603 to run task
[2026-03-15T16:39:00.521+0000] {task_command.py:426} INFO - Running <TaskInstance: dbt_transform.dbt_debug scheduled__2026-03-15T16:38:00+00:00 [running]> on host 1442dacb8816
[2026-03-15T16:39:00.594+0000] {taskinstance.py:2644} INFO - Exporting env vars: AIRFLOW_CTX_DAG_OWNER='***' AIRFLOW_CTX_DAG_ID='dbt_transform' AIRFLOW_CTX_TASK_ID='dbt_debug' AIRFLOW_CTX_EXECUTION_DATE='2026-03-15T16:38:00+00:00' AIRFLOW_CTX_TRY_NUMBER='1' AIRFLOW_CTX_DAG_RUN_ID='scheduled__2026-03-15T16:38:00+00:00'
[2026-03-15T16:39:00.595+0000] {taskinstance.py:430} INFO - ::endgroup::
[2026-03-15T16:39:00.614+0000] {subprocess.py:63} INFO - Tmp dir root location: /tmp
[2026-03-15T16:39:00.615+0000] {subprocess.py:75} INFO - Running command: ['/usr/bin/bash', '-c', 'cd /opt/***/dbt && dbt debug --profiles-dir .']
[2026-03-15T16:39:00.629+0000] {subprocess.py:86} INFO - Output:
[2026-03-15T16:39:02.992+0000] {subprocess.py:93} INFO - [0m16:39:02  Running with dbt=1.7.0
[2026-03-15T16:39:02.993+0000] {subprocess.py:93} INFO - [0m16:39:02  dbt version: 1.7.0
[2026-03-15T16:39:02.993+0000] {subprocess.py:93} INFO - [0m16:39:02  python version: 3.12.2
[2026-03-15T16:39:02.994+0000] {subprocess.py:93} INFO - [0m16:39:02  python path: /home/***/.local/bin/python
[2026-03-15T16:39:02.994+0000] {subprocess.py:93} INFO - [0m16:39:02  os info: Linux-6.17.0-19-generic-x86_64-with-glibc2.36
[2026-03-15T16:39:03.074+0000] {subprocess.py:93} INFO - [0m16:39:03  Using profiles dir at .
[2026-03-15T16:39:03.074+0000] {subprocess.py:93} INFO - [0m16:39:03  Using profiles.yml file at ./profiles.yml
[2026-03-15T16:39:03.075+0000] {subprocess.py:93} INFO - [0m16:39:03  Using dbt_project.yml file at /opt/***/dbt/dbt_project.yml
[2026-03-15T16:39:03.075+0000] {subprocess.py:93} INFO - [0m16:39:03  adapter type: postgres
[2026-03-15T16:39:03.076+0000] {subprocess.py:93} INFO - [0m16:39:03  adapter version: 1.7.0
[2026-03-15T16:39:03.143+0000] {subprocess.py:93} INFO - [0m16:39:03  Configuration:
[2026-03-15T16:39:03.143+0000] {subprocess.py:93} INFO - [0m16:39:03    profiles.yml file [[32mOK found and valid[0m]
[2026-03-15T16:39:03.144+0000] {subprocess.py:93} INFO - [0m16:39:03    dbt_project.yml file [[32mOK found and valid[0m]
[2026-03-15T16:39:03.144+0000] {subprocess.py:93} INFO - [0m16:39:03  Required dependencies:
[2026-03-15T16:39:03.146+0000] {subprocess.py:93} INFO - [0m16:39:03   - git [[31mERROR[0m]
[2026-03-15T16:39:03.146+0000] {subprocess.py:93} INFO - 
[2026-03-15T16:39:03.146+0000] {subprocess.py:93} INFO - [0m16:39:03  Connection:
[2026-03-15T16:39:03.146+0000] {subprocess.py:93} INFO - [0m16:39:03    host: postgres-db
[2026-03-15T16:39:03.147+0000] {subprocess.py:93} INFO - [0m16:39:03    port: 5432
[2026-03-15T16:39:03.147+0000] {subprocess.py:93} INFO - [0m16:39:03    user: sqlpad
[2026-03-15T16:39:03.148+0000] {subprocess.py:93} INFO - [0m16:39:03    database: sqlpad
[2026-03-15T16:39:03.148+0000] {subprocess.py:93} INFO - [0m16:39:03    schema: gold
[2026-03-15T16:39:03.148+0000] {subprocess.py:93} INFO - [0m16:39:03    connect_timeout: 10
[2026-03-15T16:39:03.149+0000] {subprocess.py:93} INFO - [0m16:39:03    role: None
[2026-03-15T16:39:03.149+0000] {subprocess.py:93} INFO - [0m16:39:03    search_path: None
[2026-03-15T16:39:03.149+0000] {subprocess.py:93} INFO - [0m16:39:03    keepalives_idle: 0
[2026-03-15T16:39:03.150+0000] {subprocess.py:93} INFO - [0m16:39:03    sslmode: None
[2026-03-15T16:39:03.150+0000] {subprocess.py:93} INFO - [0m16:39:03    sslcert: None
[2026-03-15T16:39:03.150+0000] {subprocess.py:93} INFO - [0m16:39:03    sslkey: None
[2026-03-15T16:39:03.151+0000] {subprocess.py:93} INFO - [0m16:39:03    sslrootcert: None
[2026-03-15T16:39:03.151+0000] {subprocess.py:93} INFO - [0m16:39:03    application_name: dbt
[2026-03-15T16:39:03.152+0000] {subprocess.py:93} INFO - [0m16:39:03    retries: 1
[2026-03-15T16:39:03.152+0000] {subprocess.py:93} INFO - [0m16:39:03  Registered adapter: postgres=1.7.0
[2026-03-15T16:39:03.161+0000] {subprocess.py:93} INFO - [0m16:39:03    Connection test: [[32mOK connection ok[0m]
[2026-03-15T16:39:03.161+0000] {subprocess.py:93} INFO - 
[2026-03-15T16:39:03.161+0000] {subprocess.py:93} INFO - [0m16:39:03  [31m1 check failed:[0m
[2026-03-15T16:39:03.161+0000] {subprocess.py:93} INFO - [0m16:39:03  Error from git --help: User does not have permissions for this command: "git"
[2026-03-15T16:39:03.161+0000] {subprocess.py:93} INFO - 
[2026-03-15T16:39:04.539+0000] {subprocess.py:97} INFO - Command exited with return code 1
[2026-03-15T16:39:04.540+0000] {taskinstance.py:441} INFO - ::group::Post task execution logs
[2026-03-15T16:39:04.549+0000] {taskinstance.py:2890} ERROR - Task failed with exception
Traceback (most recent call last):
  File "/home/airflow/.local/lib/python3.12/site-packages/airflow/models/taskinstance.py", line 465, in _execute_task
    result = _execute_callable(context=context, **execute_callable_kwargs)
             ^^^^^^^^^^^^^^^^^^^^^^^^^^^^^^^^^^^^^^^^^^^^^^^^^^^^^^^^^^^^^
  File "/home/airflow/.local/lib/python3.12/site-packages/airflow/models/taskinstance.py", line 432, in _execute_callable
    return execute_callable(context=context, **execute_callable_kwargs)
           ^^^^^^^^^^^^^^^^^^^^^^^^^^^^^^^^^^^^^^^^^^^^^^^^^^^^^^^^^^^^
  File "/home/airflow/.local/lib/python3.12/site-packages/airflow/models/baseoperator.py", line 400, in wrapper
    return func(self, *args, **kwargs)
           ^^^^^^^^^^^^^^^^^^^^^^^^^^^
  File "/home/airflow/.local/lib/python3.12/site-packages/airflow/operators/bash.py", line 243, in execute
    raise AirflowException(
airflow.exceptions.AirflowException: Bash command failed. The command returned a non-zero exit code 1.
[2026-03-15T16:39:04.553+0000] {taskinstance.py:1205} INFO - Marking task as UP_FOR_RETRY. dag_id=dbt_transform, task_id=dbt_debug, execution_date=20260315T163800, start_date=20260315T163900, end_date=20260315T163904
[2026-03-15T16:39:04.562+0000] {standard_task_runner.py:110} ERROR - Failed to execute job 37 for task dbt_debug (Bash command failed. The command returned a non-zero exit code 1.; 603)
[2026-03-15T16:39:04.591+0000] {local_task_job_runner.py:240} INFO - Task exited with return code 1
[2026-03-15T16:39:04.611+0000] {taskinstance.py:3482} INFO - 0 downstream tasks scheduled from follow-on schedule check
[2026-03-15T16:39:04.612+0000] {local_task_job_runner.py:222} INFO - ::endgroup::
