[2026-03-16T01:47:00.665+0000] {local_task_job_runner.py:120} INFO - ::group::Pre task execution logs
[2026-03-16T01:47:00.688+0000] {taskinstance.py:2073} INFO - Dependencies all met for dep_context=non-requeueable deps ti=<TaskInstance: dbt_raw_to_gold.dbt_run scheduled__2026-03-16T01:46:00+00:00 [queued]>
[2026-03-16T01:47:00.693+0000] {taskinstance.py:2073} INFO - Dependencies all met for dep_context=requeueable deps ti=<TaskInstance: dbt_raw_to_gold.dbt_run scheduled__2026-03-16T01:46:00+00:00 [queued]>
[2026-03-16T01:47:00.694+0000] {taskinstance.py:2303} INFO - Starting attempt 1 of 2
[2026-03-16T01:47:00.704+0000] {taskinstance.py:2327} INFO - Executing <Task(BashOperator): dbt_run> on 2026-03-16 01:46:00+00:00
[2026-03-16T01:47:00.713+0000] {standard_task_runner.py:90} INFO - Running: ['***', 'tasks', 'run', 'dbt_raw_to_gold', 'dbt_run', 'scheduled__2026-03-16T01:46:00+00:00', '--job-id', '79', '--raw', '--subdir', 'DAGS_FOLDER/dbt_transform_2.py', '--cfg-path', '/tmp/tmpbj2rtfxs']
[2026-03-16T01:47:00.715+0000] {standard_task_runner.py:91} INFO - Job 79: Subtask dbt_run
[2026-03-16T01:47:00.715+0000] {logging_mixin.py:188} WARNING - /home/***/.local/lib/python3.12/site-packages/***/task/task_runner/standard_task_runner.py:61 DeprecationWarning: This process (pid=283) is multi-threaded, use of fork() may lead to deadlocks in the child.
[2026-03-16T01:47:00.716+0000] {standard_task_runner.py:63} INFO - Started process 284 to run task
[2026-03-16T01:47:00.762+0000] {task_command.py:426} INFO - Running <TaskInstance: dbt_raw_to_gold.dbt_run scheduled__2026-03-16T01:46:00+00:00 [running]> on host 4587840e0174
[2026-03-16T01:47:00.849+0000] {taskinstance.py:2644} INFO - Exporting env vars: AIRFLOW_CTX_DAG_OWNER='***' AIRFLOW_CTX_DAG_ID='dbt_raw_to_gold' AIRFLOW_CTX_TASK_ID='dbt_run' AIRFLOW_CTX_EXECUTION_DATE='2026-03-16T01:46:00+00:00' AIRFLOW_CTX_TRY_NUMBER='1' AIRFLOW_CTX_DAG_RUN_ID='scheduled__2026-03-16T01:46:00+00:00'
[2026-03-16T01:47:00.850+0000] {taskinstance.py:430} INFO - ::endgroup::
[2026-03-16T01:47:00.860+0000] {subprocess.py:63} INFO - Tmp dir root location: /tmp
[2026-03-16T01:47:00.861+0000] {subprocess.py:75} INFO - Running command: ['/usr/bin/bash', '-c', 'cd /opt/***/dbt && dbt run --profiles-dir .']
[2026-03-16T01:47:00.872+0000] {subprocess.py:86} INFO - Output:
[2026-03-16T01:47:03.234+0000] {subprocess.py:93} INFO - [0m01:47:03  Running with dbt=1.7.0
[2026-03-16T01:47:03.496+0000] {subprocess.py:93} INFO - [0m01:47:03  Registered adapter: postgres=1.7.0
[2026-03-16T01:47:03.548+0000] {subprocess.py:93} INFO - [0m01:47:03  Found 7 models, 0 sources, 0 exposures, 0 metrics, 401 macros, 0 groups, 0 semantic models
[2026-03-16T01:47:03.551+0000] {subprocess.py:93} INFO - [0m01:47:03
[2026-03-16T01:47:03.616+0000] {subprocess.py:93} INFO - [0m01:47:03  Concurrency: 4 threads (target='dev')
[2026-03-16T01:47:03.617+0000] {subprocess.py:93} INFO - [0m01:47:03
[2026-03-16T01:47:03.627+0000] {subprocess.py:93} INFO - [0m01:47:03  1 of 7 START sql table model gold_.dim_location ................................ [RUN]
[2026-03-16T01:47:03.628+0000] {subprocess.py:93} INFO - [0m01:47:03  2 of 7 START sql table model gold_.dim_songs ................................... [RUN]
[2026-03-16T01:47:03.628+0000] {subprocess.py:93} INFO - [0m01:47:03  3 of 7 START sql table model gold_.dim_time .................................... [RUN]
[2026-03-16T01:47:03.629+0000] {subprocess.py:93} INFO - [0m01:47:03  4 of 7 START sql table model gold_.dim_users ................................... [RUN]
[2026-03-16T01:47:05.284+0000] {subprocess.py:93} INFO - [0m01:47:05  4 of 7 OK created sql table model gold_.dim_users .............................. [[32mSELECT 2934[0m in 1.65s]
[2026-03-16T01:47:05.287+0000] {subprocess.py:93} INFO - [0m01:47:05  5 of 7 START sql table model gold_.fact_page_views ............................. [RUN]
[2026-03-16T01:47:05.463+0000] {subprocess.py:93} INFO - [0m01:47:05  2 of 7 OK created sql table model gold_.dim_songs .............................. [[32mSELECT 135463[0m in 1.83s]
[2026-03-16T01:47:05.465+0000] {subprocess.py:93} INFO - [0m01:47:05  6 of 7 START sql table model gold_.fact_plays .................................. [RUN]
[2026-03-16T01:47:05.926+0000] {subprocess.py:93} INFO - [0m01:47:05  3 of 7 OK created sql table model gold_.dim_time ............................... [[32mSELECT 1114509[0m in 2.29s]
[2026-03-16T01:47:05.927+0000] {subprocess.py:93} INFO - [0m01:47:05  7 of 7 START sql table model gold_.fact_sessions ............................... [RUN]
[2026-03-16T01:47:06.392+0000] {subprocess.py:93} INFO - [0m01:47:06  7 of 7 OK created sql table model gold_.fact_sessions .......................... [[32mSELECT 97890[0m in 0.46s]
[2026-03-16T01:47:07.548+0000] {subprocess.py:93} INFO - [0m01:47:07  1 of 7 OK created sql table model gold_.dim_location ........................... [[32mSELECT 1161[0m in 3.91s]
[2026-03-16T01:47:10.754+0000] {subprocess.py:93} INFO - [0m01:47:10  6 of 7 OK created sql table model gold_.fact_plays ............................. [[32mSELECT 1403568[0m in 5.29s]
[2026-03-16T01:47:11.540+0000] {subprocess.py:93} INFO - [0m01:47:11  5 of 7 OK created sql table model gold_.fact_page_views ........................ [[32mSELECT 1738497[0m in 6.25s]
[2026-03-16T01:47:11.555+0000] {subprocess.py:93} INFO - [0m01:47:11
[2026-03-16T01:47:11.555+0000] {subprocess.py:93} INFO - [0m01:47:11  Finished running 7 table models in 0 hours 0 minutes and 8.00 seconds (8.00s).
[2026-03-16T01:47:11.567+0000] {subprocess.py:93} INFO - [0m01:47:11
[2026-03-16T01:47:11.567+0000] {subprocess.py:93} INFO - [0m01:47:11  [32mCompleted successfully[0m
[2026-03-16T01:47:11.568+0000] {subprocess.py:93} INFO - [0m01:47:11
[2026-03-16T01:47:11.568+0000] {subprocess.py:93} INFO - [0m01:47:11  Done. PASS=7 WARN=0 ERROR=0 SKIP=0 TOTAL=7
[2026-03-16T01:47:13.319+0000] {subprocess.py:97} INFO - Command exited with return code 0
[2026-03-16T01:47:13.320+0000] {taskinstance.py:441} INFO - ::group::Post task execution logs
[2026-03-16T01:47:13.341+0000] {taskinstance.py:1205} INFO - Marking task as SUCCESS. dag_id=dbt_raw_to_gold, task_id=dbt_run, execution_date=20260316T014600, start_date=20260316T014700, end_date=20260316T014713
[2026-03-16T01:47:13.382+0000] {local_task_job_runner.py:240} INFO - Task exited with return code 0
[2026-03-16T01:47:13.397+0000] {taskinstance.py:3482} INFO - 0 downstream tasks scheduled from follow-on schedule check
[2026-03-16T01:47:13.399+0000] {local_task_job_runner.py:222} INFO - ::endgroup::
