[2026-03-15T17:01:01.058+0000] {local_task_job_runner.py:120} INFO - ::group::Pre task execution logs
[2026-03-15T17:01:01.100+0000] {taskinstance.py:2073} INFO - Dependencies all met for dep_context=non-requeueable deps ti=<TaskInstance: dbt_raw_to_gold.dbt_run scheduled__2026-03-15T17:00:00+00:00 [queued]>
[2026-03-15T17:01:01.110+0000] {taskinstance.py:2073} INFO - Dependencies all met for dep_context=requeueable deps ti=<TaskInstance: dbt_raw_to_gold.dbt_run scheduled__2026-03-15T17:00:00+00:00 [queued]>
[2026-03-15T17:01:01.111+0000] {taskinstance.py:2303} INFO - Starting attempt 1 of 2
[2026-03-15T17:01:01.125+0000] {taskinstance.py:2327} INFO - Executing <Task(BashOperator): dbt_run> on 2026-03-15 17:00:00+00:00
[2026-03-15T17:01:01.134+0000] {logging_mixin.py:188} WARNING - /home/***/.local/lib/python3.12/site-packages/***/task/task_runner/standard_task_runner.py:61 DeprecationWarning: This process (pid=1291) is multi-threaded, use of fork() may lead to deadlocks in the child.
[2026-03-15T17:01:01.135+0000] {standard_task_runner.py:63} INFO - Started process 1292 to run task
[2026-03-15T17:01:01.134+0000] {standard_task_runner.py:90} INFO - Running: ['***', 'tasks', 'run', 'dbt_raw_to_gold', 'dbt_run', 'scheduled__2026-03-15T17:00:00+00:00', '--job-id', '74', '--raw', '--subdir', 'DAGS_FOLDER/dbt_transform_2.py', '--cfg-path', '/tmp/tmp329cf1fu']
[2026-03-15T17:01:01.136+0000] {standard_task_runner.py:91} INFO - Job 74: Subtask dbt_run
[2026-03-15T17:01:01.183+0000] {task_command.py:426} INFO - Running <TaskInstance: dbt_raw_to_gold.dbt_run scheduled__2026-03-15T17:00:00+00:00 [running]> on host 1442dacb8816
[2026-03-15T17:01:01.273+0000] {taskinstance.py:2644} INFO - Exporting env vars: AIRFLOW_CTX_DAG_OWNER='***' AIRFLOW_CTX_DAG_ID='dbt_raw_to_gold' AIRFLOW_CTX_TASK_ID='dbt_run' AIRFLOW_CTX_EXECUTION_DATE='2026-03-15T17:00:00+00:00' AIRFLOW_CTX_TRY_NUMBER='1' AIRFLOW_CTX_DAG_RUN_ID='scheduled__2026-03-15T17:00:00+00:00'
[2026-03-15T17:01:01.274+0000] {taskinstance.py:430} INFO - ::endgroup::
[2026-03-15T17:01:01.286+0000] {subprocess.py:63} INFO - Tmp dir root location: /tmp
[2026-03-15T17:01:01.287+0000] {subprocess.py:75} INFO - Running command: ['/usr/bin/bash', '-c', 'cd /opt/***/dbt && dbt run --profiles-dir .']
[2026-03-15T17:01:01.300+0000] {subprocess.py:86} INFO - Output:
[2026-03-15T17:01:04.478+0000] {subprocess.py:93} INFO - [0m17:01:04  Running with dbt=1.7.0
[2026-03-15T17:01:04.954+0000] {subprocess.py:93} INFO - [0m17:01:04  Registered adapter: postgres=1.7.0
[2026-03-15T17:01:05.059+0000] {subprocess.py:93} INFO - [0m17:01:05  Found 7 models, 0 sources, 0 exposures, 0 metrics, 401 macros, 0 groups, 0 semantic models
[2026-03-15T17:01:05.064+0000] {subprocess.py:93} INFO - [0m17:01:05
[2026-03-15T17:01:05.189+0000] {subprocess.py:93} INFO - [0m17:01:05  Concurrency: 4 threads (target='dev')
[2026-03-15T17:01:05.191+0000] {subprocess.py:93} INFO - [0m17:01:05
[2026-03-15T17:01:05.208+0000] {subprocess.py:93} INFO - [0m17:01:05  1 of 7 START sql table model gold_.dim_location ................................ [RUN]
[2026-03-15T17:01:05.209+0000] {subprocess.py:93} INFO - [0m17:01:05  2 of 7 START sql table model gold_.dim_songs ................................... [RUN]
[2026-03-15T17:01:05.210+0000] {subprocess.py:93} INFO - [0m17:01:05  3 of 7 START sql table model gold_.dim_time .................................... [RUN]
[2026-03-15T17:01:05.211+0000] {subprocess.py:93} INFO - [0m17:01:05  4 of 7 START sql table model gold_.dim_users ................................... [RUN]
[2026-03-15T17:01:08.644+0000] {subprocess.py:93} INFO - [0m17:01:08  4 of 7 OK created sql table model gold_.dim_users .............................. [[32mSELECT 2393[0m in 3.43s]
[2026-03-15T17:01:08.647+0000] {subprocess.py:93} INFO - [0m17:01:08  5 of 7 START sql table model gold_.fact_page_views ............................. [RUN]
[2026-03-15T17:01:09.602+0000] {subprocess.py:93} INFO - [0m17:01:09  2 of 7 OK created sql table model gold_.dim_songs .............................. [[32mSELECT 135385[0m in 4.39s]
[2026-03-15T17:01:09.603+0000] {subprocess.py:93} INFO - [0m17:01:09  3 of 7 OK created sql table model gold_.dim_time ............................... [[32mSELECT 1113613[0m in 4.39s]
[2026-03-15T17:01:09.609+0000] {subprocess.py:93} INFO - [0m17:01:09  6 of 7 START sql table model gold_.fact_plays .................................. [RUN]
[2026-03-15T17:01:09.611+0000] {subprocess.py:93} INFO - [0m17:01:09  7 of 7 START sql table model gold_.fact_sessions ............................... [RUN]
[2026-03-15T17:01:10.019+0000] {subprocess.py:93} INFO - [0m17:01:10  7 of 7 OK created sql table model gold_.fact_sessions .......................... [[32mSELECT 21450[0m in 0.40s]
[2026-03-15T17:01:12.067+0000] {subprocess.py:93} INFO - [0m17:01:12  1 of 7 OK created sql table model gold_.dim_location ........................... [[32mSELECT 769[0m in 6.85s]
[2026-03-15T17:01:17.806+0000] {subprocess.py:93} INFO - [0m17:01:17  5 of 7 OK created sql table model gold_.fact_page_views ........................ [[32mSELECT 1640642[0m in 9.16s]
[2026-03-15T17:01:18.577+0000] {subprocess.py:93} INFO - [0m17:01:18  6 of 7 OK created sql table model gold_.fact_plays ............................. [[32mSELECT 1402332[0m in 8.96s]
[2026-03-15T17:01:18.603+0000] {subprocess.py:93} INFO - [0m17:01:18
[2026-03-15T17:01:18.603+0000] {subprocess.py:93} INFO - [0m17:01:18  Finished running 7 table models in 0 hours 0 minutes and 13.54 seconds (13.54s).
[2026-03-15T17:01:18.618+0000] {subprocess.py:93} INFO - [0m17:01:18
[2026-03-15T17:01:18.619+0000] {subprocess.py:93} INFO - [0m17:01:18  [32mCompleted successfully[0m
[2026-03-15T17:01:18.619+0000] {subprocess.py:93} INFO - [0m17:01:18
[2026-03-15T17:01:18.620+0000] {subprocess.py:93} INFO - [0m17:01:18  Done. PASS=7 WARN=0 ERROR=0 SKIP=0 TOTAL=7
[2026-03-15T17:01:20.450+0000] {subprocess.py:97} INFO - Command exited with return code 0
[2026-03-15T17:01:20.452+0000] {taskinstance.py:441} INFO - ::group::Post task execution logs
[2026-03-15T17:01:20.486+0000] {taskinstance.py:1205} INFO - Marking task as SUCCESS. dag_id=dbt_raw_to_gold, task_id=dbt_run, execution_date=20260315T170000, start_date=20260315T170101, end_date=20260315T170120
[2026-03-15T17:01:20.542+0000] {local_task_job_runner.py:240} INFO - Task exited with return code 0
[2026-03-15T17:01:20.562+0000] {taskinstance.py:3482} INFO - 1 downstream tasks scheduled from follow-on schedule check
[2026-03-15T17:01:20.564+0000] {local_task_job_runner.py:222} INFO - ::endgroup::
