[2026-03-15T16:51:00.884+0000] {local_task_job_runner.py:120} INFO - ::group::Pre task execution logs
[2026-03-15T16:51:00.914+0000] {taskinstance.py:2073} INFO - Dependencies all met for dep_context=non-requeueable deps ti=<TaskInstance: dbt_raw_to_gold.dbt_run scheduled__2026-03-15T16:50:00+00:00 [queued]>
[2026-03-15T16:51:00.919+0000] {taskinstance.py:2073} INFO - Dependencies all met for dep_context=requeueable deps ti=<TaskInstance: dbt_raw_to_gold.dbt_run scheduled__2026-03-15T16:50:00+00:00 [queued]>
[2026-03-15T16:51:00.919+0000] {taskinstance.py:2303} INFO - Starting attempt 1 of 2
[2026-03-15T16:51:00.928+0000] {taskinstance.py:2327} INFO - Executing <Task(BashOperator): dbt_run> on 2026-03-15 16:50:00+00:00
[2026-03-15T16:51:00.935+0000] {logging_mixin.py:188} WARNING - /home/***/.local/lib/python3.12/site-packages/***/task/task_runner/standard_task_runner.py:61 DeprecationWarning: This process (pid=904) is multi-threaded, use of fork() may lead to deadlocks in the child.
[2026-03-15T16:51:00.936+0000] {standard_task_runner.py:63} INFO - Started process 905 to run task
[2026-03-15T16:51:00.935+0000] {standard_task_runner.py:90} INFO - Running: ['***', 'tasks', 'run', 'dbt_raw_to_gold', 'dbt_run', 'scheduled__2026-03-15T16:50:00+00:00', '--job-id', '52', '--raw', '--subdir', 'DAGS_FOLDER/dbt_transform_2.py', '--cfg-path', '/tmp/tmpxhz2tnt3']
[2026-03-15T16:51:00.937+0000] {standard_task_runner.py:91} INFO - Job 52: Subtask dbt_run
[2026-03-15T16:51:00.972+0000] {task_command.py:426} INFO - Running <TaskInstance: dbt_raw_to_gold.dbt_run scheduled__2026-03-15T16:50:00+00:00 [running]> on host 1442dacb8816
[2026-03-15T16:51:01.043+0000] {taskinstance.py:2644} INFO - Exporting env vars: AIRFLOW_CTX_DAG_OWNER='***' AIRFLOW_CTX_DAG_ID='dbt_raw_to_gold' AIRFLOW_CTX_TASK_ID='dbt_run' AIRFLOW_CTX_EXECUTION_DATE='2026-03-15T16:50:00+00:00' AIRFLOW_CTX_TRY_NUMBER='1' AIRFLOW_CTX_DAG_RUN_ID='scheduled__2026-03-15T16:50:00+00:00'
[2026-03-15T16:51:01.044+0000] {taskinstance.py:430} INFO - ::endgroup::
[2026-03-15T16:51:01.055+0000] {subprocess.py:63} INFO - Tmp dir root location: /tmp
[2026-03-15T16:51:01.056+0000] {subprocess.py:75} INFO - Running command: ['/usr/bin/bash', '-c', 'cd /opt/***/dbt && dbt run --profiles-dir .']
[2026-03-15T16:51:01.068+0000] {subprocess.py:86} INFO - Output:
[2026-03-15T16:51:03.388+0000] {subprocess.py:93} INFO - [0m16:51:03  Running with dbt=1.7.0
[2026-03-15T16:51:03.651+0000] {subprocess.py:93} INFO - [0m16:51:03  Registered adapter: postgres=1.7.0
[2026-03-15T16:51:03.707+0000] {subprocess.py:93} INFO - [0m16:51:03  Found 7 models, 0 sources, 0 exposures, 0 metrics, 401 macros, 0 groups, 0 semantic models
[2026-03-15T16:51:03.710+0000] {subprocess.py:93} INFO - [0m16:51:03
[2026-03-15T16:51:03.774+0000] {subprocess.py:93} INFO - [0m16:51:03  Concurrency: 4 threads (target='dev')
[2026-03-15T16:51:03.774+0000] {subprocess.py:93} INFO - [0m16:51:03
[2026-03-15T16:51:03.784+0000] {subprocess.py:93} INFO - [0m16:51:03  1 of 7 START sql table model gold_.dim_location ................................ [RUN]
[2026-03-15T16:51:03.785+0000] {subprocess.py:93} INFO - [0m16:51:03  2 of 7 START sql table model gold_.dim_songs ................................... [RUN]
[2026-03-15T16:51:03.785+0000] {subprocess.py:93} INFO - [0m16:51:03  3 of 7 START sql table model gold_.dim_time .................................... [RUN]
[2026-03-15T16:51:03.786+0000] {subprocess.py:93} INFO - [0m16:51:03  4 of 7 START sql table model gold_.dim_users ................................... [RUN]
[2026-03-15T16:51:05.347+0000] {subprocess.py:93} INFO - [0m16:51:05  4 of 7 OK created sql table model gold_.dim_users .............................. [[32mSELECT 2393[0m in 1.56s]
[2026-03-15T16:51:05.349+0000] {subprocess.py:93} INFO - [0m16:51:05  5 of 7 START sql table model gold_.fact_page_views ............................. [RUN]
[2026-03-15T16:51:05.907+0000] {subprocess.py:93} INFO - [0m16:51:05  2 of 7 OK created sql table model gold_.dim_songs .............................. [[32mSELECT 135385[0m in 2.12s]
[2026-03-15T16:51:05.909+0000] {subprocess.py:93} INFO - [0m16:51:05  6 of 7 START sql table model gold_.fact_plays .................................. [RUN]
[2026-03-15T16:51:06.068+0000] {subprocess.py:93} INFO - [0m16:51:06  3 of 7 OK created sql table model gold_.dim_time ............................... [[32mSELECT 1113613[0m in 2.28s]
[2026-03-15T16:51:06.070+0000] {subprocess.py:93} INFO - [0m16:51:06  7 of 7 START sql table model gold_.fact_sessions ............................... [RUN]
[2026-03-15T16:51:06.273+0000] {subprocess.py:93} INFO - [0m16:51:06  7 of 7 OK created sql table model gold_.fact_sessions .......................... [[32mSELECT 21450[0m in 0.20s]
[2026-03-15T16:51:07.240+0000] {subprocess.py:93} INFO - [0m16:51:07  1 of 7 OK created sql table model gold_.dim_location ........................... [[32mSELECT 769[0m in 3.45s]
[2026-03-15T16:51:10.556+0000] {subprocess.py:93} INFO - [0m16:51:10  5 of 7 OK created sql table model gold_.fact_page_views ........................ [[32mSELECT 1640642[0m in 5.21s]
[2026-03-15T16:51:11.311+0000] {subprocess.py:93} INFO - [0m16:51:11  6 of 7 OK created sql table model gold_.fact_plays ............................. [[32mSELECT 1402332[0m in 5.40s]
[2026-03-15T16:51:11.324+0000] {subprocess.py:93} INFO - [0m16:51:11
[2026-03-15T16:51:11.324+0000] {subprocess.py:93} INFO - [0m16:51:11  Finished running 7 table models in 0 hours 0 minutes and 7.61 seconds (7.61s).
[2026-03-15T16:51:11.336+0000] {subprocess.py:93} INFO - [0m16:51:11
[2026-03-15T16:51:11.336+0000] {subprocess.py:93} INFO - [0m16:51:11  [32mCompleted successfully[0m
[2026-03-15T16:51:11.337+0000] {subprocess.py:93} INFO - [0m16:51:11
[2026-03-15T16:51:11.337+0000] {subprocess.py:93} INFO - [0m16:51:11  Done. PASS=7 WARN=0 ERROR=0 SKIP=0 TOTAL=7
[2026-03-15T16:51:12.994+0000] {subprocess.py:97} INFO - Command exited with return code 0
[2026-03-15T16:51:12.995+0000] {taskinstance.py:441} INFO - ::group::Post task execution logs
[2026-03-15T16:51:13.018+0000] {taskinstance.py:1205} INFO - Marking task as SUCCESS. dag_id=dbt_raw_to_gold, task_id=dbt_run, execution_date=20260315T165000, start_date=20260315T165100, end_date=20260315T165113
[2026-03-15T16:51:13.037+0000] {local_task_job_runner.py:240} INFO - Task exited with return code 0
[2026-03-15T16:51:13.059+0000] {taskinstance.py:3482} INFO - 1 downstream tasks scheduled from follow-on schedule check
[2026-03-15T16:51:13.060+0000] {local_task_job_runner.py:222} INFO - ::endgroup::
