[2026-03-15T16:45:50.840+0000] {local_task_job_runner.py:120} INFO - ::group::Pre task execution logs
[2026-03-15T16:45:50.866+0000] {taskinstance.py:2073} INFO - Dependencies all met for dep_context=non-requeueable deps ti=<TaskInstance: dbt_raw_to_gold.dbt_run manual__2026-03-15T16:45:49.921445+00:00 [queued]>
[2026-03-15T16:45:50.871+0000] {taskinstance.py:2073} INFO - Dependencies all met for dep_context=requeueable deps ti=<TaskInstance: dbt_raw_to_gold.dbt_run manual__2026-03-15T16:45:49.921445+00:00 [queued]>
[2026-03-15T16:45:50.871+0000] {taskinstance.py:2303} INFO - Starting attempt 1 of 2
[2026-03-15T16:45:50.881+0000] {taskinstance.py:2327} INFO - Executing <Task(BashOperator): dbt_run> on 2026-03-15 16:45:49.921445+00:00
[2026-03-15T16:45:50.888+0000] {logging_mixin.py:188} WARNING - /home/***/.local/lib/python3.12/site-packages/***/task/task_runner/standard_task_runner.py:61 DeprecationWarning: This process (pid=710) is multi-threaded, use of fork() may lead to deadlocks in the child.
[2026-03-15T16:45:50.889+0000] {standard_task_runner.py:63} INFO - Started process 712 to run task
[2026-03-15T16:45:50.888+0000] {standard_task_runner.py:90} INFO - Running: ['***', 'tasks', 'run', 'dbt_raw_to_gold', 'dbt_run', 'manual__2026-03-15T16:45:49.921445+00:00', '--job-id', '41', '--raw', '--subdir', 'DAGS_FOLDER/dbt_transform_2.py', '--cfg-path', '/tmp/tmp28_ewvim']
[2026-03-15T16:45:50.889+0000] {standard_task_runner.py:91} INFO - Job 41: Subtask dbt_run
[2026-03-15T16:45:50.925+0000] {task_command.py:426} INFO - Running <TaskInstance: dbt_raw_to_gold.dbt_run manual__2026-03-15T16:45:49.921445+00:00 [running]> on host 1442dacb8816
[2026-03-15T16:45:50.989+0000] {taskinstance.py:2644} INFO - Exporting env vars: AIRFLOW_CTX_DAG_OWNER='***' AIRFLOW_CTX_DAG_ID='dbt_raw_to_gold' AIRFLOW_CTX_TASK_ID='dbt_run' AIRFLOW_CTX_EXECUTION_DATE='2026-03-15T16:45:49.921445+00:00' AIRFLOW_CTX_TRY_NUMBER='1' AIRFLOW_CTX_DAG_RUN_ID='manual__2026-03-15T16:45:49.921445+00:00'
[2026-03-15T16:45:50.990+0000] {taskinstance.py:430} INFO - ::endgroup::
[2026-03-15T16:45:51.001+0000] {subprocess.py:63} INFO - Tmp dir root location: /tmp
[2026-03-15T16:45:51.002+0000] {subprocess.py:75} INFO - Running command: ['/usr/bin/bash', '-c', 'cd /opt/***/dbt && dbt run --profiles-dir .']
[2026-03-15T16:45:51.013+0000] {subprocess.py:86} INFO - Output:
[2026-03-15T16:45:53.287+0000] {subprocess.py:93} INFO - [0m16:45:53  Running with dbt=1.7.0
[2026-03-15T16:45:53.550+0000] {subprocess.py:93} INFO - [0m16:45:53  Registered adapter: postgres=1.7.0
[2026-03-15T16:45:53.603+0000] {subprocess.py:93} INFO - [0m16:45:53  Found 7 models, 0 sources, 0 exposures, 0 metrics, 401 macros, 0 groups, 0 semantic models
[2026-03-15T16:45:53.606+0000] {subprocess.py:93} INFO - [0m16:45:53
[2026-03-15T16:45:53.664+0000] {subprocess.py:93} INFO - [0m16:45:53  Concurrency: 4 threads (target='dev')
[2026-03-15T16:45:53.664+0000] {subprocess.py:93} INFO - [0m16:45:53
[2026-03-15T16:45:53.674+0000] {subprocess.py:93} INFO - [0m16:45:53  1 of 7 START sql table model gold_.dim_location ................................ [RUN]
[2026-03-15T16:45:53.674+0000] {subprocess.py:93} INFO - [0m16:45:53  2 of 7 START sql table model gold_.dim_songs ................................... [RUN]
[2026-03-15T16:45:53.675+0000] {subprocess.py:93} INFO - [0m16:45:53  3 of 7 START sql table model gold_.dim_time .................................... [RUN]
[2026-03-15T16:45:53.675+0000] {subprocess.py:93} INFO - [0m16:45:53  4 of 7 START sql table model gold_.dim_users ................................... [RUN]
[2026-03-15T16:45:55.173+0000] {subprocess.py:93} INFO - [0m16:45:55  4 of 7 OK created sql table model gold_.dim_users .............................. [[32mSELECT 2393[0m in 1.49s]
[2026-03-15T16:45:55.175+0000] {subprocess.py:93} INFO - [0m16:45:55  5 of 7 START sql table model gold_.fact_page_views ............................. [RUN]
[2026-03-15T16:45:55.663+0000] {subprocess.py:93} INFO - [0m16:45:55  3 of 7 OK created sql table model gold_.dim_time ............................... [[32mSELECT 1113613[0m in 1.98s]
[2026-03-15T16:45:55.666+0000] {subprocess.py:93} INFO - [0m16:45:55  6 of 7 START sql table model gold_.fact_plays .................................. [RUN]
[2026-03-15T16:45:55.772+0000] {subprocess.py:93} INFO - [0m16:45:55  2 of 7 OK created sql table model gold_.dim_songs .............................. [[32mSELECT 135385[0m in 2.09s]
[2026-03-15T16:45:55.774+0000] {subprocess.py:93} INFO - [0m16:45:55  7 of 7 START sql table model gold_.fact_sessions ............................... [RUN]
[2026-03-15T16:45:56.041+0000] {subprocess.py:93} INFO - [0m16:45:56  7 of 7 OK created sql table model gold_.fact_sessions .......................... [[32mSELECT 21450[0m in 0.26s]
[2026-03-15T16:45:57.401+0000] {subprocess.py:93} INFO - [0m16:45:57  1 of 7 OK created sql table model gold_.dim_location ........................... [[32mSELECT 769[0m in 3.72s]
[2026-03-15T16:46:00.744+0000] {subprocess.py:93} INFO - [0m16:46:00  5 of 7 OK created sql table model gold_.fact_page_views ........................ [[32mSELECT 1640642[0m in 5.57s]
[2026-03-15T16:46:01.525+0000] {subprocess.py:93} INFO - [0m16:46:01  6 of 7 OK created sql table model gold_.fact_plays ............................. [[32mSELECT 1402332[0m in 5.86s]
[2026-03-15T16:46:01.539+0000] {subprocess.py:93} INFO - [0m16:46:01
[2026-03-15T16:46:01.540+0000] {subprocess.py:93} INFO - [0m16:46:01  Finished running 7 table models in 0 hours 0 minutes and 7.93 seconds (7.93s).
[2026-03-15T16:46:01.551+0000] {subprocess.py:93} INFO - [0m16:46:01
[2026-03-15T16:46:01.552+0000] {subprocess.py:93} INFO - [0m16:46:01  [32mCompleted successfully[0m
[2026-03-15T16:46:01.552+0000] {subprocess.py:93} INFO - [0m16:46:01
[2026-03-15T16:46:01.553+0000] {subprocess.py:93} INFO - [0m16:46:01  Done. PASS=7 WARN=0 ERROR=0 SKIP=0 TOTAL=7
[2026-03-15T16:46:03.386+0000] {subprocess.py:97} INFO - Command exited with return code 0
[2026-03-15T16:46:03.386+0000] {taskinstance.py:441} INFO - ::group::Post task execution logs
[2026-03-15T16:46:03.408+0000] {taskinstance.py:1205} INFO - Marking task as SUCCESS. dag_id=dbt_raw_to_gold, task_id=dbt_run, execution_date=20260315T164549, start_date=20260315T164550, end_date=20260315T164603
[2026-03-15T16:46:03.437+0000] {local_task_job_runner.py:240} INFO - Task exited with return code 0
[2026-03-15T16:46:03.455+0000] {taskinstance.py:3482} INFO - 1 downstream tasks scheduled from follow-on schedule check
[2026-03-15T16:46:03.457+0000] {local_task_job_runner.py:222} INFO - ::endgroup::
