[2026-03-16T01:48:01.177+0000] {local_task_job_runner.py:120} INFO - ::group::Pre task execution logs
[2026-03-16T01:48:01.233+0000] {taskinstance.py:2073} INFO - Dependencies all met for dep_context=non-requeueable deps ti=<TaskInstance: dbt_raw_to_gold.dbt_run scheduled__2026-03-16T01:47:00+00:00 [queued]>
[2026-03-16T01:48:01.241+0000] {taskinstance.py:2073} INFO - Dependencies all met for dep_context=requeueable deps ti=<TaskInstance: dbt_raw_to_gold.dbt_run scheduled__2026-03-16T01:47:00+00:00 [queued]>
[2026-03-16T01:48:01.242+0000] {taskinstance.py:2303} INFO - Starting attempt 1 of 2
[2026-03-16T01:48:01.256+0000] {taskinstance.py:2327} INFO - Executing <Task(BashOperator): dbt_run> on 2026-03-16 01:47:00+00:00
[2026-03-16T01:48:01.267+0000] {standard_task_runner.py:90} INFO - Running: ['***', 'tasks', 'run', 'dbt_raw_to_gold', 'dbt_run', 'scheduled__2026-03-16T01:47:00+00:00', '--job-id', '81', '--raw', '--subdir', 'DAGS_FOLDER/dbt_transform_2.py', '--cfg-path', '/tmp/tmp07jqhewz']
[2026-03-16T01:48:01.269+0000] {standard_task_runner.py:91} INFO - Job 81: Subtask dbt_run
[2026-03-16T01:48:01.270+0000] {logging_mixin.py:188} WARNING - /home/***/.local/lib/python3.12/site-packages/***/task/task_runner/standard_task_runner.py:61 DeprecationWarning: This process (pid=320) is multi-threaded, use of fork() may lead to deadlocks in the child.
[2026-03-16T01:48:01.270+0000] {standard_task_runner.py:63} INFO - Started process 321 to run task
[2026-03-16T01:48:01.316+0000] {task_command.py:426} INFO - Running <TaskInstance: dbt_raw_to_gold.dbt_run scheduled__2026-03-16T01:47:00+00:00 [running]> on host 4587840e0174
[2026-03-16T01:48:01.397+0000] {taskinstance.py:2644} INFO - Exporting env vars: AIRFLOW_CTX_DAG_OWNER='***' AIRFLOW_CTX_DAG_ID='dbt_raw_to_gold' AIRFLOW_CTX_TASK_ID='dbt_run' AIRFLOW_CTX_EXECUTION_DATE='2026-03-16T01:47:00+00:00' AIRFLOW_CTX_TRY_NUMBER='1' AIRFLOW_CTX_DAG_RUN_ID='scheduled__2026-03-16T01:47:00+00:00'
[2026-03-16T01:48:01.398+0000] {taskinstance.py:430} INFO - ::endgroup::
[2026-03-16T01:48:01.410+0000] {subprocess.py:63} INFO - Tmp dir root location: /tmp
[2026-03-16T01:48:01.410+0000] {subprocess.py:75} INFO - Running command: ['/usr/bin/bash', '-c', 'cd /opt/***/dbt && dbt run --profiles-dir .']
[2026-03-16T01:48:01.422+0000] {subprocess.py:86} INFO - Output:
[2026-03-16T01:48:03.663+0000] {subprocess.py:93} INFO - [0m01:48:03  Running with dbt=1.7.0
[2026-03-16T01:48:03.927+0000] {subprocess.py:93} INFO - [0m01:48:03  Registered adapter: postgres=1.7.0
[2026-03-16T01:48:03.983+0000] {subprocess.py:93} INFO - [0m01:48:03  Found 7 models, 0 sources, 0 exposures, 0 metrics, 401 macros, 0 groups, 0 semantic models
[2026-03-16T01:48:03.985+0000] {subprocess.py:93} INFO - [0m01:48:03
[2026-03-16T01:48:04.049+0000] {subprocess.py:93} INFO - [0m01:48:04  Concurrency: 4 threads (target='dev')
[2026-03-16T01:48:04.049+0000] {subprocess.py:93} INFO - [0m01:48:04
[2026-03-16T01:48:04.060+0000] {subprocess.py:93} INFO - [0m01:48:04  1 of 7 START sql table model gold_.dim_location ................................ [RUN]
[2026-03-16T01:48:04.060+0000] {subprocess.py:93} INFO - [0m01:48:04  2 of 7 START sql table model gold_.dim_songs ................................... [RUN]
[2026-03-16T01:48:04.061+0000] {subprocess.py:93} INFO - [0m01:48:04  3 of 7 START sql table model gold_.dim_time .................................... [RUN]
[2026-03-16T01:48:04.062+0000] {subprocess.py:93} INFO - [0m01:48:04  4 of 7 START sql table model gold_.dim_users ................................... [RUN]
[2026-03-16T01:48:05.874+0000] {subprocess.py:93} INFO - [0m01:48:05  4 of 7 OK created sql table model gold_.dim_users .............................. [[32mSELECT 2934[0m in 1.81s]
[2026-03-16T01:48:05.876+0000] {subprocess.py:93} INFO - [0m01:48:05  5 of 7 START sql table model gold_.fact_page_views ............................. [RUN]
[2026-03-16T01:48:06.304+0000] {subprocess.py:93} INFO - [0m01:48:06  2 of 7 OK created sql table model gold_.dim_songs .............................. [[32mSELECT 135463[0m in 2.24s]
[2026-03-16T01:48:06.306+0000] {subprocess.py:93} INFO - [0m01:48:06  6 of 7 START sql table model gold_.fact_plays .................................. [RUN]
[2026-03-16T01:48:06.446+0000] {subprocess.py:93} INFO - [0m01:48:06  3 of 7 OK created sql table model gold_.dim_time ............................... [[32mSELECT 1114509[0m in 2.38s]
[2026-03-16T01:48:06.448+0000] {subprocess.py:93} INFO - [0m01:48:06  7 of 7 START sql table model gold_.fact_sessions ............................... [RUN]
[2026-03-16T01:48:06.873+0000] {subprocess.py:93} INFO - [0m01:48:06  7 of 7 OK created sql table model gold_.fact_sessions .......................... [[32mSELECT 97890[0m in 0.42s]
[2026-03-16T01:48:08.186+0000] {subprocess.py:93} INFO - [0m01:48:08  1 of 7 OK created sql table model gold_.dim_location ........................... [[32mSELECT 1161[0m in 4.12s]
[2026-03-16T01:48:11.302+0000] {subprocess.py:93} INFO - [0m01:48:11  5 of 7 OK created sql table model gold_.fact_page_views ........................ [[32mSELECT 1738497[0m in 5.42s]
[2026-03-16T01:48:12.655+0000] {subprocess.py:93} INFO - [0m01:48:12  6 of 7 OK created sql table model gold_.fact_plays ............................. [[32mSELECT 1403568[0m in 6.35s]
[2026-03-16T01:48:12.671+0000] {subprocess.py:93} INFO - [0m01:48:12
[2026-03-16T01:48:12.671+0000] {subprocess.py:93} INFO - [0m01:48:12  Finished running 7 table models in 0 hours 0 minutes and 8.69 seconds (8.69s).
[2026-03-16T01:48:12.683+0000] {subprocess.py:93} INFO - [0m01:48:12
[2026-03-16T01:48:12.684+0000] {subprocess.py:93} INFO - [0m01:48:12  [32mCompleted successfully[0m
[2026-03-16T01:48:12.684+0000] {subprocess.py:93} INFO - [0m01:48:12
[2026-03-16T01:48:12.685+0000] {subprocess.py:93} INFO - [0m01:48:12  Done. PASS=7 WARN=0 ERROR=0 SKIP=0 TOTAL=7
[2026-03-16T01:48:14.646+0000] {subprocess.py:97} INFO - Command exited with return code 0
[2026-03-16T01:48:14.647+0000] {taskinstance.py:441} INFO - ::group::Post task execution logs
[2026-03-16T01:48:14.668+0000] {taskinstance.py:1205} INFO - Marking task as SUCCESS. dag_id=dbt_raw_to_gold, task_id=dbt_run, execution_date=20260316T014700, start_date=20260316T014801, end_date=20260316T014814
[2026-03-16T01:48:14.709+0000] {local_task_job_runner.py:240} INFO - Task exited with return code 0
[2026-03-16T01:48:14.725+0000] {taskinstance.py:3482} INFO - 1 downstream tasks scheduled from follow-on schedule check
[2026-03-16T01:48:14.727+0000] {local_task_job_runner.py:222} INFO - ::endgroup::
