[2026-03-15T16:38:05.525+0000] {local_task_job_runner.py:120} INFO - ::group::Pre task execution logs
[2026-03-15T16:38:05.550+0000] {taskinstance.py:2073} INFO - Dependencies all met for dep_context=non-requeueable deps ti=<TaskInstance: dbt_transform.dbt_debug scheduled__2026-03-15T16:32:00+00:00 [queued]>
[2026-03-15T16:38:05.555+0000] {taskinstance.py:2073} INFO - Dependencies all met for dep_context=requeueable deps ti=<TaskInstance: dbt_transform.dbt_debug scheduled__2026-03-15T16:32:00+00:00 [queued]>
[2026-03-15T16:38:05.555+0000] {taskinstance.py:2303} INFO - Starting attempt 2 of 2
[2026-03-15T16:38:05.563+0000] {taskinstance.py:2327} INFO - Executing <Task(BashOperator): dbt_debug> on 2026-03-15 16:32:00+00:00
[2026-03-15T16:38:05.570+0000] {standard_task_runner.py:90} INFO - Running: ['***', 'tasks', 'run', 'dbt_transform', 'dbt_debug', 'scheduled__2026-03-15T16:32:00+00:00', '--job-id', '35', '--raw', '--subdir', 'DAGS_FOLDER/dbt_transform.py', '--cfg-path', '/tmp/tmp12u8h3yg']
[2026-03-15T16:38:05.572+0000] {standard_task_runner.py:91} INFO - Job 35: Subtask dbt_debug
[2026-03-15T16:38:05.577+0000] {logging_mixin.py:188} WARNING - /home/***/.local/lib/python3.12/site-packages/***/task/task_runner/standard_task_runner.py:61 DeprecationWarning: This process (pid=567) is multi-threaded, use of fork() may lead to deadlocks in the child.
[2026-03-15T16:38:05.578+0000] {standard_task_runner.py:63} INFO - Started process 568 to run task
[2026-03-15T16:38:05.608+0000] {task_command.py:426} INFO - Running <TaskInstance: dbt_transform.dbt_debug scheduled__2026-03-15T16:32:00+00:00 [running]> on host 1442dacb8816
[2026-03-15T16:38:05.669+0000] {taskinstance.py:2644} INFO - Exporting env vars: AIRFLOW_CTX_DAG_OWNER='***' AIRFLOW_CTX_DAG_ID='dbt_transform' AIRFLOW_CTX_TASK_ID='dbt_debug' AIRFLOW_CTX_EXECUTION_DATE='2026-03-15T16:32:00+00:00' AIRFLOW_CTX_TRY_NUMBER='2' AIRFLOW_CTX_DAG_RUN_ID='scheduled__2026-03-15T16:32:00+00:00'
[2026-03-15T16:38:05.670+0000] {taskinstance.py:430} INFO - ::endgroup::
[2026-03-15T16:38:05.679+0000] {subprocess.py:63} INFO - Tmp dir root location: /tmp
[2026-03-15T16:38:05.679+0000] {subprocess.py:75} INFO - Running command: ['/usr/bin/bash', '-c', 'cd /opt/***/dbt && dbt debug --profiles-dir .']
[2026-03-15T16:38:05.690+0000] {subprocess.py:86} INFO - Output:
[2026-03-15T16:38:07.871+0000] {subprocess.py:93} INFO - [0m16:38:07  Running with dbt=1.7.0
[2026-03-15T16:38:07.872+0000] {subprocess.py:93} INFO - [0m16:38:07  dbt version: 1.7.0
[2026-03-15T16:38:07.872+0000] {subprocess.py:93} INFO - [0m16:38:07  python version: 3.12.2
[2026-03-15T16:38:07.873+0000] {subprocess.py:93} INFO - [0m16:38:07  python path: /home/***/.local/bin/python
[2026-03-15T16:38:07.873+0000] {subprocess.py:93} INFO - [0m16:38:07  os info: Linux-6.17.0-19-generic-x86_64-with-glibc2.36
[2026-03-15T16:38:07.952+0000] {subprocess.py:93} INFO - [0m16:38:07  Using profiles dir at .
[2026-03-15T16:38:07.952+0000] {subprocess.py:93} INFO - [0m16:38:07  Using profiles.yml file at ./profiles.yml
[2026-03-15T16:38:07.953+0000] {subprocess.py:93} INFO - [0m16:38:07  Using dbt_project.yml file at /opt/***/dbt/dbt_project.yml
[2026-03-15T16:38:07.953+0000] {subprocess.py:93} INFO - [0m16:38:07  adapter type: postgres
[2026-03-15T16:38:07.953+0000] {subprocess.py:93} INFO - [0m16:38:07  adapter version: 1.7.0
[2026-03-15T16:38:08.019+0000] {subprocess.py:93} INFO - [0m16:38:08  Configuration:
[2026-03-15T16:38:08.020+0000] {subprocess.py:93} INFO - [0m16:38:08    profiles.yml file [[32mOK found and valid[0m]
[2026-03-15T16:38:08.021+0000] {subprocess.py:93} INFO - [0m16:38:08    dbt_project.yml file [[32mOK found and valid[0m]
[2026-03-15T16:38:08.021+0000] {subprocess.py:93} INFO - [0m16:38:08  Required dependencies:
[2026-03-15T16:38:08.023+0000] {subprocess.py:93} INFO - [0m16:38:08   - git [[31mERROR[0m]
[2026-03-15T16:38:08.023+0000] {subprocess.py:93} INFO - 
[2026-03-15T16:38:08.023+0000] {subprocess.py:93} INFO - [0m16:38:08  Connection:
[2026-03-15T16:38:08.024+0000] {subprocess.py:93} INFO - [0m16:38:08    host: postgres-db
[2026-03-15T16:38:08.024+0000] {subprocess.py:93} INFO - [0m16:38:08    port: 5432
[2026-03-15T16:38:08.025+0000] {subprocess.py:93} INFO - [0m16:38:08    user: sqlpad
[2026-03-15T16:38:08.025+0000] {subprocess.py:93} INFO - [0m16:38:08    database: sqlpad
[2026-03-15T16:38:08.025+0000] {subprocess.py:93} INFO - [0m16:38:08    schema: gold
[2026-03-15T16:38:08.026+0000] {subprocess.py:93} INFO - [0m16:38:08    connect_timeout: 10
[2026-03-15T16:38:08.026+0000] {subprocess.py:93} INFO - [0m16:38:08    role: None
[2026-03-15T16:38:08.026+0000] {subprocess.py:93} INFO - [0m16:38:08    search_path: None
[2026-03-15T16:38:08.027+0000] {subprocess.py:93} INFO - [0m16:38:08    keepalives_idle: 0
[2026-03-15T16:38:08.027+0000] {subprocess.py:93} INFO - [0m16:38:08    sslmode: None
[2026-03-15T16:38:08.028+0000] {subprocess.py:93} INFO - [0m16:38:08    sslcert: None
[2026-03-15T16:38:08.028+0000] {subprocess.py:93} INFO - [0m16:38:08    sslkey: None
[2026-03-15T16:38:08.028+0000] {subprocess.py:93} INFO - [0m16:38:08    sslrootcert: None
[2026-03-15T16:38:08.029+0000] {subprocess.py:93} INFO - [0m16:38:08    application_name: dbt
[2026-03-15T16:38:08.029+0000] {subprocess.py:93} INFO - [0m16:38:08    retries: 1
[2026-03-15T16:38:08.030+0000] {subprocess.py:93} INFO - [0m16:38:08  Registered adapter: postgres=1.7.0
[2026-03-15T16:38:08.038+0000] {subprocess.py:93} INFO - [0m16:38:08    Connection test: [[32mOK connection ok[0m]
[2026-03-15T16:38:08.039+0000] {subprocess.py:93} INFO - 
[2026-03-15T16:38:08.039+0000] {subprocess.py:93} INFO - [0m16:38:08  [31m1 check failed:[0m
[2026-03-15T16:38:08.039+0000] {subprocess.py:93} INFO - [0m16:38:08  Error from git --help: User does not have permissions for this command: "git"
[2026-03-15T16:38:08.039+0000] {subprocess.py:93} INFO - 
[2026-03-15T16:38:09.320+0000] {subprocess.py:97} INFO - Command exited with return code 1
[2026-03-15T16:38:09.321+0000] {taskinstance.py:441} INFO - ::group::Post task execution logs
[2026-03-15T16:38:09.330+0000] {taskinstance.py:2890} ERROR - Task failed with exception
Traceback (most recent call last):
  File "/home/airflow/.local/lib/python3.12/site-packages/airflow/models/taskinstance.py", line 465, in _execute_task
    result = _execute_callable(context=context, **execute_callable_kwargs)
             ^^^^^^^^^^^^^^^^^^^^^^^^^^^^^^^^^^^^^^^^^^^^^^^^^^^^^^^^^^^^^
  File "/home/airflow/.local/lib/python3.12/site-packages/airflow/models/taskinstance.py", line 432, in _execute_callable
    return execute_callable(context=context, **execute_callable_kwargs)
           ^^^^^^^^^^^^^^^^^^^^^^^^^^^^^^^^^^^^^^^^^^^^^^^^^^^^^^^^^^^^
  File "/home/airflow/.local/lib/python3.12/site-packages/airflow/models/baseoperator.py", line 400, in wrapper
    return func(self, *args, **kwargs)
           ^^^^^^^^^^^^^^^^^^^^^^^^^^^
  File "/home/airflow/.local/lib/python3.12/site-packages/airflow/operators/bash.py", line 243, in execute
    raise AirflowException(
airflow.exceptions.AirflowException: Bash command failed. The command returned a non-zero exit code 1.
[2026-03-15T16:38:09.333+0000] {taskinstance.py:1205} INFO - Marking task as FAILED. dag_id=dbt_transform, task_id=dbt_debug, execution_date=20260315T163200, start_date=20260315T163805, end_date=20260315T163809
[2026-03-15T16:38:09.350+0000] {standard_task_runner.py:110} ERROR - Failed to execute job 35 for task dbt_debug (Bash command failed. The command returned a non-zero exit code 1.; 568)
[2026-03-15T16:38:09.361+0000] {local_task_job_runner.py:240} INFO - Task exited with return code 1
[2026-03-15T16:38:09.380+0000] {taskinstance.py:3482} INFO - 0 downstream tasks scheduled from follow-on schedule check
[2026-03-15T16:38:09.383+0000] {local_task_job_runner.py:222} INFO - ::endgroup::
