[2026-03-15T16:57:00.490+0000] {local_task_job_runner.py:120} INFO - ::group::Pre task execution logs
[2026-03-15T16:57:00.518+0000] {taskinstance.py:2073} INFO - Dependencies all met for dep_context=non-requeueable deps ti=<TaskInstance: dbt_raw_to_gold.dbt_run scheduled__2026-03-15T16:56:00+00:00 [queued]>
[2026-03-15T16:57:00.524+0000] {taskinstance.py:2073} INFO - Dependencies all met for dep_context=requeueable deps ti=<TaskInstance: dbt_raw_to_gold.dbt_run scheduled__2026-03-15T16:56:00+00:00 [queued]>
[2026-03-15T16:57:00.524+0000] {taskinstance.py:2303} INFO - Starting attempt 1 of 2
[2026-03-15T16:57:00.533+0000] {taskinstance.py:2327} INFO - Executing <Task(BashOperator): dbt_run> on 2026-03-15 16:56:00+00:00
[2026-03-15T16:57:00.541+0000] {logging_mixin.py:188} WARNING - /home/***/.local/lib/python3.12/site-packages/***/task/task_runner/standard_task_runner.py:61 DeprecationWarning: This process (pid=1143) is multi-threaded, use of fork() may lead to deadlocks in the child.
[2026-03-15T16:57:00.542+0000] {standard_task_runner.py:63} INFO - Started process 1144 to run task
[2026-03-15T16:57:00.541+0000] {standard_task_runner.py:90} INFO - Running: ['***', 'tasks', 'run', 'dbt_raw_to_gold', 'dbt_run', 'scheduled__2026-03-15T16:56:00+00:00', '--job-id', '66', '--raw', '--subdir', 'DAGS_FOLDER/dbt_transform_2.py', '--cfg-path', '/tmp/tmpthvd1fr1']
[2026-03-15T16:57:00.543+0000] {standard_task_runner.py:91} INFO - Job 66: Subtask dbt_run
[2026-03-15T16:57:00.580+0000] {task_command.py:426} INFO - Running <TaskInstance: dbt_raw_to_gold.dbt_run scheduled__2026-03-15T16:56:00+00:00 [running]> on host 1442dacb8816
[2026-03-15T16:57:00.661+0000] {taskinstance.py:2644} INFO - Exporting env vars: AIRFLOW_CTX_DAG_OWNER='***' AIRFLOW_CTX_DAG_ID='dbt_raw_to_gold' AIRFLOW_CTX_TASK_ID='dbt_run' AIRFLOW_CTX_EXECUTION_DATE='2026-03-15T16:56:00+00:00' AIRFLOW_CTX_TRY_NUMBER='1' AIRFLOW_CTX_DAG_RUN_ID='scheduled__2026-03-15T16:56:00+00:00'
[2026-03-15T16:57:00.662+0000] {taskinstance.py:430} INFO - ::endgroup::
[2026-03-15T16:57:00.678+0000] {subprocess.py:63} INFO - Tmp dir root location: /tmp
[2026-03-15T16:57:00.679+0000] {subprocess.py:75} INFO - Running command: ['/usr/bin/bash', '-c', 'cd /opt/***/dbt && dbt run --profiles-dir .']
[2026-03-15T16:57:00.692+0000] {subprocess.py:86} INFO - Output:
[2026-03-15T16:57:03.383+0000] {subprocess.py:93} INFO - [0m16:57:03  Running with dbt=1.7.0
[2026-03-15T16:57:03.684+0000] {subprocess.py:93} INFO - [0m16:57:03  Registered adapter: postgres=1.7.0
[2026-03-15T16:57:03.751+0000] {subprocess.py:93} INFO - [0m16:57:03  Found 7 models, 0 sources, 0 exposures, 0 metrics, 401 macros, 0 groups, 0 semantic models
[2026-03-15T16:57:03.754+0000] {subprocess.py:93} INFO - [0m16:57:03
[2026-03-15T16:57:03.823+0000] {subprocess.py:93} INFO - [0m16:57:03  Concurrency: 4 threads (target='dev')
[2026-03-15T16:57:03.823+0000] {subprocess.py:93} INFO - [0m16:57:03
[2026-03-15T16:57:03.833+0000] {subprocess.py:93} INFO - [0m16:57:03  1 of 7 START sql table model gold_.dim_location ................................ [RUN]
[2026-03-15T16:57:03.834+0000] {subprocess.py:93} INFO - [0m16:57:03  2 of 7 START sql table model gold_.dim_songs ................................... [RUN]
[2026-03-15T16:57:03.835+0000] {subprocess.py:93} INFO - [0m16:57:03  3 of 7 START sql table model gold_.dim_time .................................... [RUN]
[2026-03-15T16:57:03.835+0000] {subprocess.py:93} INFO - [0m16:57:03  4 of 7 START sql table model gold_.dim_users ................................... [RUN]
[2026-03-15T16:57:05.621+0000] {subprocess.py:93} INFO - [0m16:57:05  4 of 7 OK created sql table model gold_.dim_users .............................. [[32mSELECT 2393[0m in 1.78s]
[2026-03-15T16:57:05.624+0000] {subprocess.py:93} INFO - [0m16:57:05  5 of 7 START sql table model gold_.fact_page_views ............................. [RUN]
[2026-03-15T16:57:05.953+0000] {subprocess.py:93} INFO - [0m16:57:05  2 of 7 OK created sql table model gold_.dim_songs .............................. [[32mSELECT 135385[0m in 2.12s]
[2026-03-15T16:57:05.955+0000] {subprocess.py:93} INFO - [0m16:57:05  6 of 7 START sql table model gold_.fact_plays .................................. [RUN]
[2026-03-15T16:57:05.965+0000] {subprocess.py:93} INFO - [0m16:57:05  3 of 7 OK created sql table model gold_.dim_time ............................... [[32mSELECT 1113613[0m in 2.13s]
[2026-03-15T16:57:05.971+0000] {subprocess.py:93} INFO - [0m16:57:05  7 of 7 START sql table model gold_.fact_sessions ............................... [RUN]
[2026-03-15T16:57:06.176+0000] {subprocess.py:93} INFO - [0m16:57:06  7 of 7 OK created sql table model gold_.fact_sessions .......................... [[32mSELECT 21450[0m in 0.20s]
[2026-03-15T16:57:07.610+0000] {subprocess.py:93} INFO - [0m16:57:07  1 of 7 OK created sql table model gold_.dim_location ........................... [[32mSELECT 769[0m in 3.77s]
[2026-03-15T16:57:10.727+0000] {subprocess.py:93} INFO - [0m16:57:10  5 of 7 OK created sql table model gold_.fact_page_views ........................ [[32mSELECT 1640642[0m in 5.10s]
[2026-03-15T16:57:11.209+0000] {subprocess.py:93} INFO - [0m16:57:11  6 of 7 OK created sql table model gold_.fact_plays ............................. [[32mSELECT 1402332[0m in 5.25s]
[2026-03-15T16:57:11.225+0000] {subprocess.py:93} INFO - [0m16:57:11
[2026-03-15T16:57:11.225+0000] {subprocess.py:93} INFO - [0m16:57:11  Finished running 7 table models in 0 hours 0 minutes and 7.47 seconds (7.47s).
[2026-03-15T16:57:11.239+0000] {subprocess.py:93} INFO - [0m16:57:11
[2026-03-15T16:57:11.239+0000] {subprocess.py:93} INFO - [0m16:57:11  [32mCompleted successfully[0m
[2026-03-15T16:57:11.240+0000] {subprocess.py:93} INFO - [0m16:57:11
[2026-03-15T16:57:11.241+0000] {subprocess.py:93} INFO - [0m16:57:11  Done. PASS=7 WARN=0 ERROR=0 SKIP=0 TOTAL=7
[2026-03-15T16:57:12.955+0000] {subprocess.py:97} INFO - Command exited with return code 0
[2026-03-15T16:57:12.956+0000] {taskinstance.py:441} INFO - ::group::Post task execution logs
[2026-03-15T16:57:12.977+0000] {taskinstance.py:1205} INFO - Marking task as SUCCESS. dag_id=dbt_raw_to_gold, task_id=dbt_run, execution_date=20260315T165600, start_date=20260315T165700, end_date=20260315T165712
[2026-03-15T16:57:13.013+0000] {local_task_job_runner.py:240} INFO - Task exited with return code 0
[2026-03-15T16:57:13.030+0000] {taskinstance.py:3482} INFO - 1 downstream tasks scheduled from follow-on schedule check
[2026-03-15T16:57:13.031+0000] {local_task_job_runner.py:222} INFO - ::endgroup::
